17:45:25 **** Rebuild of configuration Debug for project StarShipPacMan ****
Info: Internal Builder is used for build
g++ "-IF:\\Pacman_Files\\Eclipse_projects\\SDL2" -O0 -g3 -Wall -c -fmessage-length=0 -o Main.o "..\\Main.cpp" 
Cannot run program "g++": Launching failed

Error: Program "g++" not found in PATH
PATH=[D:/Programming/Java Development Kit/Java_Setup/bin/server;D:/Programming/Java Development Kit/Java_Setup/bin;D:/Programming/Java Development Kit/Java_Setup/lib/amd64;C:\ProgramData\Oracle\Java\javapath;C:\WINDOWS\system32;C:\WINDOWS;C:\WINDOWS\System32\Wbem;C:\WINDOWS\System32\WindowsPowerShell\v1.0\;C:\Program Files (x86)\GtkSharp\2.12\bin;C:\Program Files\Microsoft SQL Server\130\Tools\Binn\;C:\Program Files (x86)\Skype\Phone\;C:\Users\Matt_\AppData\Local\Microsoft\WindowsApps;;C:\Users\Matt_\Desktop;]

17:46:53 **** Incremental Build of configuration Debug for project StarShipPacMan ****
Info: Internal Builder is used for build
g++ "-IF:\\Pacman_Files\\Eclipse_projects\\SDL2" -O0 -g3 -Wall -c -fmessage-length=0 -o SFAsset.o "..\\SFAsset.cpp" 
Cannot run program "g++": Launching failed

Error: Program "g++" not found in PATH
PATH=[D:/Programming/Java Development Kit/Java_Setup/bin/server;D:/Programming/Java Development Kit/Java_Setup/bin;D:/Programming/Java Development Kit/Java_Setup/lib/amd64;C:\ProgramData\Oracle\Java\javapath;C:\WINDOWS\system32;C:\WINDOWS;C:\WINDOWS\System32\Wbem;C:\WINDOWS\System32\WindowsPowerShell\v1.0\;C:\Program Files (x86)\GtkSharp\2.12\bin;C:\Program Files\Microsoft SQL Server\130\Tools\Binn\;C:\Program Files (x86)\Skype\Phone\;C:\Users\Matt_\AppData\Local\Microsoft\WindowsApps;;C:\Users\Matt_\Desktop;]

17:48:41 **** Incremental Build of configuration Debug for project StarShipPacMan ****
Info: Internal Builder is used for build
g++ "-IF:\\Pacman_Files\\Eclipse_projects\\SDL2" -O0 -g3 -Wall -c -fmessage-length=0 -o SFAsset.o "..\\SFAsset.cpp" 
Cannot run program "g++": Launching failed

Error: Program "g++" not found in PATH
PATH=[D:/Programming/Java Development Kit/Java_Setup/bin/server;D:/Programming/Java Development Kit/Java_Setup/bin;D:/Programming/Java Development Kit/Java_Setup/lib/amd64;C:\ProgramData\Oracle\Java\javapath;C:\WINDOWS\system32;C:\WINDOWS;C:\WINDOWS\System32\Wbem;C:\WINDOWS\System32\WindowsPowerShell\v1.0\;C:\Program Files (x86)\GtkSharp\2.12\bin;C:\Program Files\Microsoft SQL Server\130\Tools\Binn\;C:\Program Files (x86)\Skype\Phone\;C:\Users\Matt_\AppData\Local\Microsoft\WindowsApps;;C:\Users\Matt_\Desktop;]

17:54:09 **** Build of configuration Release for project StarShipPacMan ****
make all 
Cannot run program "make": Launching failed

Error: Program "make" not found in PATH
PATH=[D:/Programming/Java Development Kit/Java_Setup/bin/server;D:/Programming/Java Development Kit/Java_Setup/bin;D:/Programming/Java Development Kit/Java_Setup/lib/amd64;C:\ProgramData\Oracle\Java\javapath;C:\WINDOWS\system32;C:\WINDOWS;C:\WINDOWS\System32\Wbem;C:\WINDOWS\System32\WindowsPowerShell\v1.0\;C:\Program Files (x86)\GtkSharp\2.12\bin;C:\Program Files\Microsoft SQL Server\130\Tools\Binn\;C:\Program Files (x86)\Skype\Phone\;C:\Users\Matt_\AppData\Local\Microsoft\WindowsApps;;C:\Users\Matt_\Desktop]
17:54:16 **** Incremental Build of configuration Release for project StarShipPacMan ****
make all 
Cannot run program "make": Launching failed

Error: Program "make" not found in PATH
PATH=[D:/Programming/Java Development Kit/Java_Setup/bin/server;D:/Programming/Java Development Kit/Java_Setup/bin;D:/Programming/Java Development Kit/Java_Setup/lib/amd64;C:\ProgramData\Oracle\Java\javapath;C:\WINDOWS\system32;C:\WINDOWS;C:\WINDOWS\System32\Wbem;C:\WINDOWS\System32\WindowsPowerShell\v1.0\;C:\Program Files (x86)\GtkSharp\2.12\bin;C:\Program Files\Microsoft SQL Server\130\Tools\Binn\;C:\Program Files (x86)\Skype\Phone\;C:\Users\Matt_\AppData\Local\Microsoft\WindowsApps;;C:\Users\Matt_\Desktop]
17:56:32 **** Rebuild of configuration Release for project StarShipPacMan ****
Info: Internal Builder is used for build
g++ -O3 -Wall -c -fmessage-length=0 -o SFWindow.o "..\\SFWindow.cpp" 
In file included from ..\SFWindow.cpp:1:0:
..\SFWindow.h:4:22: fatal error: SDL2/SDL.h: No such file or directory
compilation terminated.
17:58:30 **** Incremental Build of configuration Release for project StarShipPacMan ****
Info: Internal Builder is used for build
g++ "-IF:\\Pacman_Files\\Eclipse_projects\\SDL2\\SDL2.dll" -O3 -Wall -c -fmessage-length=0 -o SFBoundingBox.o "..\\SFBoundingBox.cpp" 
cc1plus.exe: warning: F:\Pacman_Files\Eclipse_projects\SDL2\SDL2.dll: not a directory
In file included from ..\SFBoundingBox.cpp:1:0:
..\SFBoundingBox.h:20:27: error: 'shared_ptr' does not name a type
   bool CollidesWith(const shared_ptr<SFBoundingBox>);
                           ^
..\SFBoundingBox.h:20:37: error: expected ',' or '...' before '<' token
   bool CollidesWith(const shared_ptr<SFBoundingBox>);
                                     ^
..\SFBoundingBox.h:23:3: error: 'shared_ptr' does not name a type
   shared_ptr<Vector2> centre, extent_x, extent_y;
   ^
..\SFBoundingBox.cpp: In constructor 'SFBoundingBox::SFBoundingBox(Vector2, int, int)':
..\SFBoundingBox.cpp:6:3: error: class 'SFBoundingBox' does not have any field named 'centre'
   centre(make_shared<Vector2>(centre)),
   ^
..\SFBoundingBox.cpp:6:10: error: 'make_shared' was not declared in this scope
   centre(make_shared<Vector2>(centre)),
          ^
..\SFBoundingBox.cpp:6:29: error: expected primary-expression before '>' token
   centre(make_shared<Vector2>(centre)),
                             ^
..\SFBoundingBox.cpp:7:3: error: class 'SFBoundingBox' does not have any field named 'extent_x'
   extent_x(make_shared<Vector2>(Vector2((float) width/2.0, 0))),
   ^
..\SFBoundingBox.cpp:7:31: error: expected primary-expression before '>' token
   extent_x(make_shared<Vector2>(Vector2((float) width/2.0, 0))),
                               ^
..\SFBoundingBox.cpp:8:3: error: class 'SFBoundingBox' does not have any field named 'extent_y'
   extent_y(make_shared<Vector2>(Vector2(0, (float) height/2.0))) {
   ^
..\SFBoundingBox.cpp:8:31: error: expected primary-expression before '>' token
   extent_y(make_shared<Vector2>(Vector2(0, (float) height/2.0))) {
                               ^
..\SFBoundingBox.cpp: In destructor 'virtual SFBoundingBox::~SFBoundingBox()':
..\SFBoundingBox.cpp:12:3: error: 'centre' was not declared in this scope
   centre.reset();
   ^
..\SFBoundingBox.cpp:13:3: error: 'extent_x' was not declared in this scope
   extent_x.reset();
   ^
..\SFBoundingBox.cpp:14:3: error: 'extent_y' was not declared in this scope
   extent_y.reset();
   ^
..\SFBoundingBox.cpp: In member function 'void SFBoundingBox::SetCentre(Vector2&)':
..\SFBoundingBox.cpp:18:3: error: 'centre' was not declared in this scope
   centre = make_shared<Vector2>(v);
   ^
..\SFBoundingBox.cpp:18:12: error: 'make_shared' was not declared in this scope
   centre = make_shared<Vector2>(v);
            ^
..\SFBoundingBox.cpp:18:31: error: expected primary-expression before '>' token
   centre = make_shared<Vector2>(v);
                               ^
..\SFBoundingBox.cpp: In member function 'std::pair<float, float> SFBoundingBox::projectOntoAxis(const SFBoundingBox&, AXIS)':
..\SFBoundingBox.cpp:34:23: error: 'const class SFBoundingBox' has no member named 'extent_x'
       Vector2 bx = *b.extent_x;
                       ^
..\SFBoundingBox.cpp:35:44: error: 'const class SFBoundingBox' has no member named 'centre'
       lo  = projection( Point2(Vector2(*(b.centre)) + (bx * -1)), xAxis());
                                            ^
..\SFBoundingBox.cpp:36:44: error: 'const class SFBoundingBox' has no member named 'centre'
       hi  = projection( Point2(Vector2(*(b.centre)) + bx), xAxis());
                                            ^
..\SFBoundingBox.cpp:41:23: error: 'const class SFBoundingBox' has no member named 'extent_y'
       Vector2 by = *b.extent_y;
                       ^
..\SFBoundingBox.cpp:42:44: error: 'const class SFBoundingBox' has no member named 'centre'
       lo  = projection( Point2(Vector2(*(b.centre)) + (by * -1)), yAxis());
                                            ^
..\SFBoundingBox.cpp:43:44: error: 'const class SFBoundingBox' has no member named 'centre'
       hi  = projection( Point2(Vector2(*(b.centre)) + by), yAxis());
                                            ^
..\SFBoundingBox.cpp: At global scope:
..\SFBoundingBox.cpp:51:40: error: 'shared_ptr' does not name a type
 bool SFBoundingBox::CollidesWith(const shared_ptr<SFBoundingBox> b) {
                                        ^
..\SFBoundingBox.cpp:51:50: error: expected ',' or '...' before '<' token
 bool SFBoundingBox::CollidesWith(const shared_ptr<SFBoundingBox> b) {
                                                  ^
..\SFBoundingBox.cpp: In member function 'bool SFBoundingBox::CollidesWith(int)':
..\SFBoundingBox.cpp:54:33: error: 'b' was not declared in this scope
     b_x_proj = projectOntoAxis(*b, X),
                                 ^
..\SFBoundingBox.cpp:57:66: error: 'b_y_proj' was not declared in this scope
   return (straddles(a_x_proj, b_x_proj)) && (straddles(a_y_proj, b_y_proj));
                                                                  ^
..\SFBoundingBox.cpp: In function 'std::ostream& operator<<(std::ostream&, const SFBoundingBox&)':
..\SFBoundingBox.cpp:61:22: error: 'const class SFBoundingBox' has no member named 'centre'
   os << "c:(" << obj.centre->getX() << ", " << obj.centre->getY() << ") w:" << (obj.extent_x->getX()*2) << " h:" << (obj.extent_y->getY()*2);
                      ^
..\SFBoundingBox.cpp:61:52: error: 'const class SFBoundingBox' has no member named 'centre'
   os << "c:(" << obj.centre->getX() << ", " << obj.centre->getY() << ") w:" << (obj.extent_x->getX()*2) << " h:" << (obj.extent_y->getY()*2);
                                                    ^
..\SFBoundingBox.cpp:61:85: error: 'const class SFBoundingBox' has no member named 'extent_x'
   os << "c:(" << obj.centre->getX() << ", " << obj.centre->getY() << ") w:" << (obj.extent_x->getX()*2) << " h:" << (obj.extent_y->getY()*2);
                                                                                     ^
..\SFBoundingBox.cpp:61:122: error: 'const class SFBoundingBox' has no member named 'extent_y'
   os << "c:(" << obj.centre->getX() << ", " << obj.centre->getY() << ") w:" << (obj.extent_x->getX()*2) << " h:" << (obj.extent_y->getY()*2);
                                                                                                                          ^
18:02:11 **** Incremental Build of configuration Release for project StarShipPacMan ****
Info: Internal Builder is used for build
g++ "-IF:\\Pacman_Files\\Eclipse_projects\\SDL2\\SDL2.dll" -O3 -Wall -c -fmessage-length=0 -o Main.o "..\\Main.cpp" 
cc1plus.exe: warning: F:\Pacman_Files\Eclipse_projects\SDL2\SDL2.dll: not a directory
..\Main.cpp:1:53: fatal error: SDL2/SDL.h: No such file or directory
compilation terminated.
18:03:57 **** Incremental Build of configuration Release for project StarShipPacMan ****
Info: Internal Builder is used for build
g++ "-IF:\\Pacman_Files\\Eclipse_projects\\SDL2" -O3 -Wall -c -fmessage-length=0 -o SFBoundingBox.o "..\\SFBoundingBox.cpp" 
In file included from ..\SFBoundingBox.cpp:1:0:
..\SFBoundingBox.h:20:27: error: 'shared_ptr' does not name a type
   bool CollidesWith(const shared_ptr<SFBoundingBox>);
                           ^
..\SFBoundingBox.h:20:37: error: expected ',' or '...' before '<' token
   bool CollidesWith(const shared_ptr<SFBoundingBox>);
                                     ^
..\SFBoundingBox.h:23:3: error: 'shared_ptr' does not name a type
   shared_ptr<Vector2> centre, extent_x, extent_y;
   ^
..\SFBoundingBox.cpp: In constructor 'SFBoundingBox::SFBoundingBox(Vector2, int, int)':
..\SFBoundingBox.cpp:6:3: error: class 'SFBoundingBox' does not have any field named 'centre'
   centre(make_shared<Vector2>(centre)),
   ^
..\SFBoundingBox.cpp:6:10: error: 'make_shared' was not declared in this scope
   centre(make_shared<Vector2>(centre)),
          ^
..\SFBoundingBox.cpp:6:29: error: expected primary-expression before '>' token
   centre(make_shared<Vector2>(centre)),
                             ^
..\SFBoundingBox.cpp:7:3: error: class 'SFBoundingBox' does not have any field named 'extent_x'
   extent_x(make_shared<Vector2>(Vector2((float) width/2.0, 0))),
   ^
..\SFBoundingBox.cpp:7:31: error: expected primary-expression before '>' token
   extent_x(make_shared<Vector2>(Vector2((float) width/2.0, 0))),
                               ^
..\SFBoundingBox.cpp:8:3: error: class 'SFBoundingBox' does not have any field named 'extent_y'
   extent_y(make_shared<Vector2>(Vector2(0, (float) height/2.0))) {
   ^
..\SFBoundingBox.cpp:8:31: error: expected primary-expression before '>' token
   extent_y(make_shared<Vector2>(Vector2(0, (float) height/2.0))) {
                               ^
..\SFBoundingBox.cpp: In destructor 'virtual SFBoundingBox::~SFBoundingBox()':
..\SFBoundingBox.cpp:12:3: error: 'centre' was not declared in this scope
   centre.reset();
   ^
..\SFBoundingBox.cpp:13:3: error: 'extent_x' was not declared in this scope
   extent_x.reset();
   ^
..\SFBoundingBox.cpp:14:3: error: 'extent_y' was not declared in this scope
   extent_y.reset();
   ^
..\SFBoundingBox.cpp: In member function 'void SFBoundingBox::SetCentre(Vector2&)':
..\SFBoundingBox.cpp:18:3: error: 'centre' was not declared in this scope
   centre = make_shared<Vector2>(v);
   ^
..\SFBoundingBox.cpp:18:12: error: 'make_shared' was not declared in this scope
   centre = make_shared<Vector2>(v);
            ^
..\SFBoundingBox.cpp:18:31: error: expected primary-expression before '>' token
   centre = make_shared<Vector2>(v);
                               ^
..\SFBoundingBox.cpp: In member function 'std::pair<float, float> SFBoundingBox::projectOntoAxis(const SFBoundingBox&, AXIS)':
..\SFBoundingBox.cpp:34:23: error: 'const class SFBoundingBox' has no member named 'extent_x'
       Vector2 bx = *b.extent_x;
                       ^
..\SFBoundingBox.cpp:35:44: error: 'const class SFBoundingBox' has no member named 'centre'
       lo  = projection( Point2(Vector2(*(b.centre)) + (bx * -1)), xAxis());
                                            ^
..\SFBoundingBox.cpp:36:44: error: 'const class SFBoundingBox' has no member named 'centre'
       hi  = projection( Point2(Vector2(*(b.centre)) + bx), xAxis());
                                            ^
..\SFBoundingBox.cpp:41:23: error: 'const class SFBoundingBox' has no member named 'extent_y'
       Vector2 by = *b.extent_y;
                       ^
..\SFBoundingBox.cpp:42:44: error: 'const class SFBoundingBox' has no member named 'centre'
       lo  = projection( Point2(Vector2(*(b.centre)) + (by * -1)), yAxis());
                                            ^
..\SFBoundingBox.cpp:43:44: error: 'const class SFBoundingBox' has no member named 'centre'
       hi  = projection( Point2(Vector2(*(b.centre)) + by), yAxis());
                                            ^
..\SFBoundingBox.cpp: At global scope:
..\SFBoundingBox.cpp:51:40: error: 'shared_ptr' does not name a type
 bool SFBoundingBox::CollidesWith(const shared_ptr<SFBoundingBox> b) {
                                        ^
..\SFBoundingBox.cpp:51:50: error: expected ',' or '...' before '<' token
 bool SFBoundingBox::CollidesWith(const shared_ptr<SFBoundingBox> b) {
                                                  ^
..\SFBoundingBox.cpp: In member function 'bool SFBoundingBox::CollidesWith(int)':
..\SFBoundingBox.cpp:54:33: error: 'b' was not declared in this scope
     b_x_proj = projectOntoAxis(*b, X),
                                 ^
..\SFBoundingBox.cpp:57:66: error: 'b_y_proj' was not declared in this scope
   return (straddles(a_x_proj, b_x_proj)) && (straddles(a_y_proj, b_y_proj));
                                                                  ^
..\SFBoundingBox.cpp: In function 'std::ostream& operator<<(std::ostream&, const SFBoundingBox&)':
..\SFBoundingBox.cpp:61:22: error: 'const class SFBoundingBox' has no member named 'centre'
   os << "c:(" << obj.centre->getX() << ", " << obj.centre->getY() << ") w:" << (obj.extent_x->getX()*2) << " h:" << (obj.extent_y->getY()*2);
                      ^
..\SFBoundingBox.cpp:61:52: error: 'const class SFBoundingBox' has no member named 'centre'
   os << "c:(" << obj.centre->getX() << ", " << obj.centre->getY() << ") w:" << (obj.extent_x->getX()*2) << " h:" << (obj.extent_y->getY()*2);
                                                    ^
..\SFBoundingBox.cpp:61:85: error: 'const class SFBoundingBox' has no member named 'extent_x'
   os << "c:(" << obj.centre->getX() << ", " << obj.centre->getY() << ") w:" << (obj.extent_x->getX()*2) << " h:" << (obj.extent_y->getY()*2);
                                                                                     ^
..\SFBoundingBox.cpp:61:122: error: 'const class SFBoundingBox' has no member named 'extent_y'
   os << "c:(" << obj.centre->getX() << ", " << obj.centre->getY() << ") w:" << (obj.extent_x->getX()*2) << " h:" << (obj.extent_y->getY()*2);
                                                                                                                          ^
18:07:02 **** Incremental Build of configuration Release for project StarShipPacMan ****
Info: Internal Builder is used for build
g++ "-IF:\\Pacman_Files\\Eclipse_projects\\SDL2" -O3 -Wall -c -fmessage-length=0 -o Main.o "..\\Main.cpp" 
..\Main.cpp:1:53: fatal error: SDL2/SDL.h: No such file or directory
compilation terminated.
18:07:13 **** Incremental Build of configuration Release for project StarShipPacMan ****
Info: Internal Builder is used for build
g++ "-IF:\\Pacman_Files\\Eclipse_projects\\SDL2" -O3 -Wall -c -fmessage-length=0 -o Main.o "..\\Main.cpp" 
..\Main.cpp:1:53: fatal error: SDL2/SDL.h: No such file or directory
compilation terminated.
18:08:44 **** Incremental Build of configuration Release for project StarShipPacMan ****
Info: Internal Builder is used for build
g++ "-IF:\\Pacman_Files\\Eclipse_projects\\SDL2" -O3 -Wall -c -fmessage-length=0 -o SFEvent.o "..\\SFEvent.cpp" 
In file included from ..\SFEvent.cpp:1:0:
..\SFEvent.h:4:22: fatal error: SDL2/SDL.h: No such file or directory
compilation terminated.
18:09:55 **** Incremental Build of configuration Release for project StarShipPacMan ****
Info: Internal Builder is used for build
g++ "-IC:\\Users\\Matt_\\Desktop\\SDL2" -O3 -Wall -c -fmessage-length=0 -o SFBoundingBox.o "..\\SFBoundingBox.cpp" 
In file included from ..\SFBoundingBox.cpp:1:0:
..\SFBoundingBox.h:20:27: error: 'shared_ptr' does not name a type
   bool CollidesWith(const shared_ptr<SFBoundingBox>);
                           ^
..\SFBoundingBox.h:20:37: error: expected ',' or '...' before '<' token
   bool CollidesWith(const shared_ptr<SFBoundingBox>);
                                     ^
..\SFBoundingBox.h:23:3: error: 'shared_ptr' does not name a type
   shared_ptr<Vector2> centre, extent_x, extent_y;
   ^
..\SFBoundingBox.cpp: In constructor 'SFBoundingBox::SFBoundingBox(Vector2, int, int)':
..\SFBoundingBox.cpp:6:3: error: class 'SFBoundingBox' does not have any field named 'centre'
   centre(make_shared<Vector2>(centre)),
   ^
..\SFBoundingBox.cpp:6:10: error: 'make_shared' was not declared in this scope
   centre(make_shared<Vector2>(centre)),
          ^
..\SFBoundingBox.cpp:6:29: error: expected primary-expression before '>' token
   centre(make_shared<Vector2>(centre)),
                             ^
..\SFBoundingBox.cpp:7:3: error: class 'SFBoundingBox' does not have any field named 'extent_x'
   extent_x(make_shared<Vector2>(Vector2((float) width/2.0, 0))),
   ^
..\SFBoundingBox.cpp:7:31: error: expected primary-expression before '>' token
   extent_x(make_shared<Vector2>(Vector2((float) width/2.0, 0))),
                               ^
..\SFBoundingBox.cpp:8:3: error: class 'SFBoundingBox' does not have any field named 'extent_y'
   extent_y(make_shared<Vector2>(Vector2(0, (float) height/2.0))) {
   ^
..\SFBoundingBox.cpp:8:31: error: expected primary-expression before '>' token
   extent_y(make_shared<Vector2>(Vector2(0, (float) height/2.0))) {
                               ^
..\SFBoundingBox.cpp: In destructor 'virtual SFBoundingBox::~SFBoundingBox()':
..\SFBoundingBox.cpp:12:3: error: 'centre' was not declared in this scope
   centre.reset();
   ^
..\SFBoundingBox.cpp:13:3: error: 'extent_x' was not declared in this scope
   extent_x.reset();
   ^
..\SFBoundingBox.cpp:14:3: error: 'extent_y' was not declared in this scope
   extent_y.reset();
   ^
..\SFBoundingBox.cpp: In member function 'void SFBoundingBox::SetCentre(Vector2&)':
..\SFBoundingBox.cpp:18:3: error: 'centre' was not declared in this scope
   centre = make_shared<Vector2>(v);
   ^
..\SFBoundingBox.cpp:18:12: error: 'make_shared' was not declared in this scope
   centre = make_shared<Vector2>(v);
            ^
..\SFBoundingBox.cpp:18:31: error: expected primary-expression before '>' token
   centre = make_shared<Vector2>(v);
                               ^
..\SFBoundingBox.cpp: In member function 'std::pair<float, float> SFBoundingBox::projectOntoAxis(const SFBoundingBox&, AXIS)':
..\SFBoundingBox.cpp:34:23: error: 'const class SFBoundingBox' has no member named 'extent_x'
       Vector2 bx = *b.extent_x;
                       ^
..\SFBoundingBox.cpp:35:44: error: 'const class SFBoundingBox' has no member named 'centre'
       lo  = projection( Point2(Vector2(*(b.centre)) + (bx * -1)), xAxis());
                                            ^
..\SFBoundingBox.cpp:36:44: error: 'const class SFBoundingBox' has no member named 'centre'
       hi  = projection( Point2(Vector2(*(b.centre)) + bx), xAxis());
                                            ^
..\SFBoundingBox.cpp:41:23: error: 'const class SFBoundingBox' has no member named 'extent_y'
       Vector2 by = *b.extent_y;
                       ^
..\SFBoundingBox.cpp:42:44: error: 'const class SFBoundingBox' has no member named 'centre'
       lo  = projection( Point2(Vector2(*(b.centre)) + (by * -1)), yAxis());
                                            ^
..\SFBoundingBox.cpp:43:44: error: 'const class SFBoundingBox' has no member named 'centre'
       hi  = projection( Point2(Vector2(*(b.centre)) + by), yAxis());
                                            ^
..\SFBoundingBox.cpp: At global scope:
..\SFBoundingBox.cpp:51:40: error: 'shared_ptr' does not name a type
 bool SFBoundingBox::CollidesWith(const shared_ptr<SFBoundingBox> b) {
                                        ^
..\SFBoundingBox.cpp:51:50: error: expected ',' or '...' before '<' token
 bool SFBoundingBox::CollidesWith(const shared_ptr<SFBoundingBox> b) {
                                                  ^
..\SFBoundingBox.cpp: In member function 'bool SFBoundingBox::CollidesWith(int)':
..\SFBoundingBox.cpp:54:33: error: 'b' was not declared in this scope
     b_x_proj = projectOntoAxis(*b, X),
                                 ^
..\SFBoundingBox.cpp:57:66: error: 'b_y_proj' was not declared in this scope
   return (straddles(a_x_proj, b_x_proj)) && (straddles(a_y_proj, b_y_proj));
                                                                  ^
..\SFBoundingBox.cpp: In function 'std::ostream& operator<<(std::ostream&, const SFBoundingBox&)':
..\SFBoundingBox.cpp:61:22: error: 'const class SFBoundingBox' has no member named 'centre'
   os << "c:(" << obj.centre->getX() << ", " << obj.centre->getY() << ") w:" << (obj.extent_x->getX()*2) << " h:" << (obj.extent_y->getY()*2);
                      ^
..\SFBoundingBox.cpp:61:52: error: 'const class SFBoundingBox' has no member named 'centre'
   os << "c:(" << obj.centre->getX() << ", " << obj.centre->getY() << ") w:" << (obj.extent_x->getX()*2) << " h:" << (obj.extent_y->getY()*2);
                                                    ^
..\SFBoundingBox.cpp:61:85: error: 'const class SFBoundingBox' has no member named 'extent_x'
   os << "c:(" << obj.centre->getX() << ", " << obj.centre->getY() << ") w:" << (obj.extent_x->getX()*2) << " h:" << (obj.extent_y->getY()*2);
                                                                                     ^
..\SFBoundingBox.cpp:61:122: error: 'const class SFBoundingBox' has no member named 'extent_y'
   os << "c:(" << obj.centre->getX() << ", " << obj.centre->getY() << ") w:" << (obj.extent_x->getX()*2) << " h:" << (obj.extent_y->getY()*2);
                                                                                                                          ^
18:13:04 **** Incremental Build of configuration Release for project StarShipPacMan ****
Info: Internal Builder is used for build
g++ "-IF:\\Pacman_Files\\Eclipse_projects\\StarShipPacMan\\SDL2" -O3 -Wall -c -fmessage-length=0 -o SFApp.o "..\\SFApp.cpp" 
In file included from ..\SFApp.h:12:0,
                 from ..\SFApp.cpp:1:
..\SFEvent.h:4:22: fatal error: SDL2/SDL.h: No such file or directory
compilation terminated.
18:15:23 **** Incremental Build of configuration Release for project StarShipPacMan ****
Info: Internal Builder is used for build
g++ -O3 -Wall -c -fmessage-length=0 -o SFBoundingBox.o "..\\SFBoundingBox.cpp" 
In file included from ..\SFBoundingBox.cpp:1:0:
..\SFBoundingBox.h:20:27: error: 'shared_ptr' does not name a type
   bool CollidesWith(const shared_ptr<SFBoundingBox>);
                           ^
..\SFBoundingBox.h:20:37: error: expected ',' or '...' before '<' token
   bool CollidesWith(const shared_ptr<SFBoundingBox>);
                                     ^
..\SFBoundingBox.h:23:3: error: 'shared_ptr' does not name a type
   shared_ptr<Vector2> centre, extent_x, extent_y;
   ^
..\SFBoundingBox.cpp: In constructor 'SFBoundingBox::SFBoundingBox(Vector2, int, int)':
..\SFBoundingBox.cpp:6:3: error: class 'SFBoundingBox' does not have any field named 'centre'
   centre(make_shared<Vector2>(centre)),
   ^
..\SFBoundingBox.cpp:6:10: error: 'make_shared' was not declared in this scope
   centre(make_shared<Vector2>(centre)),
          ^
..\SFBoundingBox.cpp:6:29: error: expected primary-expression before '>' token
   centre(make_shared<Vector2>(centre)),
                             ^
..\SFBoundingBox.cpp:7:3: error: class 'SFBoundingBox' does not have any field named 'extent_x'
   extent_x(make_shared<Vector2>(Vector2((float) width/2.0, 0))),
   ^
..\SFBoundingBox.cpp:7:31: error: expected primary-expression before '>' token
   extent_x(make_shared<Vector2>(Vector2((float) width/2.0, 0))),
                               ^
..\SFBoundingBox.cpp:8:3: error: class 'SFBoundingBox' does not have any field named 'extent_y'
   extent_y(make_shared<Vector2>(Vector2(0, (float) height/2.0))) {
   ^
..\SFBoundingBox.cpp:8:31: error: expected primary-expression before '>' token
   extent_y(make_shared<Vector2>(Vector2(0, (float) height/2.0))) {
                               ^
..\SFBoundingBox.cpp: In destructor 'virtual SFBoundingBox::~SFBoundingBox()':
..\SFBoundingBox.cpp:12:3: error: 'centre' was not declared in this scope
   centre.reset();
   ^
..\SFBoundingBox.cpp:13:3: error: 'extent_x' was not declared in this scope
   extent_x.reset();
   ^
..\SFBoundingBox.cpp:14:3: error: 'extent_y' was not declared in this scope
   extent_y.reset();
   ^
..\SFBoundingBox.cpp: In member function 'void SFBoundingBox::SetCentre(Vector2&)':
..\SFBoundingBox.cpp:18:3: error: 'centre' was not declared in this scope
   centre = make_shared<Vector2>(v);
   ^
..\SFBoundingBox.cpp:18:12: error: 'make_shared' was not declared in this scope
   centre = make_shared<Vector2>(v);
            ^
..\SFBoundingBox.cpp:18:31: error: expected primary-expression before '>' token
   centre = make_shared<Vector2>(v);
                               ^
..\SFBoundingBox.cpp: In member function 'std::pair<float, float> SFBoundingBox::projectOntoAxis(const SFBoundingBox&, AXIS)':
..\SFBoundingBox.cpp:34:23: error: 'const class SFBoundingBox' has no member named 'extent_x'
       Vector2 bx = *b.extent_x;
                       ^
..\SFBoundingBox.cpp:35:44: error: 'const class SFBoundingBox' has no member named 'centre'
       lo  = projection( Point2(Vector2(*(b.centre)) + (bx * -1)), xAxis());
                                            ^
..\SFBoundingBox.cpp:36:44: error: 'const class SFBoundingBox' has no member named 'centre'
       hi  = projection( Point2(Vector2(*(b.centre)) + bx), xAxis());
                                            ^
..\SFBoundingBox.cpp:41:23: error: 'const class SFBoundingBox' has no member named 'extent_y'
       Vector2 by = *b.extent_y;
                       ^
..\SFBoundingBox.cpp:42:44: error: 'const class SFBoundingBox' has no member named 'centre'
       lo  = projection( Point2(Vector2(*(b.centre)) + (by * -1)), yAxis());
                                            ^
..\SFBoundingBox.cpp:43:44: error: 'const class SFBoundingBox' has no member named 'centre'
       hi  = projection( Point2(Vector2(*(b.centre)) + by), yAxis());
                                            ^
..\SFBoundingBox.cpp: At global scope:
..\SFBoundingBox.cpp:51:40: error: 'shared_ptr' does not name a type
 bool SFBoundingBox::CollidesWith(const shared_ptr<SFBoundingBox> b) {
                                        ^
..\SFBoundingBox.cpp:51:50: error: expected ',' or '...' before '<' token
 bool SFBoundingBox::CollidesWith(const shared_ptr<SFBoundingBox> b) {
                                                  ^
..\SFBoundingBox.cpp: In member function 'bool SFBoundingBox::CollidesWith(int)':
..\SFBoundingBox.cpp:54:33: error: 'b' was not declared in this scope
     b_x_proj = projectOntoAxis(*b, X),
                                 ^
..\SFBoundingBox.cpp:57:66: error: 'b_y_proj' was not declared in this scope
   return (straddles(a_x_proj, b_x_proj)) && (straddles(a_y_proj, b_y_proj));
                                                                  ^
..\SFBoundingBox.cpp: In function 'std::ostream& operator<<(std::ostream&, const SFBoundingBox&)':
..\SFBoundingBox.cpp:61:22: error: 'const class SFBoundingBox' has no member named 'centre'
   os << "c:(" << obj.centre->getX() << ", " << obj.centre->getY() << ") w:" << (obj.extent_x->getX()*2) << " h:" << (obj.extent_y->getY()*2);
                      ^
..\SFBoundingBox.cpp:61:52: error: 'const class SFBoundingBox' has no member named 'centre'
   os << "c:(" << obj.centre->getX() << ", " << obj.centre->getY() << ") w:" << (obj.extent_x->getX()*2) << " h:" << (obj.extent_y->getY()*2);
                                                    ^
..\SFBoundingBox.cpp:61:85: error: 'const class SFBoundingBox' has no member named 'extent_x'
   os << "c:(" << obj.centre->getX() << ", " << obj.centre->getY() << ") w:" << (obj.extent_x->getX()*2) << " h:" << (obj.extent_y->getY()*2);
                                                                                     ^
..\SFBoundingBox.cpp:61:122: error: 'const class SFBoundingBox' has no member named 'extent_y'
   os << "c:(" << obj.centre->getX() << ", " << obj.centre->getY() << ") w:" << (obj.extent_x->getX()*2) << " h:" << (obj.extent_y->getY()*2);
                                                                                                                          ^
18:16:01 **** Incremental Build of configuration Release for project StarShipPacMan ****
Info: Internal Builder is used for build
g++ -O3 -Wall -c -fmessage-length=0 -o SFEvent.o "..\\SFEvent.cpp" 
In file included from ..\SFEvent.cpp:1:0:
..\SFEvent.h:4:22: fatal error: SDL2/SDL.h: No such file or directory
compilation terminated.
18:16:07 **** Incremental Build of configuration Release for project StarShipPacMan ****
Info: Internal Builder is used for build
g++ -O3 -Wall -c -fmessage-length=0 -o SFEvent.o "..\\SFEvent.cpp" 
In file included from ..\SFEvent.cpp:1:0:
..\SFEvent.h:4:22: fatal error: SDL2/SDL.h: No such file or directory
compilation terminated.
18:18:04 **** Incremental Build of configuration Release for project StarShipPacMan ****
Info: Internal Builder is used for build
g++ -O3 -Wall -c -fmessage-length=0 -o SFAsset.o "..\\SFAsset.cpp" 
In file included from ..\SFAsset.cpp:1:0:
..\SFAsset.h:8:22: fatal error: SDL2/SDL.h: No such file or directory
compilation terminated.
18:18:25 **** Incremental Build of configuration Release for project StarShipPacMan ****
Info: Internal Builder is used for build
g++ -O3 -Wall -c -fmessage-length=0 -o SFEvent.o "..\\SFEvent.cpp" 
In file included from ..\SFEvent.cpp:1:0:
..\SFEvent.h:4:22: fatal error: SDL2/SDL.h: No such file or directory
compilation terminated.
18:19:35 **** Incremental Build of configuration Release for project StarShipPacMan ****
Info: Internal Builder is used for build
g++ -O3 -Wall -c -fmessage-length=0 -o Main.o "..\\Main.cpp" 
..\Main.cpp:1:53: fatal error: SDL2/SDL.h: No such file or directory
compilation terminated.
18:19:55 **** Incremental Build of configuration Release for project StarShipPacMan ****
Info: Internal Builder is used for build
g++ -O3 -Wall -c -fmessage-length=0 -o Main.o "..\\Main.cpp" 
..\Main.cpp:1:61: fatal error: SDL2/include/SDL.h: No such file or directory
compilation terminated.
18:20:26 **** Incremental Build of configuration Release for project StarShipPacMan ****
Info: Internal Builder is used for build
g++ -O3 -Wall -c -fmessage-length=0 -o SFEvent.o "..\\SFEvent.cpp" 
In file included from ..\SFEvent.cpp:1:0:
..\SFEvent.h:4:22: fatal error: SDL2/SDL.h: No such file or directory
compilation terminated.
18:27:58 **** Incremental Build of configuration Release for project StarShipPacMan ****
Info: Internal Builder is used for build
g++ -O3 -Wall -c -fmessage-length=0 -o SFApp.o "..\\SFApp.cpp" 
In file included from ..\SFApp.h:13:0,
                 from ..\SFApp.cpp:1:
..\SFAsset.h:9:28: fatal error: SDL2/SDL_image.h: No such file or directory
compilation terminated.
18:28:36 **** Incremental Build of configuration Release for project StarShipPacMan ****
Info: Internal Builder is used for build
g++ -O3 -Wall -c -fmessage-length=0 -o SFEvent.o "..\\SFEvent.cpp" 
g++ -O3 -Wall -c -fmessage-length=0 -o SFWindow.o "..\\SFWindow.cpp" 
g++ -O3 -Wall -c -fmessage-length=0 -o SFAsset.o "..\\SFAsset.cpp" 
In file included from ..\SFAsset.cpp:1:0:
..\SFAsset.h:9:28: fatal error: SDL2/SDL_image.h: No such file or directory
compilation terminated.
18:29:03 **** Incremental Build of configuration Release for project StarShipPacMan ****
Info: Internal Builder is used for build
g++ -O3 -Wall -c -fmessage-length=0 -o SFAsset.o "..\\SFAsset.cpp" 
In file included from ..\SFAsset.cpp:1:0:
..\SFAsset.h:9:29: fatal error: SDL2/SDL2_image.h: No such file or directory
compilation terminated.
18:29:42 **** Incremental Build of configuration Release for project StarShipPacMan ****
Info: Internal Builder is used for build
g++ -O3 -Wall -c -fmessage-length=0 -o SFAsset.o "..\\SFAsset.cpp" 
In file included from ..\SFAsset.cpp:1:0:
..\SFAsset.h:9:28: fatal error: SDL2/SDL_image.h: No such file or directory
compilation terminated.
18:30:27 **** Incremental Build of configuration Release for project StarShipPacMan ****
Info: Internal Builder is used for build
g++ -O3 -Wall -c -fmessage-length=0 -o Main.o "..\\Main.cpp" 
In file included from ..\SFApp.h:13:0,
                 from ..\Main.cpp:7:
..\SFAsset.h:9:28: fatal error: SDL2/SDL_image.h: No such file or directory
compilation terminated.
18:30:49 **** Incremental Build of configuration Release for project StarShipPacMan ****
Info: Internal Builder is used for build
g++ -O3 -Wall -c -fmessage-length=0 -o SFBoundingBox.o "..\\SFBoundingBox.cpp" 
In file included from ..\SFBoundingBox.cpp:1:0:
..\SFBoundingBox.h:20:27: error: 'shared_ptr' does not name a type
   bool CollidesWith(const shared_ptr<SFBoundingBox>);
                           ^
..\SFBoundingBox.h:20:37: error: expected ',' or '...' before '<' token
   bool CollidesWith(const shared_ptr<SFBoundingBox>);
                                     ^
..\SFBoundingBox.h:23:3: error: 'shared_ptr' does not name a type
   shared_ptr<Vector2> centre, extent_x, extent_y;
   ^
..\SFBoundingBox.cpp: In constructor 'SFBoundingBox::SFBoundingBox(Vector2, int, int)':
..\SFBoundingBox.cpp:6:3: error: class 'SFBoundingBox' does not have any field named 'centre'
   centre(make_shared<Vector2>(centre)),
   ^
..\SFBoundingBox.cpp:6:10: error: 'make_shared' was not declared in this scope
   centre(make_shared<Vector2>(centre)),
          ^
..\SFBoundingBox.cpp:6:29: error: expected primary-expression before '>' token
   centre(make_shared<Vector2>(centre)),
                             ^
..\SFBoundingBox.cpp:7:3: error: class 'SFBoundingBox' does not have any field named 'extent_x'
   extent_x(make_shared<Vector2>(Vector2((float) width/2.0, 0))),
   ^
..\SFBoundingBox.cpp:7:31: error: expected primary-expression before '>' token
   extent_x(make_shared<Vector2>(Vector2((float) width/2.0, 0))),
                               ^
..\SFBoundingBox.cpp:8:3: error: class 'SFBoundingBox' does not have any field named 'extent_y'
   extent_y(make_shared<Vector2>(Vector2(0, (float) height/2.0))) {
   ^
..\SFBoundingBox.cpp:8:31: error: expected primary-expression before '>' token
   extent_y(make_shared<Vector2>(Vector2(0, (float) height/2.0))) {
                               ^
..\SFBoundingBox.cpp: In destructor 'virtual SFBoundingBox::~SFBoundingBox()':
..\SFBoundingBox.cpp:12:3: error: 'centre' was not declared in this scope
   centre.reset();
   ^
..\SFBoundingBox.cpp:13:3: error: 'extent_x' was not declared in this scope
   extent_x.reset();
   ^
..\SFBoundingBox.cpp:14:3: error: 'extent_y' was not declared in this scope
   extent_y.reset();
   ^
..\SFBoundingBox.cpp: In member function 'void SFBoundingBox::SetCentre(Vector2&)':
..\SFBoundingBox.cpp:18:3: error: 'centre' was not declared in this scope
   centre = make_shared<Vector2>(v);
   ^
..\SFBoundingBox.cpp:18:12: error: 'make_shared' was not declared in this scope
   centre = make_shared<Vector2>(v);
            ^
..\SFBoundingBox.cpp:18:31: error: expected primary-expression before '>' token
   centre = make_shared<Vector2>(v);
                               ^
..\SFBoundingBox.cpp: In member function 'std::pair<float, float> SFBoundingBox::projectOntoAxis(const SFBoundingBox&, AXIS)':
..\SFBoundingBox.cpp:34:23: error: 'const class SFBoundingBox' has no member named 'extent_x'
       Vector2 bx = *b.extent_x;
                       ^
..\SFBoundingBox.cpp:35:44: error: 'const class SFBoundingBox' has no member named 'centre'
       lo  = projection( Point2(Vector2(*(b.centre)) + (bx * -1)), xAxis());
                                            ^
..\SFBoundingBox.cpp:36:44: error: 'const class SFBoundingBox' has no member named 'centre'
       hi  = projection( Point2(Vector2(*(b.centre)) + bx), xAxis());
                                            ^
..\SFBoundingBox.cpp:41:23: error: 'const class SFBoundingBox' has no member named 'extent_y'
       Vector2 by = *b.extent_y;
                       ^
..\SFBoundingBox.cpp:42:44: error: 'const class SFBoundingBox' has no member named 'centre'
       lo  = projection( Point2(Vector2(*(b.centre)) + (by * -1)), yAxis());
                                            ^
..\SFBoundingBox.cpp:43:44: error: 'const class SFBoundingBox' has no member named 'centre'
       hi  = projection( Point2(Vector2(*(b.centre)) + by), yAxis());
                                            ^
..\SFBoundingBox.cpp: At global scope:
..\SFBoundingBox.cpp:51:40: error: 'shared_ptr' does not name a type
 bool SFBoundingBox::CollidesWith(const shared_ptr<SFBoundingBox> b) {
                                        ^
..\SFBoundingBox.cpp:51:50: error: expected ',' or '...' before '<' token
 bool SFBoundingBox::CollidesWith(const shared_ptr<SFBoundingBox> b) {
                                                  ^
..\SFBoundingBox.cpp: In member function 'bool SFBoundingBox::CollidesWith(int)':
..\SFBoundingBox.cpp:54:33: error: 'b' was not declared in this scope
     b_x_proj = projectOntoAxis(*b, X),
                                 ^
..\SFBoundingBox.cpp:57:66: error: 'b_y_proj' was not declared in this scope
   return (straddles(a_x_proj, b_x_proj)) && (straddles(a_y_proj, b_y_proj));
                                                                  ^
..\SFBoundingBox.cpp: In function 'std::ostream& operator<<(std::ostream&, const SFBoundingBox&)':
..\SFBoundingBox.cpp:61:22: error: 'const class SFBoundingBox' has no member named 'centre'
   os << "c:(" << obj.centre->getX() << ", " << obj.centre->getY() << ") w:" << (obj.extent_x->getX()*2) << " h:" << (obj.extent_y->getY()*2);
                      ^
..\SFBoundingBox.cpp:61:52: error: 'const class SFBoundingBox' has no member named 'centre'
   os << "c:(" << obj.centre->getX() << ", " << obj.centre->getY() << ") w:" << (obj.extent_x->getX()*2) << " h:" << (obj.extent_y->getY()*2);
                                                    ^
..\SFBoundingBox.cpp:61:85: error: 'const class SFBoundingBox' has no member named 'extent_x'
   os << "c:(" << obj.centre->getX() << ", " << obj.centre->getY() << ") w:" << (obj.extent_x->getX()*2) << " h:" << (obj.extent_y->getY()*2);
                                                                                     ^
..\SFBoundingBox.cpp:61:122: error: 'const class SFBoundingBox' has no member named 'extent_y'
   os << "c:(" << obj.centre->getX() << ", " << obj.centre->getY() << ") w:" << (obj.extent_x->getX()*2) << " h:" << (obj.extent_y->getY()*2);
                                                                                                                          ^
18:31:23 **** Incremental Build of configuration Release for project StarShipPacMan ****
Info: Internal Builder is used for build
g++ -O3 -Wall -c -fmessage-length=0 -o SFAsset.o "..\\SFAsset.cpp" 
In file included from ..\SFAsset.cpp:1:0:
..\SFAsset.h:9:28: fatal error: SDL2/SDL_image.h: No such file or directory
compilation terminated.
18:31:52 **** Incremental Build of configuration Release for project StarShipPacMan ****
Info: Internal Builder is used for build
g++ -O3 -Wall -c -fmessage-length=0 -o SFApp.o "..\\SFApp.cpp" 
In file included from ..\SFApp.h:13:0,
                 from ..\SFApp.cpp:1:
..\SFAsset.h:9:28: fatal error: SDL2/SDL_image.h: No such file or directory
compilation terminated.
18:33:19 **** Incremental Build of configuration Release for project StarShipPacMan ****
Info: Internal Builder is used for build
g++ -O3 -Wall -c -fmessage-length=0 -o SFApp.o "..\\SFApp.cpp" 
In file included from ..\SFApp.h:13:0,
                 from ..\SFApp.cpp:1:
..\SFAsset.h:9:28: fatal error: SDL2/SDL_image.h: No such file or directory
compilation terminated.
18:33:51 **** Incremental Build of configuration Release for project StarShipPacMan ****
Info: Internal Builder is used for build
g++ -O3 -Wall -c -fmessage-length=0 -o Main.o "..\\Main.cpp" 
In file included from ..\SFApp.h:13:0,
                 from ..\Main.cpp:7:
..\SFAsset.h:9:26: fatal error: SDL2/SDL_image: No such file or directory
compilation terminated.
18:36:40 **** Incremental Build of configuration Release for project StarShipPacMan ****
Info: Internal Builder is used for build
g++ -O3 -Wall -c -fmessage-length=0 -o Main.o "..\\Main.cpp" 
In file included from ..\SFApp.h:13:0,
                 from ..\Main.cpp:7:
..\SFAsset.h:9:26: fatal error: SDL2/SDL_image: No such file or directory
compilation terminated.
18:36:49 **** Incremental Build of configuration Release for project StarShipPacMan ****
Info: Internal Builder is used for build
g++ -O3 -Wall -c -fmessage-length=0 -o Main.o "..\\Main.cpp" 
In file included from ..\SFApp.h:13:0,
                 from ..\Main.cpp:7:
..\SFAsset.h:9:28: fatal error: SDL2/SDL_image.h: No such file or directory
compilation terminated.
18:37:27 **** Incremental Build of configuration Release for project StarShipPacMan ****
Info: Internal Builder is used for build
g++ -O3 -Wall -c -fmessage-length=0 -o SFAsset.o "..\\SFAsset.cpp" 
In file included from ..\SFAsset.cpp:1:0:
..\SFAsset.h:9:28: fatal error: SDL2/SDL_image.h: No such file or directory
compilation terminated.
18:37:41 **** Incremental Build of configuration Release for project StarShipPacMan ****
Info: Internal Builder is used for build
g++ -O3 -Wall -c -fmessage-length=0 -o SFAsset.o "..\\SFAsset.cpp" 
In file included from ..\SFAsset.cpp:1:0:
..\SFAsset.h:9:29: fatal error: SDL2/SDL2_image.h: No such file or directory
compilation terminated.
18:38:19 **** Incremental Build of configuration Release for project StarShipPacMan ****
Info: Internal Builder is used for build
g++ -O3 -Wall -c -fmessage-length=0 -o SFBoundingBox.o "..\\SFBoundingBox.cpp" 
In file included from ..\SFBoundingBox.cpp:1:0:
..\SFBoundingBox.h:20:27: error: 'shared_ptr' does not name a type
   bool CollidesWith(const shared_ptr<SFBoundingBox>);
                           ^
..\SFBoundingBox.h:20:37: error: expected ',' or '...' before '<' token
   bool CollidesWith(const shared_ptr<SFBoundingBox>);
                                     ^
..\SFBoundingBox.h:23:3: error: 'shared_ptr' does not name a type
   shared_ptr<Vector2> centre, extent_x, extent_y;
   ^
..\SFBoundingBox.cpp: In constructor 'SFBoundingBox::SFBoundingBox(Vector2, int, int)':
..\SFBoundingBox.cpp:6:3: error: class 'SFBoundingBox' does not have any field named 'centre'
   centre(make_shared<Vector2>(centre)),
   ^
..\SFBoundingBox.cpp:6:10: error: 'make_shared' was not declared in this scope
   centre(make_shared<Vector2>(centre)),
          ^
..\SFBoundingBox.cpp:6:29: error: expected primary-expression before '>' token
   centre(make_shared<Vector2>(centre)),
                             ^
..\SFBoundingBox.cpp:7:3: error: class 'SFBoundingBox' does not have any field named 'extent_x'
   extent_x(make_shared<Vector2>(Vector2((float) width/2.0, 0))),
   ^
..\SFBoundingBox.cpp:7:31: error: expected primary-expression before '>' token
   extent_x(make_shared<Vector2>(Vector2((float) width/2.0, 0))),
                               ^
..\SFBoundingBox.cpp:8:3: error: class 'SFBoundingBox' does not have any field named 'extent_y'
   extent_y(make_shared<Vector2>(Vector2(0, (float) height/2.0))) {
   ^
..\SFBoundingBox.cpp:8:31: error: expected primary-expression before '>' token
   extent_y(make_shared<Vector2>(Vector2(0, (float) height/2.0))) {
                               ^
..\SFBoundingBox.cpp: In destructor 'virtual SFBoundingBox::~SFBoundingBox()':
..\SFBoundingBox.cpp:12:3: error: 'centre' was not declared in this scope
   centre.reset();
   ^
..\SFBoundingBox.cpp:13:3: error: 'extent_x' was not declared in this scope
   extent_x.reset();
   ^
..\SFBoundingBox.cpp:14:3: error: 'extent_y' was not declared in this scope
   extent_y.reset();
   ^
..\SFBoundingBox.cpp: In member function 'void SFBoundingBox::SetCentre(Vector2&)':
..\SFBoundingBox.cpp:18:3: error: 'centre' was not declared in this scope
   centre = make_shared<Vector2>(v);
   ^
..\SFBoundingBox.cpp:18:12: error: 'make_shared' was not declared in this scope
   centre = make_shared<Vector2>(v);
            ^
..\SFBoundingBox.cpp:18:31: error: expected primary-expression before '>' token
   centre = make_shared<Vector2>(v);
                               ^
..\SFBoundingBox.cpp: In member function 'std::pair<float, float> SFBoundingBox::projectOntoAxis(const SFBoundingBox&, AXIS)':
..\SFBoundingBox.cpp:34:23: error: 'const class SFBoundingBox' has no member named 'extent_x'
       Vector2 bx = *b.extent_x;
                       ^
..\SFBoundingBox.cpp:35:44: error: 'const class SFBoundingBox' has no member named 'centre'
       lo  = projection( Point2(Vector2(*(b.centre)) + (bx * -1)), xAxis());
                                            ^
..\SFBoundingBox.cpp:36:44: error: 'const class SFBoundingBox' has no member named 'centre'
       hi  = projection( Point2(Vector2(*(b.centre)) + bx), xAxis());
                                            ^
..\SFBoundingBox.cpp:41:23: error: 'const class SFBoundingBox' has no member named 'extent_y'
       Vector2 by = *b.extent_y;
                       ^
..\SFBoundingBox.cpp:42:44: error: 'const class SFBoundingBox' has no member named 'centre'
       lo  = projection( Point2(Vector2(*(b.centre)) + (by * -1)), yAxis());
                                            ^
..\SFBoundingBox.cpp:43:44: error: 'const class SFBoundingBox' has no member named 'centre'
       hi  = projection( Point2(Vector2(*(b.centre)) + by), yAxis());
                                            ^
..\SFBoundingBox.cpp: At global scope:
..\SFBoundingBox.cpp:51:40: error: 'shared_ptr' does not name a type
 bool SFBoundingBox::CollidesWith(const shared_ptr<SFBoundingBox> b) {
                                        ^
..\SFBoundingBox.cpp:51:50: error: expected ',' or '...' before '<' token
 bool SFBoundingBox::CollidesWith(const shared_ptr<SFBoundingBox> b) {
                                                  ^
..\SFBoundingBox.cpp: In member function 'bool SFBoundingBox::CollidesWith(int)':
..\SFBoundingBox.cpp:54:33: error: 'b' was not declared in this scope
     b_x_proj = projectOntoAxis(*b, X),
                                 ^
..\SFBoundingBox.cpp:57:66: error: 'b_y_proj' was not declared in this scope
   return (straddles(a_x_proj, b_x_proj)) && (straddles(a_y_proj, b_y_proj));
                                                                  ^
..\SFBoundingBox.cpp: In function 'std::ostream& operator<<(std::ostream&, const SFBoundingBox&)':
..\SFBoundingBox.cpp:61:22: error: 'const class SFBoundingBox' has no member named 'centre'
   os << "c:(" << obj.centre->getX() << ", " << obj.centre->getY() << ") w:" << (obj.extent_x->getX()*2) << " h:" << (obj.extent_y->getY()*2);
                      ^
..\SFBoundingBox.cpp:61:52: error: 'const class SFBoundingBox' has no member named 'centre'
   os << "c:(" << obj.centre->getX() << ", " << obj.centre->getY() << ") w:" << (obj.extent_x->getX()*2) << " h:" << (obj.extent_y->getY()*2);
                                                    ^
..\SFBoundingBox.cpp:61:85: error: 'const class SFBoundingBox' has no member named 'extent_x'
   os << "c:(" << obj.centre->getX() << ", " << obj.centre->getY() << ") w:" << (obj.extent_x->getX()*2) << " h:" << (obj.extent_y->getY()*2);
                                                                                     ^
..\SFBoundingBox.cpp:61:122: error: 'const class SFBoundingBox' has no member named 'extent_y'
   os << "c:(" << obj.centre->getX() << ", " << obj.centre->getY() << ") w:" << (obj.extent_x->getX()*2) << " h:" << (obj.extent_y->getY()*2);
                                                                                                                          ^
18:40:14 **** Incremental Build of configuration Release for project StarShipPacMan ****
Info: Internal Builder is used for build
g++ "-IF:\\Pacman_Files\\Eclipse_projects\\StarShipPacMan\\SDL2" -O3 -Wall -c -fmessage-length=0 -o SFAsset.o "..\\SFAsset.cpp" 
In file included from ..\SFAsset.cpp:1:0:
..\SFAsset.h:9:28: fatal error: SDL2/SDL_image.h: No such file or directory
compilation terminated.
18:45:38 **** Incremental Build of configuration Release for project StarShipPacMan ****
Info: Internal Builder is used for build
g++ "-IF:\\Pacman_Files\\Eclipse_projects\\StarShipPacMan\\SDL2" -O3 -Wall -c -fmessage-length=0 -o SFEvent.o "..\\SFEvent.cpp" 
g++ "-IF:\\Pacman_Files\\Eclipse_projects\\StarShipPacMan\\SDL2" -O3 -Wall -c -fmessage-length=0 -o Main.o "..\\Main.cpp" 
..\Main.cpp:64:3: warning: identifier 'nullptr' is a keyword in C++11 [-Wc++0x-compat]
   shared_ptr<SFApp> sfapp = nullptr;
   ^
In file included from ..\SFAsset.h:16:0,
                 from ..\SFApp.h:13,
                 from ..\Main.cpp:7:
..\SFBoundingBox.h:20:27: error: 'shared_ptr' does not name a type
   bool CollidesWith(const shared_ptr<SFBoundingBox>);
                           ^
..\SFBoundingBox.h:20:37: error: expected ',' or '...' before '<' token
   bool CollidesWith(const shared_ptr<SFBoundingBox>);
                                     ^
..\SFBoundingBox.h:23:3: error: 'shared_ptr' does not name a type
   shared_ptr<Vector2> centre, extent_x, extent_y;
   ^
In file included from ..\SFApp.h:13:0,
                 from ..\Main.cpp:7:
..\SFAsset.h:28:41: error: 'shared_ptr' in namespace 'std' does not name a template type
   SFAsset(const SFASSETTYPE, const std::shared_ptr<SFWindow>);
                                         ^
..\SFAsset.h:28:51: error: expected ',' or '...' before '<' token
   SFAsset(const SFASSETTYPE, const std::shared_ptr<SFWindow>);
                                                   ^
..\SFAsset.h:44:50: error: 'shared_ptr' has not been declared
   virtual bool                      CollidesWith(shared_ptr<SFAsset>);
                                                  ^
..\SFAsset.h:44:60: error: expected ',' or '...' before '<' token
   virtual bool                      CollidesWith(shared_ptr<SFAsset>);
                                                            ^
..\SFAsset.h:45:11: error: 'shared_ptr' does not name a type
   virtual shared_ptr<SFBoundingBox> GetBoundingBox();
           ^
..\SFAsset.h:52:3: error: 'shared_ptr' does not name a type
   shared_ptr<SFBoundingBox>   bbox;
   ^
..\SFAsset.h:55:8: error: 'shared_ptr' in namespace 'std' does not name a template type
   std::shared_ptr<SFWindow>   sf_window;
        ^
In file included from ..\Main.cpp:7:0:
..\SFApp.h:22:24: error: expected ')' before '<' token
   SFApp(std::shared_ptr<SFWindow>);
                        ^
..\SFApp.h:34:3: error: 'shared_ptr' does not name a type
   shared_ptr<SFAsset>   background;
   ^
..\SFApp.h:35:3: error: 'shared_ptr' does not name a type
   shared_ptr<SFWindow>       sf_window;
   ^
..\SFApp.h:37:3: error: 'shared_ptr' does not name a type
   shared_ptr<SFAsset>        player;
   ^
..\SFApp.h:38:3: error: 'shared_ptr' does not name a type
   shared_ptr<SFBoundingBox>  app_box;
   ^
..\SFApp.h:39:8: error: 'shared_ptr' was not declared in this scope
   list<shared_ptr<SFAsset> > projectiles;
        ^
..\SFApp.h:39:26: error: template argument 1 is invalid
   list<shared_ptr<SFAsset> > projectiles;
                          ^
..\SFApp.h:39:26: error: template argument 2 is invalid
..\SFApp.h:39:28: error: expected unqualified-id before '>' token
   list<shared_ptr<SFAsset> > projectiles;
                            ^
..\SFApp.h:40:8: error: 'shared_ptr' was not declared in this scope
   list<shared_ptr<SFAsset> > aliens;
        ^
..\SFApp.h:40:26: error: template argument 1 is invalid
   list<shared_ptr<SFAsset> > aliens;
                          ^
..\SFApp.h:40:26: error: template argument 2 is invalid
..\SFApp.h:40:28: error: expected unqualified-id before '>' token
   list<shared_ptr<SFAsset> > aliens;
                            ^
..\SFApp.h:41:8: error: 'shared_ptr' was not declared in this scope
   list<shared_ptr<SFAsset> > coins;
        ^
..\SFApp.h:41:26: error: template argument 1 is invalid
   list<shared_ptr<SFAsset> > coins;
                          ^
..\SFApp.h:41:26: error: template argument 2 is invalid
..\SFApp.h:41:28: error: expected unqualified-id before '>' token
   list<shared_ptr<SFAsset> > coins;
                            ^
..\Main.cpp: In function 'int main(int, char**)':
..\Main.cpp:64:3: error: 'shared_ptr' was not declared in this scope
   shared_ptr<SFApp> sfapp = nullptr;
   ^
..\Main.cpp:64:19: error: expected primary-expression before '>' token
   shared_ptr<SFApp> sfapp = nullptr;
                   ^
..\Main.cpp:64:21: error: 'sfapp' was not declared in this scope
   shared_ptr<SFApp> sfapp = nullptr;
                     ^
..\Main.cpp:64:29: error: 'nullptr' was not declared in this scope
   shared_ptr<SFApp> sfapp = nullptr;
                             ^
..\Main.cpp:74:3: error: 'shared_ptr' is not a member of 'std'
   std::shared_ptr<SFWindow> window = make_shared<SFWindow>(g_window, g_renderer);
   ^
..\Main.cpp:74:27: error: expected primary-expression before '>' token
   std::shared_ptr<SFWindow> window = make_shared<SFWindow>(g_window, g_renderer);
                           ^
..\Main.cpp:74:29: error: 'window' was not declared in this scope
   std::shared_ptr<SFWindow> window = make_shared<SFWindow>(g_window, g_renderer);
                             ^
..\Main.cpp:74:38: error: 'make_shared' was not declared in this scope
   std::shared_ptr<SFWindow> window = make_shared<SFWindow>(g_window, g_renderer);
                                      ^
..\Main.cpp:74:58: error: expected primary-expression before '>' token
   std::shared_ptr<SFWindow> window = make_shared<SFWindow>(g_window, g_renderer);
                                                          ^
..\Main.cpp:74:70: warning: left operand of comma operator has no effect [-Wunused-value]
   std::shared_ptr<SFWindow> window = make_shared<SFWindow>(g_window, g_renderer);
                                                                      ^
..\Main.cpp:75:27: error: expected primary-expression before '>' token
   sfapp = shared_ptr<SFApp>(new SFApp(window));
                           ^
In file included from ..\SFBoundingBox.h:10:0,
                 from ..\SFAsset.h:16,
                 from ..\SFApp.h:13,
                 from ..\Main.cpp:7:
..\SFMath.h: At global scope:
..\SFMath.h:86:22: warning: 'const Vector2 xAxis()' defined but not used [-Wunused-function]
 static const Vector2 xAxis() {
                      ^
..\SFMath.h:90:22: warning: 'const Vector2 yAxis()' defined but not used [-Wunused-function]
 static const Vector2 yAxis() {
                      ^
18:48:20 **** Incremental Build of configuration Release for project StarShipPacMan ****
Info: Internal Builder is used for build
g++ "-IF:\\Pacman_Files\\Eclipse_projects\\StarShipPacMan\\SDL2" -O3 -Wall -c -fmessage-length=0 -o SFWindow.o "..\\SFWindow.cpp" 
g++ "-IF:\\Pacman_Files\\Eclipse_projects\\StarShipPacMan\\SDL2" -O3 -Wall -c -fmessage-length=0 -o SFApp.o "..\\SFApp.cpp" 
In file included from ..\SFAsset.h:16:0,
                 from ..\SFApp.h:15,
                 from ..\SFApp.cpp:1:
..\SFBoundingBox.h:20:27: error: 'shared_ptr' does not name a type
   bool CollidesWith(const shared_ptr<SFBoundingBox>);
                           ^
..\SFBoundingBox.h:20:37: error: expected ',' or '...' before '<' token
   bool CollidesWith(const shared_ptr<SFBoundingBox>);
                                     ^
..\SFBoundingBox.h:23:3: error: 'shared_ptr' does not name a type
   shared_ptr<Vector2> centre, extent_x, extent_y;
   ^
In file included from ..\SFApp.h:15:0,
                 from ..\SFApp.cpp:1:
..\SFAsset.h:28:41: error: 'shared_ptr' in namespace 'std' does not name a template type
   SFAsset(const SFASSETTYPE, const std::shared_ptr<SFWindow>);
                                         ^
..\SFAsset.h:28:51: error: expected ',' or '...' before '<' token
   SFAsset(const SFASSETTYPE, const std::shared_ptr<SFWindow>);
                                                   ^
..\SFAsset.h:44:50: error: 'shared_ptr' has not been declared
   virtual bool                      CollidesWith(shared_ptr<SFAsset>);
                                                  ^
..\SFAsset.h:44:60: error: expected ',' or '...' before '<' token
   virtual bool                      CollidesWith(shared_ptr<SFAsset>);
                                                            ^
..\SFAsset.h:45:11: error: 'shared_ptr' does not name a type
   virtual shared_ptr<SFBoundingBox> GetBoundingBox();
           ^
..\SFAsset.h:52:3: error: 'shared_ptr' does not name a type
   shared_ptr<SFBoundingBox>   bbox;
   ^
..\SFAsset.h:55:8: error: 'shared_ptr' in namespace 'std' does not name a template type
   std::shared_ptr<SFWindow>   sf_window;
        ^
In file included from ..\SFApp.cpp:1:0:
..\SFApp.h:24:24: error: expected ')' before '<' token
   SFApp(std::shared_ptr<SFWindow>);
                        ^
..\SFApp.h:36:3: error: 'shared_ptr' does not name a type
   shared_ptr<SFAsset>   background;
   ^
..\SFApp.h:37:3: error: 'shared_ptr' does not name a type
   shared_ptr<SFWindow>       sf_window;
   ^
..\SFApp.h:39:3: error: 'shared_ptr' does not name a type
   shared_ptr<SFAsset>        player;
   ^
..\SFApp.h:40:3: error: 'shared_ptr' does not name a type
   shared_ptr<SFBoundingBox>  app_box;
   ^
..\SFApp.h:41:8: error: 'shared_ptr' was not declared in this scope
   list<shared_ptr<SFAsset> > projectiles;
        ^
..\SFApp.h:41:8: note: suggested alternative:
In file included from c:\mingw\lib\gcc\mingw32\5.3.0\include\c++\tr1\memory:50:0,
                 from ..\SFApp.h:5,
                 from ..\SFApp.cpp:1:
c:\mingw\lib\gcc\mingw32\5.3.0\include\c++\tr1\shared_ptr.h:503:11: note:   'std::tr1::shared_ptr'
     class shared_ptr;
           ^
In file included from ..\SFApp.cpp:1:0:
..\SFApp.h:41:26: error: template argument 1 is invalid
   list<shared_ptr<SFAsset> > projectiles;
                          ^
..\SFApp.h:41:26: error: template argument 2 is invalid
..\SFApp.h:41:28: error: expected unqualified-id before '>' token
   list<shared_ptr<SFAsset> > projectiles;
                            ^
..\SFApp.h:42:8: error: 'shared_ptr' was not declared in this scope
   list<shared_ptr<SFAsset> > aliens;
        ^
..\SFApp.h:42:8: note: suggested alternative:
In file included from c:\mingw\lib\gcc\mingw32\5.3.0\include\c++\tr1\memory:50:0,
                 from ..\SFApp.h:5,
                 from ..\SFApp.cpp:1:
c:\mingw\lib\gcc\mingw32\5.3.0\include\c++\tr1\shared_ptr.h:503:11: note:   'std::tr1::shared_ptr'
     class shared_ptr;
           ^
In file included from ..\SFApp.cpp:1:0:
..\SFApp.h:42:26: error: template argument 1 is invalid
   list<shared_ptr<SFAsset> > aliens;
                          ^
..\SFApp.h:42:26: error: template argument 2 is invalid
..\SFApp.h:42:28: error: expected unqualified-id before '>' token
   list<shared_ptr<SFAsset> > aliens;
                            ^
..\SFApp.h:43:8: error: 'shared_ptr' was not declared in this scope
   list<shared_ptr<SFAsset> > coins;
        ^
..\SFApp.h:43:8: note: suggested alternative:
In file included from c:\mingw\lib\gcc\mingw32\5.3.0\include\c++\tr1\memory:50:0,
                 from ..\SFApp.h:5,
                 from ..\SFApp.cpp:1:
c:\mingw\lib\gcc\mingw32\5.3.0\include\c++\tr1\shared_ptr.h:503:11: note:   'std::tr1::shared_ptr'
     class shared_ptr;
           ^
In file included from ..\SFApp.cpp:1:0:
..\SFApp.h:43:26: error: template argument 1 is invalid
   list<shared_ptr<SFAsset> > coins;
                          ^
..\SFApp.h:43:26: error: template argument 2 is invalid
..\SFApp.h:43:28: error: expected unqualified-id before '>' token
   list<shared_ptr<SFAsset> > coins;
                            ^
..\SFApp.cpp:3:13: error: expected constructor, destructor, or type conversion before '(' token
 SFApp::SFApp(std::shared_ptr<SFWindow> window) : fire(0), is_running(true), sf_window(window) {
             ^
In file included from ..\SFBoundingBox.h:10:0,
                 from ..\SFAsset.h:16,
                 from ..\SFApp.h:15,
                 from ..\SFApp.cpp:1:
..\SFMath.h:86:22: warning: 'const Vector2 xAxis()' defined but not used [-Wunused-function]
 static const Vector2 xAxis() {
                      ^
..\SFMath.h:90:22: warning: 'const Vector2 yAxis()' defined but not used [-Wunused-function]
 static const Vector2 yAxis() {
                      ^
18:48:51 **** Incremental Build of configuration Release for project StarShipPacMan ****
Info: Internal Builder is used for build
g++ "-IF:\\Pacman_Files\\Eclipse_projects\\StarShipPacMan\\SDL2" -O3 -Wall -c -fmessage-length=0 -o SFApp.o "..\\SFApp.cpp" 
In file included from ..\SFApp.cpp:1:0:
..\SFApp.h:5:49: fatal error: F:\Pacman_Files\Eclipse_projects\StarShipPacMan\SDL2/std::tr1: Invalid argument
compilation terminated.
18:49:18 **** Incremental Build of configuration Release for project StarShipPacMan ****
Info: Internal Builder is used for build
g++ "-IF:\\Pacman_Files\\Eclipse_projects\\StarShipPacMan\\SDL2" -O3 -Wall -c -fmessage-length=0 -o SFApp.o "..\\SFApp.cpp" 
In file included from ..\SFAsset.h:16:0,
                 from ..\SFApp.h:15,
                 from ..\SFApp.cpp:1:
..\SFBoundingBox.h:20:27: error: 'shared_ptr' does not name a type
   bool CollidesWith(const shared_ptr<SFBoundingBox>);
                           ^
..\SFBoundingBox.h:20:37: error: expected ',' or '...' before '<' token
   bool CollidesWith(const shared_ptr<SFBoundingBox>);
                                     ^
..\SFBoundingBox.h:23:3: error: 'shared_ptr' does not name a type
   shared_ptr<Vector2> centre, extent_x, extent_y;
   ^
In file included from ..\SFApp.h:15:0,
                 from ..\SFApp.cpp:1:
..\SFAsset.h:28:41: error: 'shared_ptr' in namespace 'std' does not name a template type
   SFAsset(const SFASSETTYPE, const std::shared_ptr<SFWindow>);
                                         ^
..\SFAsset.h:28:51: error: expected ',' or '...' before '<' token
   SFAsset(const SFASSETTYPE, const std::shared_ptr<SFWindow>);
                                                   ^
..\SFAsset.h:44:50: error: 'shared_ptr' has not been declared
   virtual bool                      CollidesWith(shared_ptr<SFAsset>);
                                                  ^
..\SFAsset.h:44:60: error: expected ',' or '...' before '<' token
   virtual bool                      CollidesWith(shared_ptr<SFAsset>);
                                                            ^
..\SFAsset.h:45:11: error: 'shared_ptr' does not name a type
   virtual shared_ptr<SFBoundingBox> GetBoundingBox();
           ^
..\SFAsset.h:52:3: error: 'shared_ptr' does not name a type
   shared_ptr<SFBoundingBox>   bbox;
   ^
..\SFAsset.h:55:8: error: 'shared_ptr' in namespace 'std' does not name a template type
   std::shared_ptr<SFWindow>   sf_window;
        ^
In file included from ..\SFApp.cpp:1:0:
..\SFApp.h:36:3: error: 'shared_ptr' does not name a type
   shared_ptr<SFAsset>   background;
   ^
..\SFApp.h:37:3: error: 'shared_ptr' does not name a type
   shared_ptr<SFWindow>       sf_window;
   ^
..\SFApp.h:39:3: error: 'shared_ptr' does not name a type
   shared_ptr<SFAsset>        player;
   ^
..\SFApp.h:40:3: error: 'shared_ptr' does not name a type
   shared_ptr<SFBoundingBox>  app_box;
   ^
..\SFApp.h:41:8: error: 'shared_ptr' was not declared in this scope
   list<shared_ptr<SFAsset> > projectiles;
        ^
..\SFApp.h:41:8: note: suggested alternative:
In file included from c:\mingw\lib\gcc\mingw32\5.3.0\include\c++\tr1\memory:50:0,
                 from ..\SFApp.h:5,
                 from ..\SFApp.cpp:1:
c:\mingw\lib\gcc\mingw32\5.3.0\include\c++\tr1\shared_ptr.h:503:11: note:   'std::tr1::shared_ptr'
     class shared_ptr;
           ^
In file included from ..\SFApp.cpp:1:0:
..\SFApp.h:41:26: error: template argument 1 is invalid
   list<shared_ptr<SFAsset> > projectiles;
                          ^
..\SFApp.h:41:26: error: template argument 2 is invalid
..\SFApp.h:41:28: error: expected unqualified-id before '>' token
   list<shared_ptr<SFAsset> > projectiles;
                            ^
..\SFApp.h:42:8: error: 'shared_ptr' was not declared in this scope
   list<shared_ptr<SFAsset> > aliens;
        ^
..\SFApp.h:42:8: note: suggested alternative:
In file included from c:\mingw\lib\gcc\mingw32\5.3.0\include\c++\tr1\memory:50:0,
                 from ..\SFApp.h:5,
                 from ..\SFApp.cpp:1:
c:\mingw\lib\gcc\mingw32\5.3.0\include\c++\tr1\shared_ptr.h:503:11: note:   'std::tr1::shared_ptr'
     class shared_ptr;
           ^
In file included from ..\SFApp.cpp:1:0:
..\SFApp.h:42:26: error: template argument 1 is invalid
   list<shared_ptr<SFAsset> > aliens;
                          ^
..\SFApp.h:42:26: error: template argument 2 is invalid
..\SFApp.h:42:28: error: expected unqualified-id before '>' token
   list<shared_ptr<SFAsset> > aliens;
                            ^
..\SFApp.h:43:8: error: 'shared_ptr' was not declared in this scope
   list<shared_ptr<SFAsset> > coins;
        ^
..\SFApp.h:43:8: note: suggested alternative:
In file included from c:\mingw\lib\gcc\mingw32\5.3.0\include\c++\tr1\memory:50:0,
                 from ..\SFApp.h:5,
                 from ..\SFApp.cpp:1:
c:\mingw\lib\gcc\mingw32\5.3.0\include\c++\tr1\shared_ptr.h:503:11: note:   'std::tr1::shared_ptr'
     class shared_ptr;
           ^
In file included from ..\SFApp.cpp:1:0:
..\SFApp.h:43:26: error: template argument 1 is invalid
   list<shared_ptr<SFAsset> > coins;
                          ^
..\SFApp.h:43:26: error: template argument 2 is invalid
..\SFApp.h:43:28: error: expected unqualified-id before '>' token
   list<shared_ptr<SFAsset> > coins;
                            ^
..\SFApp.cpp:3:13: error: expected constructor, destructor, or type conversion before '(' token
 SFApp::SFApp(std::shared_ptr<SFWindow> window) : fire(0), is_running(true), sf_window(window) {
             ^
In file included from ..\SFBoundingBox.h:10:0,
                 from ..\SFAsset.h:16,
                 from ..\SFApp.h:15,
                 from ..\SFApp.cpp:1:
..\SFMath.h:86:22: warning: 'const Vector2 xAxis()' defined but not used [-Wunused-function]
 static const Vector2 xAxis() {
                      ^
..\SFMath.h:90:22: warning: 'const Vector2 yAxis()' defined but not used [-Wunused-function]
 static const Vector2 yAxis() {
                      ^
18:49:35 **** Incremental Build of configuration Release for project StarShipPacMan ****
Info: Internal Builder is used for build
g++ "-IF:\\Pacman_Files\\Eclipse_projects\\StarShipPacMan\\SDL2" -O3 -Wall -c -fmessage-length=0 -o SFApp.o "..\\SFApp.cpp" 
In file included from ..\SFAsset.h:16:0,
                 from ..\SFApp.h:15,
                 from ..\SFApp.cpp:1:
..\SFBoundingBox.h:20:27: error: 'shared_ptr' does not name a type
   bool CollidesWith(const shared_ptr<SFBoundingBox>);
                           ^
..\SFBoundingBox.h:20:37: error: expected ',' or '...' before '<' token
   bool CollidesWith(const shared_ptr<SFBoundingBox>);
                                     ^
..\SFBoundingBox.h:23:3: error: 'shared_ptr' does not name a type
   shared_ptr<Vector2> centre, extent_x, extent_y;
   ^
In file included from ..\SFApp.h:15:0,
                 from ..\SFApp.cpp:1:
..\SFAsset.h:28:41: error: 'shared_ptr' in namespace 'std' does not name a template type
   SFAsset(const SFASSETTYPE, const std::shared_ptr<SFWindow>);
                                         ^
..\SFAsset.h:28:51: error: expected ',' or '...' before '<' token
   SFAsset(const SFASSETTYPE, const std::shared_ptr<SFWindow>);
                                                   ^
..\SFAsset.h:44:50: error: 'shared_ptr' has not been declared
   virtual bool                      CollidesWith(shared_ptr<SFAsset>);
                                                  ^
..\SFAsset.h:44:60: error: expected ',' or '...' before '<' token
   virtual bool                      CollidesWith(shared_ptr<SFAsset>);
                                                            ^
..\SFAsset.h:45:11: error: 'shared_ptr' does not name a type
   virtual shared_ptr<SFBoundingBox> GetBoundingBox();
           ^
..\SFAsset.h:52:3: error: 'shared_ptr' does not name a type
   shared_ptr<SFBoundingBox>   bbox;
   ^
..\SFAsset.h:55:8: error: 'shared_ptr' in namespace 'std' does not name a template type
   std::shared_ptr<SFWindow>   sf_window;
        ^
..\SFApp.cpp:3:13: error: expected constructor, destructor, or type conversion before '(' token
 SFApp::SFApp(std::shared_ptr<SFWindow> window) : fire(0), is_running(true), sf_window(window) {
             ^
In file included from ..\SFBoundingBox.h:10:0,
                 from ..\SFAsset.h:16,
                 from ..\SFApp.h:15,
                 from ..\SFApp.cpp:1:
..\SFMath.h:86:22: warning: 'const Vector2 xAxis()' defined but not used [-Wunused-function]
 static const Vector2 xAxis() {
                      ^
..\SFMath.h:90:22: warning: 'const Vector2 yAxis()' defined but not used [-Wunused-function]
 static const Vector2 yAxis() {
                      ^
18:50:46 **** Incremental Build of configuration Release for project StarShipPacMan ****
Info: Internal Builder is used for build
g++ "-IF:\\Pacman_Files\\Eclipse_projects\\StarShipPacMan\\SDL2" -O3 -Wall -c -fmessage-length=0 -o SFBoundingBox.o "..\\SFBoundingBox.cpp" 
In file included from ..\SFBoundingBox.cpp:1:0:
..\SFBoundingBox.h:20:27: error: 'shared_ptr' does not name a type
   bool CollidesWith(const shared_ptr<SFBoundingBox>);
                           ^
..\SFBoundingBox.h:20:37: error: expected ',' or '...' before '<' token
   bool CollidesWith(const shared_ptr<SFBoundingBox>);
                                     ^
..\SFBoundingBox.h:23:3: error: 'shared_ptr' does not name a type
   shared_ptr<Vector2> centre, extent_x, extent_y;
   ^
..\SFBoundingBox.cpp: In constructor 'SFBoundingBox::SFBoundingBox(Vector2, int, int)':
..\SFBoundingBox.cpp:6:3: error: class 'SFBoundingBox' does not have any field named 'centre'
   centre(make_shared<Vector2>(centre)),
   ^
..\SFBoundingBox.cpp:6:10: error: 'make_shared' was not declared in this scope
   centre(make_shared<Vector2>(centre)),
          ^
..\SFBoundingBox.cpp:6:29: error: expected primary-expression before '>' token
   centre(make_shared<Vector2>(centre)),
                             ^
..\SFBoundingBox.cpp:7:3: error: class 'SFBoundingBox' does not have any field named 'extent_x'
   extent_x(make_shared<Vector2>(Vector2((float) width/2.0, 0))),
   ^
..\SFBoundingBox.cpp:7:31: error: expected primary-expression before '>' token
   extent_x(make_shared<Vector2>(Vector2((float) width/2.0, 0))),
                               ^
..\SFBoundingBox.cpp:8:3: error: class 'SFBoundingBox' does not have any field named 'extent_y'
   extent_y(make_shared<Vector2>(Vector2(0, (float) height/2.0))) {
   ^
..\SFBoundingBox.cpp:8:31: error: expected primary-expression before '>' token
   extent_y(make_shared<Vector2>(Vector2(0, (float) height/2.0))) {
                               ^
..\SFBoundingBox.cpp: In destructor 'virtual SFBoundingBox::~SFBoundingBox()':
..\SFBoundingBox.cpp:12:3: error: 'centre' was not declared in this scope
   centre.reset();
   ^
..\SFBoundingBox.cpp:13:3: error: 'extent_x' was not declared in this scope
   extent_x.reset();
   ^
..\SFBoundingBox.cpp:14:3: error: 'extent_y' was not declared in this scope
   extent_y.reset();
   ^
..\SFBoundingBox.cpp: In member function 'void SFBoundingBox::SetCentre(Vector2&)':
..\SFBoundingBox.cpp:18:3: error: 'centre' was not declared in this scope
   centre = make_shared<Vector2>(v);
   ^
..\SFBoundingBox.cpp:18:12: error: 'make_shared' was not declared in this scope
   centre = make_shared<Vector2>(v);
            ^
..\SFBoundingBox.cpp:18:31: error: expected primary-expression before '>' token
   centre = make_shared<Vector2>(v);
                               ^
..\SFBoundingBox.cpp: In member function 'std::pair<float, float> SFBoundingBox::projectOntoAxis(const SFBoundingBox&, AXIS)':
..\SFBoundingBox.cpp:34:23: error: 'const class SFBoundingBox' has no member named 'extent_x'
       Vector2 bx = *b.extent_x;
                       ^
..\SFBoundingBox.cpp:35:44: error: 'const class SFBoundingBox' has no member named 'centre'
       lo  = projection( Point2(Vector2(*(b.centre)) + (bx * -1)), xAxis());
                                            ^
..\SFBoundingBox.cpp:36:44: error: 'const class SFBoundingBox' has no member named 'centre'
       hi  = projection( Point2(Vector2(*(b.centre)) + bx), xAxis());
                                            ^
..\SFBoundingBox.cpp:41:23: error: 'const class SFBoundingBox' has no member named 'extent_y'
       Vector2 by = *b.extent_y;
                       ^
..\SFBoundingBox.cpp:42:44: error: 'const class SFBoundingBox' has no member named 'centre'
       lo  = projection( Point2(Vector2(*(b.centre)) + (by * -1)), yAxis());
                                            ^
..\SFBoundingBox.cpp:43:44: error: 'const class SFBoundingBox' has no member named 'centre'
       hi  = projection( Point2(Vector2(*(b.centre)) + by), yAxis());
                                            ^
..\SFBoundingBox.cpp: At global scope:
..\SFBoundingBox.cpp:51:40: error: 'shared_ptr' does not name a type
 bool SFBoundingBox::CollidesWith(const shared_ptr<SFBoundingBox> b) {
                                        ^
..\SFBoundingBox.cpp:51:50: error: expected ',' or '...' before '<' token
 bool SFBoundingBox::CollidesWith(const shared_ptr<SFBoundingBox> b) {
                                                  ^
..\SFBoundingBox.cpp: In member function 'bool SFBoundingBox::CollidesWith(int)':
..\SFBoundingBox.cpp:54:33: error: 'b' was not declared in this scope
     b_x_proj = projectOntoAxis(*b, X),
                                 ^
..\SFBoundingBox.cpp:57:66: error: 'b_y_proj' was not declared in this scope
   return (straddles(a_x_proj, b_x_proj)) && (straddles(a_y_proj, b_y_proj));
                                                                  ^
..\SFBoundingBox.cpp: In function 'std::ostream& operator<<(std::ostream&, const SFBoundingBox&)':
..\SFBoundingBox.cpp:61:22: error: 'const class SFBoundingBox' has no member named 'centre'
   os << "c:(" << obj.centre->getX() << ", " << obj.centre->getY() << ") w:" << (obj.extent_x->getX()*2) << " h:" << (obj.extent_y->getY()*2);
                      ^
..\SFBoundingBox.cpp:61:52: error: 'const class SFBoundingBox' has no member named 'centre'
   os << "c:(" << obj.centre->getX() << ", " << obj.centre->getY() << ") w:" << (obj.extent_x->getX()*2) << " h:" << (obj.extent_y->getY()*2);
                                                    ^
..\SFBoundingBox.cpp:61:85: error: 'const class SFBoundingBox' has no member named 'extent_x'
   os << "c:(" << obj.centre->getX() << ", " << obj.centre->getY() << ") w:" << (obj.extent_x->getX()*2) << " h:" << (obj.extent_y->getY()*2);
                                                                                     ^
..\SFBoundingBox.cpp:61:122: error: 'const class SFBoundingBox' has no member named 'extent_y'
   os << "c:(" << obj.centre->getX() << ", " << obj.centre->getY() << ") w:" << (obj.extent_x->getX()*2) << " h:" << (obj.extent_y->getY()*2);
                                                                                                                          ^
18:51:11 **** Incremental Build of configuration Release for project StarShipPacMan ****
Info: Internal Builder is used for build
g++ "-IF:\\Pacman_Files\\Eclipse_projects\\StarShipPacMan\\SDL2" -O3 -Wall -c -fmessage-length=0 -o SFAsset.o "..\\SFAsset.cpp" 
..\SFAsset.cpp:53:5: warning: identifier 'nullptr' is a keyword in C++11 [-Wc++0x-compat]
     sprite = nullptr;
     ^
In file included from ..\SFAsset.cpp:1:0:
..\SFAsset.h:12:22: error: 'tr1' is not a namespace-name
 using namespace std::tr1;
                      ^
..\SFAsset.h:12:25: error: expected namespace-name before ';' token
 using namespace std::tr1;
                         ^
In file included from ..\SFAsset.h:17:0,
                 from ..\SFAsset.cpp:1:
..\SFBoundingBox.h:9:22: error: 'tr1' is not a namespace-name
 using namespace std::tr1;
                      ^
..\SFBoundingBox.h:9:25: error: expected namespace-name before ';' token
 using namespace std::tr1;
                         ^
In file included from ..\SFAsset.h:17:0,
                 from ..\SFAsset.cpp:1:
..\SFBoundingBox.h:21:27: error: 'shared_ptr' does not name a type
   bool CollidesWith(const shared_ptr<SFBoundingBox>);
                           ^
..\SFBoundingBox.h:21:37: error: expected ',' or '...' before '<' token
   bool CollidesWith(const shared_ptr<SFBoundingBox>);
                                     ^
..\SFBoundingBox.h:24:3: error: 'shared_ptr' does not name a type
   shared_ptr<Vector2> centre, extent_x, extent_y;
   ^
In file included from ..\SFAsset.cpp:1:0:
..\SFAsset.h:29:41: error: 'shared_ptr' in namespace 'std' does not name a template type
   SFAsset(const SFASSETTYPE, const std::shared_ptr<SFWindow>);
                                         ^
..\SFAsset.h:29:51: error: expected ',' or '...' before '<' token
   SFAsset(const SFASSETTYPE, const std::shared_ptr<SFWindow>);
                                                   ^
..\SFAsset.h:45:50: error: 'shared_ptr' has not been declared
   virtual bool                      CollidesWith(shared_ptr<SFAsset>);
                                                  ^
..\SFAsset.h:45:60: error: expected ',' or '...' before '<' token
   virtual bool                      CollidesWith(shared_ptr<SFAsset>);
                                                            ^
..\SFAsset.h:46:11: error: 'shared_ptr' does not name a type
   virtual shared_ptr<SFBoundingBox> GetBoundingBox();
           ^
..\SFAsset.h:53:3: error: 'shared_ptr' does not name a type
   shared_ptr<SFBoundingBox>   bbox;
   ^
..\SFAsset.h:56:8: error: 'shared_ptr' in namespace 'std' does not name a template type
   std::shared_ptr<SFWindow>   sf_window;
        ^
..\SFAsset.cpp:5:41: error: 'std::shared_ptr' has not been declared
 SFAsset::SFAsset(SFASSETTYPE type, std::shared_ptr<SFWindow> window): type(type), sf_window(window) {
                                         ^
..\SFAsset.cpp:5:51: error: expected ',' or '...' before '<' token
 SFAsset::SFAsset(SFASSETTYPE type, std::shared_ptr<SFWindow> window): type(type), sf_window(window) {
                                                   ^
..\SFAsset.cpp: In constructor 'SFAsset::SFAsset(SFASSETTYPE, int)':
..\SFAsset.cpp:5:83: error: class 'SFAsset' does not have any field named 'sf_window'
 SFAsset::SFAsset(SFASSETTYPE type, std::shared_ptr<SFWindow> window): type(type), sf_window(window) {
                                                                                   ^
..\SFAsset.cpp:5:93: error: 'window' was not declared in this scope
 SFAsset::SFAsset(SFASSETTYPE type, std::shared_ptr<SFWindow> window): type(type), sf_window(window) {
                                                                                             ^
..\SFAsset.cpp:10:30: error: 'sf_window' was not declared in this scope
     sprite = IMG_LoadTexture(sf_window->getRenderer(), "assets/player.png");
                              ^
..\SFAsset.cpp:8:10: warning: enumeration value 'SFASSET_DEAD' not handled in switch [-Wswitch]
   switch (type) {
          ^
..\SFAsset.cpp:39:3: error: 'bbox' was not declared in this scope
   bbox = make_shared<SFBoundingBox>(SFBoundingBox(Vector2(0.0f, 0.0f), w, h));
   ^
..\SFAsset.cpp:39:10: error: 'make_shared' was not declared in this scope
   bbox = make_shared<SFBoundingBox>(SFBoundingBox(Vector2(0.0f, 0.0f), w, h));
          ^
..\SFAsset.cpp:39:35: error: expected primary-expression before '>' token
   bbox = make_shared<SFBoundingBox>(SFBoundingBox(Vector2(0.0f, 0.0f), w, h));
                                   ^
..\SFAsset.cpp: In copy constructor 'SFAsset::SFAsset(const SFAsset&)':
..\SFAsset.cpp:44:3: error: 'sf_window' was not declared in this scope
   sf_window = a.sf_window;
   ^
..\SFAsset.cpp:44:17: error: 'const class SFAsset' has no member named 'sf_window'
   sf_window = a.sf_window;
                 ^
..\SFAsset.cpp:45:3: error: 'bbox' was not declared in this scope
   bbox   = a.bbox;
   ^
..\SFAsset.cpp:45:14: error: 'const class SFAsset' has no member named 'bbox'
   bbox   = a.bbox;
              ^
..\SFAsset.cpp: In destructor 'virtual SFAsset::~SFAsset()':
..\SFAsset.cpp:50:3: error: 'bbox' was not declared in this scope
   bbox.reset();
   ^
..\SFAsset.cpp:53:14: error: 'nullptr' was not declared in this scope
     sprite = nullptr;
              ^
..\SFAsset.cpp: In member function 'virtual void SFAsset::SetPosition(Point2&)':
..\SFAsset.cpp:76:3: error: 'bbox' was not declared in this scope
   bbox->SetCentre(v);
   ^
..\SFAsset.cpp: In member function 'virtual Point2 SFAsset::GetPosition()':
..\SFAsset.cpp:80:17: error: 'bbox' was not declared in this scope
   return Point2(bbox->centre->getX(), bbox->centre->getY());
                 ^
..\SFAsset.cpp: In member function 'virtual void SFAsset::OnRender()':
..\SFAsset.cpp:91:19: error: 'bbox' was not declared in this scope
   Vector2 gs = (*(bbox->centre) + (*(bbox->extent_x) * -1)) + (*(bbox->extent_y) * 1);
                   ^
..\SFAsset.cpp:92:39: error: 'sf_window' was not declared in this scope
   Vector2 ss = GameSpaceToScreenSpace(sf_window->getRenderer(), gs);
                                       ^
..\SFAsset.cpp: In member function 'virtual void SFAsset::GoWest()':
..\SFAsset.cpp:103:17: error: 'bbox' was not declared in this scope
   Vector2 c = *(bbox->centre) + Vector2(-5.0f, 0.0f);
                 ^
..\SFAsset.cpp:106:20: error: 'make_shared' was not declared in this scope
     bbox->centre = make_shared<Vector2>(c);
                    ^
..\SFAsset.cpp:106:39: error: expected primary-expression before '>' token
     bbox->centre = make_shared<Vector2>(c);
                                       ^
..\SFAsset.cpp: In member function 'virtual void SFAsset::GoEast()':
..\SFAsset.cpp:112:29: error: 'sf_window' was not declared in this scope
   SDL_GetRendererOutputSize(sf_window->getRenderer(), &w, &h);
                             ^
..\SFAsset.cpp:114:17: error: 'bbox' was not declared in this scope
   Vector2 c = *(bbox->centre) + Vector2(5.0f, 0.0f);
                 ^
..\SFAsset.cpp:117:20: error: 'make_shared' was not declared in this scope
     bbox->centre = make_shared<Vector2>(c);
                    ^
..\SFAsset.cpp:117:39: error: expected primary-expression before '>' token
     bbox->centre = make_shared<Vector2>(c);
                                       ^
..\SFAsset.cpp: In member function 'virtual void SFAsset::GoNorth()':
..\SFAsset.cpp:122:17: error: 'bbox' was not declared in this scope
   Vector2 c = *(bbox->centre) + Vector2(0.0f, 1.0f);
                 ^
..\SFAsset.cpp:124:18: error: 'make_shared' was not declared in this scope
   bbox->centre = make_shared<Vector2>(c);
                  ^
..\SFAsset.cpp:124:37: error: expected primary-expression before '>' token
   bbox->centre = make_shared<Vector2>(c);
                                     ^
..\SFAsset.cpp: In member function 'virtual void SFAsset::GoSouth()':
..\SFAsset.cpp:127:16: error: 'bbox' was not declared in this scope
  Vector2 c = *(bbox->centre) + Vector2(0.0f, -1.0f);
                ^
..\SFAsset.cpp:129:17: error: 'make_shared' was not declared in this scope
  bbox->centre = make_shared<Vector2>(c);
                 ^
..\SFAsset.cpp:129:36: error: expected primary-expression before '>' token
  bbox->centre = make_shared<Vector2>(c);
                                    ^
..\SFAsset.cpp: At global scope:
..\SFAsset.cpp:132:28: error: 'bool SFAsset::CollidesWith' is not a static data member of 'class SFAsset'
 bool SFAsset::CollidesWith(shared_ptr<SFAsset> other) {
                            ^
..\SFAsset.cpp:132:28: error: 'shared_ptr' was not declared in this scope
..\SFAsset.cpp:132:46: error: expected primary-expression before '>' token
 bool SFAsset::CollidesWith(shared_ptr<SFAsset> other) {
                                              ^
..\SFAsset.cpp:132:48: error: 'other' was not declared in this scope
 bool SFAsset::CollidesWith(shared_ptr<SFAsset> other) {
                                                ^
..\SFAsset.cpp:132:55: error: expected ',' or ';' before '{' token
 bool SFAsset::CollidesWith(shared_ptr<SFAsset> other) {
                                                       ^
..\SFAsset.cpp:136:1: error: 'shared_ptr' does not name a type
 shared_ptr<SFBoundingBox> SFAsset::GetBoundingBox() {
 ^
In file included from ..\SFBoundingBox.h:11:0,
                 from ..\SFAsset.h:17,
                 from ..\SFAsset.cpp:1:
..\SFMath.h:86:22: warning: 'const Vector2 xAxis()' defined but not used [-Wunused-function]
 static const Vector2 xAxis() {
                      ^
..\SFMath.h:90:22: warning: 'const Vector2 yAxis()' defined but not used [-Wunused-function]
 static const Vector2 yAxis() {
                      ^
18:52:46 **** Incremental Build of configuration Release for project StarShipPacMan ****
Info: Internal Builder is used for build
g++ "-IF:\\Pacman_Files\\Eclipse_projects\\StarShipPacMan\\SDL2" -O3 -Wall -c -fmessage-length=0 -o Main.o "..\\Main.cpp" 
..\Main.cpp:64:3: warning: identifier 'nullptr' is a keyword in C++11 [-Wc++0x-compat]
   shared_ptr<SFApp> sfapp = nullptr;
   ^
In file included from ..\SFApp.h:16:0,
                 from ..\Main.cpp:7:
..\SFAsset.h:29:41: error: 'shared_ptr' in namespace 'std' does not name a template type
   SFAsset(const SFASSETTYPE, const std::shared_ptr<SFWindow>);
                                         ^
..\SFAsset.h:29:51: error: expected ',' or '...' before '<' token
   SFAsset(const SFASSETTYPE, const std::shared_ptr<SFWindow>);
                                                   ^
..\SFAsset.h:56:8: error: 'shared_ptr' in namespace 'std' does not name a template type
   std::shared_ptr<SFWindow>   sf_window;
        ^
..\Main.cpp: In function 'int main(int, char**)':
..\Main.cpp:64:29: error: 'nullptr' was not declared in this scope
   shared_ptr<SFApp> sfapp = nullptr;
                             ^
..\Main.cpp:74:3: error: 'shared_ptr' is not a member of 'std'
   std::shared_ptr<SFWindow> window = make_shared<SFWindow>(g_window, g_renderer);
   ^
..\Main.cpp:74:3: note: suggested alternatives:
In file included from c:\mingw\lib\gcc\mingw32\5.3.0\include\c++\tr1\memory:50:0,
                 from ..\SFApp.h:5,
                 from ..\Main.cpp:7:
c:\mingw\lib\gcc\mingw32\5.3.0\include\c++\tr1\shared_ptr.h:503:11: note:   'std::tr1::shared_ptr'
     class shared_ptr;
           ^
c:\mingw\lib\gcc\mingw32\5.3.0\include\c++\tr1\shared_ptr.h:503:11: note:   'std::tr1::shared_ptr'
..\Main.cpp:74:27: error: expected primary-expression before '>' token
   std::shared_ptr<SFWindow> window = make_shared<SFWindow>(g_window, g_renderer);
                           ^
..\Main.cpp:74:29: error: 'window' was not declared in this scope
   std::shared_ptr<SFWindow> window = make_shared<SFWindow>(g_window, g_renderer);
                             ^
..\Main.cpp:74:38: error: 'make_shared' was not declared in this scope
   std::shared_ptr<SFWindow> window = make_shared<SFWindow>(g_window, g_renderer);
                                      ^
..\Main.cpp:74:58: error: expected primary-expression before '>' token
   std::shared_ptr<SFWindow> window = make_shared<SFWindow>(g_window, g_renderer);
                                                          ^
..\Main.cpp:74:70: warning: left operand of comma operator has no effect [-Wunused-value]
   std::shared_ptr<SFWindow> window = make_shared<SFWindow>(g_window, g_renderer);
                                                                      ^
In file included from ..\SFBoundingBox.h:11:0,
                 from ..\SFAsset.h:17,
                 from ..\SFApp.h:16,
                 from ..\Main.cpp:7:
..\SFMath.h: At global scope:
..\SFMath.h:86:22: warning: 'const Vector2 xAxis()' defined but not used [-Wunused-function]
 static const Vector2 xAxis() {
                      ^
..\SFMath.h:90:22: warning: 'const Vector2 yAxis()' defined but not used [-Wunused-function]
 static const Vector2 yAxis() {
                      ^
18:52:52 **** Incremental Build of configuration Release for project StarShipPacMan ****
Info: Internal Builder is used for build
g++ "-IF:\\Pacman_Files\\Eclipse_projects\\StarShipPacMan\\SDL2" -O3 -Wall -c -fmessage-length=0 -o SFAsset.o "..\\SFAsset.cpp" 
..\SFAsset.cpp:53:5: warning: identifier 'nullptr' is a keyword in C++11 [-Wc++0x-compat]
     sprite = nullptr;
     ^
In file included from ..\SFAsset.cpp:1:0:
..\SFAsset.h:12:22: error: 'tr1' is not a namespace-name
 using namespace std::tr1;
                      ^
..\SFAsset.h:12:25: error: expected namespace-name before ';' token
 using namespace std::tr1;
                         ^
In file included from ..\SFAsset.h:17:0,
                 from ..\SFAsset.cpp:1:
..\SFBoundingBox.h:9:22: error: 'tr1' is not a namespace-name
 using namespace std::tr1;
                      ^
..\SFBoundingBox.h:9:25: error: expected namespace-name before ';' token
 using namespace std::tr1;
                         ^
In file included from ..\SFAsset.h:17:0,
                 from ..\SFAsset.cpp:1:
..\SFBoundingBox.h:21:27: error: 'shared_ptr' does not name a type
   bool CollidesWith(const shared_ptr<SFBoundingBox>);
                           ^
..\SFBoundingBox.h:21:37: error: expected ',' or '...' before '<' token
   bool CollidesWith(const shared_ptr<SFBoundingBox>);
                                     ^
..\SFBoundingBox.h:24:3: error: 'shared_ptr' does not name a type
   shared_ptr<Vector2> centre, extent_x, extent_y;
   ^
In file included from ..\SFAsset.cpp:1:0:
..\SFAsset.h:29:41: error: 'shared_ptr' in namespace 'std' does not name a template type
   SFAsset(const SFASSETTYPE, const std::shared_ptr<SFWindow>);
                                         ^
..\SFAsset.h:29:51: error: expected ',' or '...' before '<' token
   SFAsset(const SFASSETTYPE, const std::shared_ptr<SFWindow>);
                                                   ^
..\SFAsset.h:45:50: error: 'shared_ptr' has not been declared
   virtual bool                      CollidesWith(shared_ptr<SFAsset>);
                                                  ^
..\SFAsset.h:45:60: error: expected ',' or '...' before '<' token
   virtual bool                      CollidesWith(shared_ptr<SFAsset>);
                                                            ^
..\SFAsset.h:46:11: error: 'shared_ptr' does not name a type
   virtual shared_ptr<SFBoundingBox> GetBoundingBox();
           ^
..\SFAsset.h:53:3: error: 'shared_ptr' does not name a type
   shared_ptr<SFBoundingBox>   bbox;
   ^
..\SFAsset.h:56:8: error: 'shared_ptr' in namespace 'std' does not name a template type
   std::shared_ptr<SFWindow>   sf_window;
        ^
..\SFAsset.cpp:5:41: error: 'std::shared_ptr' has not been declared
 SFAsset::SFAsset(SFASSETTYPE type, std::shared_ptr<SFWindow> window): type(type), sf_window(window) {
                                         ^
..\SFAsset.cpp:5:51: error: expected ',' or '...' before '<' token
 SFAsset::SFAsset(SFASSETTYPE type, std::shared_ptr<SFWindow> window): type(type), sf_window(window) {
                                                   ^
..\SFAsset.cpp: In constructor 'SFAsset::SFAsset(SFASSETTYPE, int)':
..\SFAsset.cpp:5:83: error: class 'SFAsset' does not have any field named 'sf_window'
 SFAsset::SFAsset(SFASSETTYPE type, std::shared_ptr<SFWindow> window): type(type), sf_window(window) {
                                                                                   ^
..\SFAsset.cpp:5:93: error: 'window' was not declared in this scope
 SFAsset::SFAsset(SFASSETTYPE type, std::shared_ptr<SFWindow> window): type(type), sf_window(window) {
                                                                                             ^
..\SFAsset.cpp:10:30: error: 'sf_window' was not declared in this scope
     sprite = IMG_LoadTexture(sf_window->getRenderer(), "assets/player.png");
                              ^
..\SFAsset.cpp:8:10: warning: enumeration value 'SFASSET_DEAD' not handled in switch [-Wswitch]
   switch (type) {
          ^
..\SFAsset.cpp:39:3: error: 'bbox' was not declared in this scope
   bbox = make_shared<SFBoundingBox>(SFBoundingBox(Vector2(0.0f, 0.0f), w, h));
   ^
..\SFAsset.cpp:39:10: error: 'make_shared' was not declared in this scope
   bbox = make_shared<SFBoundingBox>(SFBoundingBox(Vector2(0.0f, 0.0f), w, h));
          ^
..\SFAsset.cpp:39:35: error: expected primary-expression before '>' token
   bbox = make_shared<SFBoundingBox>(SFBoundingBox(Vector2(0.0f, 0.0f), w, h));
                                   ^
..\SFAsset.cpp: In copy constructor 'SFAsset::SFAsset(const SFAsset&)':
..\SFAsset.cpp:44:3: error: 'sf_window' was not declared in this scope
   sf_window = a.sf_window;
   ^
..\SFAsset.cpp:44:17: error: 'const class SFAsset' has no member named 'sf_window'
   sf_window = a.sf_window;
                 ^
..\SFAsset.cpp:45:3: error: 'bbox' was not declared in this scope
   bbox   = a.bbox;
   ^
..\SFAsset.cpp:45:14: error: 'const class SFAsset' has no member named 'bbox'
   bbox   = a.bbox;
              ^
..\SFAsset.cpp: In destructor 'virtual SFAsset::~SFAsset()':
..\SFAsset.cpp:50:3: error: 'bbox' was not declared in this scope
   bbox.reset();
   ^
..\SFAsset.cpp:53:14: error: 'nullptr' was not declared in this scope
     sprite = nullptr;
              ^
..\SFAsset.cpp: In member function 'virtual void SFAsset::SetPosition(Point2&)':
..\SFAsset.cpp:76:3: error: 'bbox' was not declared in this scope
   bbox->SetCentre(v);
   ^
..\SFAsset.cpp: In member function 'virtual Point2 SFAsset::GetPosition()':
..\SFAsset.cpp:80:17: error: 'bbox' was not declared in this scope
   return Point2(bbox->centre->getX(), bbox->centre->getY());
                 ^
..\SFAsset.cpp: In member function 'virtual void SFAsset::OnRender()':
..\SFAsset.cpp:91:19: error: 'bbox' was not declared in this scope
   Vector2 gs = (*(bbox->centre) + (*(bbox->extent_x) * -1)) + (*(bbox->extent_y) * 1);
                   ^
..\SFAsset.cpp:92:39: error: 'sf_window' was not declared in this scope
   Vector2 ss = GameSpaceToScreenSpace(sf_window->getRenderer(), gs);
                                       ^
..\SFAsset.cpp: In member function 'virtual void SFAsset::GoWest()':
..\SFAsset.cpp:103:17: error: 'bbox' was not declared in this scope
   Vector2 c = *(bbox->centre) + Vector2(-5.0f, 0.0f);
                 ^
..\SFAsset.cpp:106:20: error: 'make_shared' was not declared in this scope
     bbox->centre = make_shared<Vector2>(c);
                    ^
..\SFAsset.cpp:106:39: error: expected primary-expression before '>' token
     bbox->centre = make_shared<Vector2>(c);
                                       ^
..\SFAsset.cpp: In member function 'virtual void SFAsset::GoEast()':
..\SFAsset.cpp:112:29: error: 'sf_window' was not declared in this scope
   SDL_GetRendererOutputSize(sf_window->getRenderer(), &w, &h);
                             ^
..\SFAsset.cpp:114:17: error: 'bbox' was not declared in this scope
   Vector2 c = *(bbox->centre) + Vector2(5.0f, 0.0f);
                 ^
..\SFAsset.cpp:117:20: error: 'make_shared' was not declared in this scope
     bbox->centre = make_shared<Vector2>(c);
                    ^
..\SFAsset.cpp:117:39: error: expected primary-expression before '>' token
     bbox->centre = make_shared<Vector2>(c);
                                       ^
..\SFAsset.cpp: In member function 'virtual void SFAsset::GoNorth()':
..\SFAsset.cpp:122:17: error: 'bbox' was not declared in this scope
   Vector2 c = *(bbox->centre) + Vector2(0.0f, 1.0f);
                 ^
..\SFAsset.cpp:124:18: error: 'make_shared' was not declared in this scope
   bbox->centre = make_shared<Vector2>(c);
                  ^
..\SFAsset.cpp:124:37: error: expected primary-expression before '>' token
   bbox->centre = make_shared<Vector2>(c);
                                     ^
..\SFAsset.cpp: In member function 'virtual void SFAsset::GoSouth()':
..\SFAsset.cpp:127:16: error: 'bbox' was not declared in this scope
  Vector2 c = *(bbox->centre) + Vector2(0.0f, -1.0f);
                ^
..\SFAsset.cpp:129:17: error: 'make_shared' was not declared in this scope
  bbox->centre = make_shared<Vector2>(c);
                 ^
..\SFAsset.cpp:129:36: error: expected primary-expression before '>' token
  bbox->centre = make_shared<Vector2>(c);
                                    ^
..\SFAsset.cpp: At global scope:
..\SFAsset.cpp:132:28: error: 'bool SFAsset::CollidesWith' is not a static data member of 'class SFAsset'
 bool SFAsset::CollidesWith(shared_ptr<SFAsset> other) {
                            ^
..\SFAsset.cpp:132:28: error: 'shared_ptr' was not declared in this scope
..\SFAsset.cpp:132:46: error: expected primary-expression before '>' token
 bool SFAsset::CollidesWith(shared_ptr<SFAsset> other) {
                                              ^
..\SFAsset.cpp:132:48: error: 'other' was not declared in this scope
 bool SFAsset::CollidesWith(shared_ptr<SFAsset> other) {
                                                ^
..\SFAsset.cpp:132:55: error: expected ',' or ';' before '{' token
 bool SFAsset::CollidesWith(shared_ptr<SFAsset> other) {
                                                       ^
..\SFAsset.cpp:136:1: error: 'shared_ptr' does not name a type
 shared_ptr<SFBoundingBox> SFAsset::GetBoundingBox() {
 ^
In file included from ..\SFBoundingBox.h:11:0,
                 from ..\SFAsset.h:17,
                 from ..\SFAsset.cpp:1:
..\SFMath.h:86:22: warning: 'const Vector2 xAxis()' defined but not used [-Wunused-function]
 static const Vector2 xAxis() {
                      ^
..\SFMath.h:90:22: warning: 'const Vector2 yAxis()' defined but not used [-Wunused-function]
 static const Vector2 yAxis() {
                      ^
18:53:31 **** Incremental Build of configuration Release for project StarShipPacMan ****
Info: Internal Builder is used for build
g++ "-IF:\\Pacman_Files\\Eclipse_projects\\StarShipPacMan\\SDL2" -O3 -Wall -c -fmessage-length=0 -o SFBoundingBox.o "..\\SFBoundingBox.cpp" 
In file included from ..\SFBoundingBox.cpp:1:0:
..\SFBoundingBox.h:9:22: error: 'tr1' is not a namespace-name
 using namespace std::tr1;
                      ^
..\SFBoundingBox.h:9:25: error: expected namespace-name before ';' token
 using namespace std::tr1;
                         ^
In file included from ..\SFBoundingBox.cpp:1:0:
..\SFBoundingBox.h:21:27: error: 'shared_ptr' does not name a type
   bool CollidesWith(const shared_ptr<SFBoundingBox>);
                           ^
..\SFBoundingBox.h:21:37: error: expected ',' or '...' before '<' token
   bool CollidesWith(const shared_ptr<SFBoundingBox>);
                                     ^
..\SFBoundingBox.h:24:3: error: 'shared_ptr' does not name a type
   shared_ptr<Vector2> centre, extent_x, extent_y;
   ^
..\SFBoundingBox.cpp: In constructor 'SFBoundingBox::SFBoundingBox(Vector2, int, int)':
..\SFBoundingBox.cpp:6:3: error: class 'SFBoundingBox' does not have any field named 'centre'
   centre(make_shared<Vector2>(centre)),
   ^
..\SFBoundingBox.cpp:6:10: error: 'make_shared' was not declared in this scope
   centre(make_shared<Vector2>(centre)),
          ^
..\SFBoundingBox.cpp:6:29: error: expected primary-expression before '>' token
   centre(make_shared<Vector2>(centre)),
                             ^
..\SFBoundingBox.cpp:7:3: error: class 'SFBoundingBox' does not have any field named 'extent_x'
   extent_x(make_shared<Vector2>(Vector2((float) width/2.0, 0))),
   ^
..\SFBoundingBox.cpp:7:31: error: expected primary-expression before '>' token
   extent_x(make_shared<Vector2>(Vector2((float) width/2.0, 0))),
                               ^
..\SFBoundingBox.cpp:8:3: error: class 'SFBoundingBox' does not have any field named 'extent_y'
   extent_y(make_shared<Vector2>(Vector2(0, (float) height/2.0))) {
   ^
..\SFBoundingBox.cpp:8:31: error: expected primary-expression before '>' token
   extent_y(make_shared<Vector2>(Vector2(0, (float) height/2.0))) {
                               ^
..\SFBoundingBox.cpp: In destructor 'virtual SFBoundingBox::~SFBoundingBox()':
..\SFBoundingBox.cpp:12:3: error: 'centre' was not declared in this scope
   centre.reset();
   ^
..\SFBoundingBox.cpp:13:3: error: 'extent_x' was not declared in this scope
   extent_x.reset();
   ^
..\SFBoundingBox.cpp:14:3: error: 'extent_y' was not declared in this scope
   extent_y.reset();
   ^
..\SFBoundingBox.cpp: In member function 'void SFBoundingBox::SetCentre(Vector2&)':
..\SFBoundingBox.cpp:18:3: error: 'centre' was not declared in this scope
   centre = make_shared<Vector2>(v);
   ^
..\SFBoundingBox.cpp:18:12: error: 'make_shared' was not declared in this scope
   centre = make_shared<Vector2>(v);
            ^
..\SFBoundingBox.cpp:18:31: error: expected primary-expression before '>' token
   centre = make_shared<Vector2>(v);
                               ^
..\SFBoundingBox.cpp: In member function 'std::pair<float, float> SFBoundingBox::projectOntoAxis(const SFBoundingBox&, AXIS)':
..\SFBoundingBox.cpp:34:23: error: 'const class SFBoundingBox' has no member named 'extent_x'
       Vector2 bx = *b.extent_x;
                       ^
..\SFBoundingBox.cpp:35:44: error: 'const class SFBoundingBox' has no member named 'centre'
       lo  = projection( Point2(Vector2(*(b.centre)) + (bx * -1)), xAxis());
                                            ^
..\SFBoundingBox.cpp:36:44: error: 'const class SFBoundingBox' has no member named 'centre'
       hi  = projection( Point2(Vector2(*(b.centre)) + bx), xAxis());
                                            ^
..\SFBoundingBox.cpp:41:23: error: 'const class SFBoundingBox' has no member named 'extent_y'
       Vector2 by = *b.extent_y;
                       ^
..\SFBoundingBox.cpp:42:44: error: 'const class SFBoundingBox' has no member named 'centre'
       lo  = projection( Point2(Vector2(*(b.centre)) + (by * -1)), yAxis());
                                            ^
..\SFBoundingBox.cpp:43:44: error: 'const class SFBoundingBox' has no member named 'centre'
       hi  = projection( Point2(Vector2(*(b.centre)) + by), yAxis());
                                            ^
..\SFBoundingBox.cpp: At global scope:
..\SFBoundingBox.cpp:51:40: error: 'shared_ptr' does not name a type
 bool SFBoundingBox::CollidesWith(const shared_ptr<SFBoundingBox> b) {
                                        ^
..\SFBoundingBox.cpp:51:50: error: expected ',' or '...' before '<' token
 bool SFBoundingBox::CollidesWith(const shared_ptr<SFBoundingBox> b) {
                                                  ^
..\SFBoundingBox.cpp: In member function 'bool SFBoundingBox::CollidesWith(int)':
..\SFBoundingBox.cpp:54:33: error: 'b' was not declared in this scope
     b_x_proj = projectOntoAxis(*b, X),
                                 ^
..\SFBoundingBox.cpp:57:66: error: 'b_y_proj' was not declared in this scope
   return (straddles(a_x_proj, b_x_proj)) && (straddles(a_y_proj, b_y_proj));
                                                                  ^
..\SFBoundingBox.cpp: In function 'std::ostream& operator<<(std::ostream&, const SFBoundingBox&)':
..\SFBoundingBox.cpp:61:22: error: 'const class SFBoundingBox' has no member named 'centre'
   os << "c:(" << obj.centre->getX() << ", " << obj.centre->getY() << ") w:" << (obj.extent_x->getX()*2) << " h:" << (obj.extent_y->getY()*2);
                      ^
..\SFBoundingBox.cpp:61:52: error: 'const class SFBoundingBox' has no member named 'centre'
   os << "c:(" << obj.centre->getX() << ", " << obj.centre->getY() << ") w:" << (obj.extent_x->getX()*2) << " h:" << (obj.extent_y->getY()*2);
                                                    ^
..\SFBoundingBox.cpp:61:85: error: 'const class SFBoundingBox' has no member named 'extent_x'
   os << "c:(" << obj.centre->getX() << ", " << obj.centre->getY() << ") w:" << (obj.extent_x->getX()*2) << " h:" << (obj.extent_y->getY()*2);
                                                                                     ^
..\SFBoundingBox.cpp:61:122: error: 'const class SFBoundingBox' has no member named 'extent_y'
   os << "c:(" << obj.centre->getX() << ", " << obj.centre->getY() << ") w:" << (obj.extent_x->getX()*2) << " h:" << (obj.extent_y->getY()*2);
                                                                                                                          ^
18:54:14 **** Incremental Build of configuration Release for project StarShipPacMan ****
Info: Internal Builder is used for build
g++ "-IF:\\Pacman_Files\\Eclipse_projects\\StarShipPacMan\\SDL2" -O3 -Wall -c -fmessage-length=0 -o SFBoundingBox.o "..\\SFBoundingBox.cpp" 
In file included from ..\SFBoundingBox.cpp:1:0:
..\SFBoundingBox.h:9:22: error: 'tr1' is not a namespace-name
 using namespace std::tr1;
                      ^
..\SFBoundingBox.h:9:25: error: expected namespace-name before ';' token
 using namespace std::tr1;
                         ^
In file included from ..\SFBoundingBox.cpp:1:0:
..\SFBoundingBox.h:21:27: error: 'shared_ptr' does not name a type
   bool CollidesWith(const shared_ptr<SFBoundingBox>);
                           ^
..\SFBoundingBox.h:21:37: error: expected ',' or '...' before '<' token
   bool CollidesWith(const shared_ptr<SFBoundingBox>);
                                     ^
..\SFBoundingBox.h:24:3: error: 'shared_ptr' does not name a type
   shared_ptr<Vector2> centre, extent_x, extent_y;
   ^
..\SFBoundingBox.cpp: In constructor 'SFBoundingBox::SFBoundingBox(Vector2, int, int)':
..\SFBoundingBox.cpp:6:3: error: class 'SFBoundingBox' does not have any field named 'centre'
   centre(make_shared<Vector2>(centre)),
   ^
..\SFBoundingBox.cpp:6:10: error: 'make_shared' was not declared in this scope
   centre(make_shared<Vector2>(centre)),
          ^
..\SFBoundingBox.cpp:6:29: error: expected primary-expression before '>' token
   centre(make_shared<Vector2>(centre)),
                             ^
..\SFBoundingBox.cpp:7:3: error: class 'SFBoundingBox' does not have any field named 'extent_x'
   extent_x(make_shared<Vector2>(Vector2((float) width/2.0, 0))),
   ^
..\SFBoundingBox.cpp:7:31: error: expected primary-expression before '>' token
   extent_x(make_shared<Vector2>(Vector2((float) width/2.0, 0))),
                               ^
..\SFBoundingBox.cpp:8:3: error: class 'SFBoundingBox' does not have any field named 'extent_y'
   extent_y(make_shared<Vector2>(Vector2(0, (float) height/2.0))) {
   ^
..\SFBoundingBox.cpp:8:31: error: expected primary-expression before '>' token
   extent_y(make_shared<Vector2>(Vector2(0, (float) height/2.0))) {
                               ^
..\SFBoundingBox.cpp: In destructor 'virtual SFBoundingBox::~SFBoundingBox()':
..\SFBoundingBox.cpp:12:3: error: 'centre' was not declared in this scope
   centre.reset();
   ^
..\SFBoundingBox.cpp:13:3: error: 'extent_x' was not declared in this scope
   extent_x.reset();
   ^
..\SFBoundingBox.cpp:14:3: error: 'extent_y' was not declared in this scope
   extent_y.reset();
   ^
..\SFBoundingBox.cpp: In member function 'void SFBoundingBox::SetCentre(Vector2&)':
..\SFBoundingBox.cpp:18:3: error: 'centre' was not declared in this scope
   centre = make_shared<Vector2>(v);
   ^
..\SFBoundingBox.cpp:18:12: error: 'make_shared' was not declared in this scope
   centre = make_shared<Vector2>(v);
            ^
..\SFBoundingBox.cpp:18:31: error: expected primary-expression before '>' token
   centre = make_shared<Vector2>(v);
                               ^
..\SFBoundingBox.cpp: In member function 'std::pair<float, float> SFBoundingBox::projectOntoAxis(const SFBoundingBox&, AXIS)':
..\SFBoundingBox.cpp:34:23: error: 'const class SFBoundingBox' has no member named 'extent_x'
       Vector2 bx = *b.extent_x;
                       ^
..\SFBoundingBox.cpp:35:44: error: 'const class SFBoundingBox' has no member named 'centre'
       lo  = projection( Point2(Vector2(*(b.centre)) + (bx * -1)), xAxis());
                                            ^
..\SFBoundingBox.cpp:36:44: error: 'const class SFBoundingBox' has no member named 'centre'
       hi  = projection( Point2(Vector2(*(b.centre)) + bx), xAxis());
                                            ^
..\SFBoundingBox.cpp:41:23: error: 'const class SFBoundingBox' has no member named 'extent_y'
       Vector2 by = *b.extent_y;
                       ^
..\SFBoundingBox.cpp:42:44: error: 'const class SFBoundingBox' has no member named 'centre'
       lo  = projection( Point2(Vector2(*(b.centre)) + (by * -1)), yAxis());
                                            ^
..\SFBoundingBox.cpp:43:44: error: 'const class SFBoundingBox' has no member named 'centre'
       hi  = projection( Point2(Vector2(*(b.centre)) + by), yAxis());
                                            ^
..\SFBoundingBox.cpp: At global scope:
..\SFBoundingBox.cpp:51:40: error: 'shared_ptr' does not name a type
 bool SFBoundingBox::CollidesWith(const shared_ptr<SFBoundingBox> b) {
                                        ^
..\SFBoundingBox.cpp:51:50: error: expected ',' or '...' before '<' token
 bool SFBoundingBox::CollidesWith(const shared_ptr<SFBoundingBox> b) {
                                                  ^
..\SFBoundingBox.cpp: In member function 'bool SFBoundingBox::CollidesWith(int)':
..\SFBoundingBox.cpp:54:33: error: 'b' was not declared in this scope
     b_x_proj = projectOntoAxis(*b, X),
                                 ^
..\SFBoundingBox.cpp:57:66: error: 'b_y_proj' was not declared in this scope
   return (straddles(a_x_proj, b_x_proj)) && (straddles(a_y_proj, b_y_proj));
                                                                  ^
..\SFBoundingBox.cpp: In function 'std::ostream& operator<<(std::ostream&, const SFBoundingBox&)':
..\SFBoundingBox.cpp:61:22: error: 'const class SFBoundingBox' has no member named 'centre'
   os << "c:(" << obj.centre->getX() << ", " << obj.centre->getY() << ") w:" << (obj.extent_x->getX()*2) << " h:" << (obj.extent_y->getY()*2);
                      ^
..\SFBoundingBox.cpp:61:52: error: 'const class SFBoundingBox' has no member named 'centre'
   os << "c:(" << obj.centre->getX() << ", " << obj.centre->getY() << ") w:" << (obj.extent_x->getX()*2) << " h:" << (obj.extent_y->getY()*2);
                                                    ^
..\SFBoundingBox.cpp:61:85: error: 'const class SFBoundingBox' has no member named 'extent_x'
   os << "c:(" << obj.centre->getX() << ", " << obj.centre->getY() << ") w:" << (obj.extent_x->getX()*2) << " h:" << (obj.extent_y->getY()*2);
                                                                                     ^
..\SFBoundingBox.cpp:61:122: error: 'const class SFBoundingBox' has no member named 'extent_y'
   os << "c:(" << obj.centre->getX() << ", " << obj.centre->getY() << ") w:" << (obj.extent_x->getX()*2) << " h:" << (obj.extent_y->getY()*2);
                                                                                                                          ^
18:54:31 **** Incremental Build of configuration Release for project StarShipPacMan ****
Info: Internal Builder is used for build
g++ "-IF:\\Pacman_Files\\Eclipse_projects\\StarShipPacMan\\SDL2" -O3 -Wall -c -fmessage-length=0 -o SFApp.o "..\\SFApp.cpp" 
In file included from ..\SFApp.h:16:0,
                 from ..\SFApp.cpp:1:
..\SFAsset.h:55:8: error: 'shared_ptr' in namespace 'std' does not name a template type
   std::shared_ptr<SFWindow>   sf_window;
        ^
..\SFApp.cpp:3:13: error: expected constructor, destructor, or type conversion before '(' token
 SFApp::SFApp(std::shared_ptr<SFWindow> window) : fire(0), is_running(true), sf_window(window) {
             ^
In file included from ..\SFBoundingBox.h:11:0,
                 from ..\SFAsset.h:16,
                 from ..\SFApp.h:16,
                 from ..\SFApp.cpp:1:
..\SFMath.h:86:22: warning: 'const Vector2 xAxis()' defined but not used [-Wunused-function]
 static const Vector2 xAxis() {
                      ^
..\SFMath.h:90:22: warning: 'const Vector2 yAxis()' defined but not used [-Wunused-function]
 static const Vector2 yAxis() {
                      ^
18:56:47 **** Incremental Build of configuration Release for project StarShipPacMan ****
Info: Internal Builder is used for build
g++ "-IF:\\Pacman_Files\\Eclipse_projects\\StarShipPacMan\\SDL2" -O3 -Wall -c -fmessage-length=0 -std=c++11 -o SFWindow.o "..\\SFWindow.cpp" 
g++ "-IF:\\Pacman_Files\\Eclipse_projects\\StarShipPacMan\\SDL2" -O3 -Wall -c -fmessage-length=0 -std=c++11 -o Main.o "..\\Main.cpp" 
In file included from ..\SFAsset.h:16:0,
                 from ..\SFApp.h:15,
                 from ..\Main.cpp:7:
..\SFBoundingBox.h:21:27: error: reference to 'shared_ptr' is ambiguous
   bool CollidesWith(const shared_ptr<SFBoundingBox>);
                           ^
In file included from c:\mingw\lib\gcc\mingw32\5.3.0\include\c++\tr1\memory:50:0,
                 from ..\SFApp.h:5,
                 from ..\Main.cpp:7:
c:\mingw\lib\gcc\mingw32\5.3.0\include\c++\tr1\shared_ptr.h:503:11: note: candidates are: template<class _Tp> class std::tr1::shared_ptr
     class shared_ptr;
           ^
In file included from c:\mingw\lib\gcc\mingw32\5.3.0\include\c++\bits\shared_ptr.h:52:0,
                 from c:\mingw\lib\gcc\mingw32\5.3.0\include\c++\memory:82,
                 from ..\Main.cpp:2:
c:\mingw\lib\gcc\mingw32\5.3.0\include\c++\bits\shared_ptr_base.h:345:11: note:                 template<class _Tp> class std::shared_ptr
     class shared_ptr;
           ^
In file included from ..\SFAsset.h:16:0,
                 from ..\SFApp.h:15,
                 from ..\Main.cpp:7:
..\SFBoundingBox.h:21:37: error: expected ',' or '...' before '<' token
   bool CollidesWith(const shared_ptr<SFBoundingBox>);
                                     ^
..\SFBoundingBox.h:24:3: error: reference to 'shared_ptr' is ambiguous
   shared_ptr<Vector2> centre, extent_x, extent_y;
   ^
In file included from c:\mingw\lib\gcc\mingw32\5.3.0\include\c++\tr1\memory:50:0,
                 from ..\SFApp.h:5,
                 from ..\Main.cpp:7:
c:\mingw\lib\gcc\mingw32\5.3.0\include\c++\tr1\shared_ptr.h:503:11: note: candidates are: template<class _Tp> class std::tr1::shared_ptr
     class shared_ptr;
           ^
In file included from c:\mingw\lib\gcc\mingw32\5.3.0\include\c++\bits\shared_ptr.h:52:0,
                 from c:\mingw\lib\gcc\mingw32\5.3.0\include\c++\memory:82,
                 from ..\Main.cpp:2:
c:\mingw\lib\gcc\mingw32\5.3.0\include\c++\bits\shared_ptr_base.h:345:11: note:                 template<class _Tp> class std::shared_ptr
     class shared_ptr;
           ^
In file included from ..\SFApp.h:15:0,
                 from ..\Main.cpp:7:
..\SFAsset.h:44:50: error: reference to 'shared_ptr' is ambiguous
   virtual bool                      CollidesWith(shared_ptr<SFAsset>);
                                                  ^
In file included from c:\mingw\lib\gcc\mingw32\5.3.0\include\c++\tr1\memory:50:0,
                 from ..\SFApp.h:5,
                 from ..\Main.cpp:7:
c:\mingw\lib\gcc\mingw32\5.3.0\include\c++\tr1\shared_ptr.h:503:11: note: candidates are: template<class _Tp> class std::tr1::shared_ptr
     class shared_ptr;
           ^
In file included from c:\mingw\lib\gcc\mingw32\5.3.0\include\c++\bits\shared_ptr.h:52:0,
                 from c:\mingw\lib\gcc\mingw32\5.3.0\include\c++\memory:82,
                 from ..\Main.cpp:2:
c:\mingw\lib\gcc\mingw32\5.3.0\include\c++\bits\shared_ptr_base.h:345:11: note:                 template<class _Tp> class std::shared_ptr
     class shared_ptr;
           ^
In file included from ..\SFApp.h:15:0,
                 from ..\Main.cpp:7:
..\SFAsset.h:44:50: error: 'shared_ptr' has not been declared
   virtual bool                      CollidesWith(shared_ptr<SFAsset>);
                                                  ^
..\SFAsset.h:44:60: error: expected ',' or '...' before '<' token
   virtual bool                      CollidesWith(shared_ptr<SFAsset>);
                                                            ^
..\SFAsset.h:45:11: error: reference to 'shared_ptr' is ambiguous
   virtual shared_ptr<SFBoundingBox> GetBoundingBox();
           ^
In file included from c:\mingw\lib\gcc\mingw32\5.3.0\include\c++\tr1\memory:50:0,
                 from ..\SFApp.h:5,
                 from ..\Main.cpp:7:
c:\mingw\lib\gcc\mingw32\5.3.0\include\c++\tr1\shared_ptr.h:503:11: note: candidates are: template<class _Tp> class std::tr1::shared_ptr
     class shared_ptr;
           ^
In file included from c:\mingw\lib\gcc\mingw32\5.3.0\include\c++\bits\shared_ptr.h:52:0,
                 from c:\mingw\lib\gcc\mingw32\5.3.0\include\c++\memory:82,
                 from ..\Main.cpp:2:
c:\mingw\lib\gcc\mingw32\5.3.0\include\c++\bits\shared_ptr_base.h:345:11: note:                 template<class _Tp> class std::shared_ptr
     class shared_ptr;
           ^
In file included from ..\SFApp.h:15:0,
                 from ..\Main.cpp:7:
..\SFAsset.h:52:3: error: reference to 'shared_ptr' is ambiguous
   shared_ptr<SFBoundingBox>   bbox;
   ^
In file included from c:\mingw\lib\gcc\mingw32\5.3.0\include\c++\tr1\memory:50:0,
                 from ..\SFApp.h:5,
                 from ..\Main.cpp:7:
c:\mingw\lib\gcc\mingw32\5.3.0\include\c++\tr1\shared_ptr.h:503:11: note: candidates are: template<class _Tp> class std::tr1::shared_ptr
     class shared_ptr;
           ^
In file included from c:\mingw\lib\gcc\mingw32\5.3.0\include\c++\bits\shared_ptr.h:52:0,
                 from c:\mingw\lib\gcc\mingw32\5.3.0\include\c++\memory:82,
                 from ..\Main.cpp:2:
c:\mingw\lib\gcc\mingw32\5.3.0\include\c++\bits\shared_ptr_base.h:345:11: note:                 template<class _Tp> class std::shared_ptr
     class shared_ptr;
           ^
In file included from ..\Main.cpp:7:0:
..\SFApp.h:36:3: error: reference to 'shared_ptr' is ambiguous
   shared_ptr<SFAsset>   background;
   ^
In file included from c:\mingw\lib\gcc\mingw32\5.3.0\include\c++\tr1\memory:50:0,
                 from ..\SFApp.h:5,
                 from ..\Main.cpp:7:
c:\mingw\lib\gcc\mingw32\5.3.0\include\c++\tr1\shared_ptr.h:503:11: note: candidates are: template<class _Tp> class std::tr1::shared_ptr
     class shared_ptr;
           ^
In file included from c:\mingw\lib\gcc\mingw32\5.3.0\include\c++\bits\shared_ptr.h:52:0,
                 from c:\mingw\lib\gcc\mingw32\5.3.0\include\c++\memory:82,
                 from ..\Main.cpp:2:
c:\mingw\lib\gcc\mingw32\5.3.0\include\c++\bits\shared_ptr_base.h:345:11: note:                 template<class _Tp> class std::shared_ptr
     class shared_ptr;
           ^
In file included from ..\Main.cpp:7:0:
..\SFApp.h:37:3: error: reference to 'shared_ptr' is ambiguous
   shared_ptr<SFWindow>       sf_window;
   ^
In file included from c:\mingw\lib\gcc\mingw32\5.3.0\include\c++\tr1\memory:50:0,
                 from ..\SFApp.h:5,
                 from ..\Main.cpp:7:
c:\mingw\lib\gcc\mingw32\5.3.0\include\c++\tr1\shared_ptr.h:503:11: note: candidates are: template<class _Tp> class std::tr1::shared_ptr
     class shared_ptr;
           ^
In file included from c:\mingw\lib\gcc\mingw32\5.3.0\include\c++\bits\shared_ptr.h:52:0,
                 from c:\mingw\lib\gcc\mingw32\5.3.0\include\c++\memory:82,
                 from ..\Main.cpp:2:
c:\mingw\lib\gcc\mingw32\5.3.0\include\c++\bits\shared_ptr_base.h:345:11: note:                 template<class _Tp> class std::shared_ptr
     class shared_ptr;
           ^
In file included from ..\Main.cpp:7:0:
..\SFApp.h:39:3: error: reference to 'shared_ptr' is ambiguous
   shared_ptr<SFAsset>        player;
   ^
In file included from c:\mingw\lib\gcc\mingw32\5.3.0\include\c++\tr1\memory:50:0,
                 from ..\SFApp.h:5,
                 from ..\Main.cpp:7:
c:\mingw\lib\gcc\mingw32\5.3.0\include\c++\tr1\shared_ptr.h:503:11: note: candidates are: template<class _Tp> class std::tr1::shared_ptr
     class shared_ptr;
           ^
In file included from c:\mingw\lib\gcc\mingw32\5.3.0\include\c++\bits\shared_ptr.h:52:0,
                 from c:\mingw\lib\gcc\mingw32\5.3.0\include\c++\memory:82,
                 from ..\Main.cpp:2:
c:\mingw\lib\gcc\mingw32\5.3.0\include\c++\bits\shared_ptr_base.h:345:11: note:                 template<class _Tp> class std::shared_ptr
     class shared_ptr;
           ^
In file included from ..\Main.cpp:7:0:
..\SFApp.h:40:3: error: reference to 'shared_ptr' is ambiguous
   shared_ptr<SFBoundingBox>  app_box;
   ^
In file included from c:\mingw\lib\gcc\mingw32\5.3.0\include\c++\tr1\memory:50:0,
                 from ..\SFApp.h:5,
                 from ..\Main.cpp:7:
c:\mingw\lib\gcc\mingw32\5.3.0\include\c++\tr1\shared_ptr.h:503:11: note: candidates are: template<class _Tp> class std::tr1::shared_ptr
     class shared_ptr;
           ^
In file included from c:\mingw\lib\gcc\mingw32\5.3.0\include\c++\bits\shared_ptr.h:52:0,
                 from c:\mingw\lib\gcc\mingw32\5.3.0\include\c++\memory:82,
                 from ..\Main.cpp:2:
c:\mingw\lib\gcc\mingw32\5.3.0\include\c++\bits\shared_ptr_base.h:345:11: note:                 template<class _Tp> class std::shared_ptr
     class shared_ptr;
           ^
In file included from ..\Main.cpp:7:0:
..\SFApp.h:41:28: error: template argument 1 is invalid
   list<shared_ptr<SFAsset> > projectiles;
                            ^
..\SFApp.h:41:28: error: template argument 2 is invalid
..\SFApp.h:42:28: error: template argument 1 is invalid
   list<shared_ptr<SFAsset> > aliens;
                            ^
..\SFApp.h:42:28: error: template argument 2 is invalid
..\SFApp.h:43:28: error: template argument 1 is invalid
   list<shared_ptr<SFAsset> > coins;
                            ^
..\SFApp.h:43:28: error: template argument 2 is invalid
..\Main.cpp: In function 'int main(int, char**)':
..\Main.cpp:64:3: error: reference to 'shared_ptr' is ambiguous
   shared_ptr<SFApp> sfapp = nullptr;
   ^
In file included from c:\mingw\lib\gcc\mingw32\5.3.0\include\c++\tr1\memory:50:0,
                 from ..\SFApp.h:5,
                 from ..\Main.cpp:7:
c:\mingw\lib\gcc\mingw32\5.3.0\include\c++\tr1\shared_ptr.h:503:11: note: candidates are: template<class _Tp> class std::tr1::shared_ptr
     class shared_ptr;
           ^
In file included from c:\mingw\lib\gcc\mingw32\5.3.0\include\c++\bits\shared_ptr.h:52:0,
                 from c:\mingw\lib\gcc\mingw32\5.3.0\include\c++\memory:82,
                 from ..\Main.cpp:2:
c:\mingw\lib\gcc\mingw32\5.3.0\include\c++\bits\shared_ptr_base.h:345:11: note:                 template<class _Tp> class std::shared_ptr
     class shared_ptr;
           ^
..\Main.cpp:64:19: error: expected primary-expression before '>' token
   shared_ptr<SFApp> sfapp = nullptr;
                   ^
..\Main.cpp:64:21: error: 'sfapp' was not declared in this scope
   shared_ptr<SFApp> sfapp = nullptr;
                     ^
..\Main.cpp:75:11: error: reference to 'shared_ptr' is ambiguous
   sfapp = shared_ptr<SFApp>(new SFApp(window));
           ^
In file included from c:\mingw\lib\gcc\mingw32\5.3.0\include\c++\tr1\memory:50:0,
                 from ..\SFApp.h:5,
                 from ..\Main.cpp:7:
c:\mingw\lib\gcc\mingw32\5.3.0\include\c++\tr1\shared_ptr.h:503:11: note: candidates are: template<class _Tp> class std::tr1::shared_ptr
     class shared_ptr;
           ^
In file included from c:\mingw\lib\gcc\mingw32\5.3.0\include\c++\bits\shared_ptr.h:52:0,
                 from c:\mingw\lib\gcc\mingw32\5.3.0\include\c++\memory:82,
                 from ..\Main.cpp:2:
c:\mingw\lib\gcc\mingw32\5.3.0\include\c++\bits\shared_ptr_base.h:345:11: note:                 template<class _Tp> class std::shared_ptr
     class shared_ptr;
           ^
..\Main.cpp:75:27: error: expected primary-expression before '>' token
   sfapp = shared_ptr<SFApp>(new SFApp(window));
                           ^
In file included from ..\SFBoundingBox.h:11:0,
                 from ..\SFAsset.h:16,
                 from ..\SFApp.h:15,
                 from ..\Main.cpp:7:
..\SFMath.h: At global scope:
..\SFMath.h:86:22: warning: 'const Vector2 xAxis()' defined but not used [-Wunused-function]
 static const Vector2 xAxis() {
                      ^
..\SFMath.h:90:22: warning: 'const Vector2 yAxis()' defined but not used [-Wunused-function]
 static const Vector2 yAxis() {
                      ^
18:56:58 **** Incremental Build of configuration Release for project StarShipPacMan ****
Info: Internal Builder is used for build
g++ "-IF:\\Pacman_Files\\Eclipse_projects\\StarShipPacMan\\SDL2" -O3 -Wall -c -fmessage-length=0 -std=c++11 -o SFAsset.o "..\\SFAsset.cpp" 
In file included from ..\SFAsset.h:16:0,
                 from ..\SFAsset.cpp:1:
..\SFBoundingBox.h:9:22: error: 'tr1' is not a namespace-name
 using namespace std::tr1;
                      ^
..\SFBoundingBox.h:9:25: error: expected namespace-name before ';' token
 using namespace std::tr1;
                         ^
In file included from ..\SFAsset.cpp:1:0:
..\SFAsset.h:28:41: error: 'tr1' in namespace 'std' does not name a type
   SFAsset(const SFASSETTYPE, const std::tr1::shared_ptr<SFWindow>);
                                         ^
..\SFAsset.h:28:66: error: expected unqualified-id before ')' token
   SFAsset(const SFASSETTYPE, const std::tr1::shared_ptr<SFWindow>);
                                                                  ^
..\SFAsset.cpp:5:1: error: prototype for 'SFAsset::SFAsset(SFASSETTYPE, std::shared_ptr<SFWindow>)' does not match any in class 'SFAsset'
 SFAsset::SFAsset(SFASSETTYPE type, std::shared_ptr<SFWindow> window): type(type), sf_window(window) {
 ^
In file included from ..\SFAsset.cpp:1:0:
..\SFAsset.h:29:3: error: candidates are: SFAsset::SFAsset(const SFAsset&)
   SFAsset(const SFAsset&);
   ^
..\SFAsset.h:28:3: error:                 SFAsset::SFAsset(...)
   SFAsset(const SFASSETTYPE, const std::tr1::shared_ptr<SFWindow>);
   ^
In file included from ..\SFBoundingBox.h:11:0,
                 from ..\SFAsset.h:16,
                 from ..\SFAsset.cpp:1:
..\SFMath.h:86:22: warning: 'const Vector2 xAxis()' defined but not used [-Wunused-function]
 static const Vector2 xAxis() {
                      ^
..\SFMath.h:90:22: warning: 'const Vector2 yAxis()' defined but not used [-Wunused-function]
 static const Vector2 yAxis() {
                      ^
18:57:06 **** Incremental Build of configuration Release for project StarShipPacMan ****
Info: Internal Builder is used for build
g++ "-IF:\\Pacman_Files\\Eclipse_projects\\StarShipPacMan\\SDL2" -O3 -Wall -c -fmessage-length=0 -std=c++11 -o SFApp.o "..\\SFApp.cpp" 
In file included from ..\SFAsset.h:16:0,
                 from ..\SFApp.h:14,
                 from ..\SFApp.cpp:1:
..\SFBoundingBox.h:9:22: error: 'tr1' is not a namespace-name
 using namespace std::tr1;
                      ^
..\SFBoundingBox.h:9:25: error: expected namespace-name before ';' token
 using namespace std::tr1;
                         ^
In file included from ..\SFApp.h:14:0,
                 from ..\SFApp.cpp:1:
..\SFAsset.h:28:41: error: 'tr1' in namespace 'std' does not name a type
   SFAsset(const SFASSETTYPE, const std::tr1::shared_ptr<SFWindow>);
                                         ^
..\SFAsset.h:28:66: error: expected unqualified-id before ')' token
   SFAsset(const SFASSETTYPE, const std::tr1::shared_ptr<SFWindow>);
                                                                  ^
In file included from ..\SFApp.cpp:1:0:
..\SFApp.h: In constructor 'SFApp::SFApp(std::shared_ptr<SFWindow>)':
..\SFApp.h:44:7: warning: 'SFApp::fire' will be initialized after [-Wreorder]
   int fire;
       ^
..\SFApp.h:32:27: warning:   'bool SFApp::is_running' [-Wreorder]
   bool                    is_running;
                           ^
..\SFApp.cpp:3:1: warning:   when initialized here [-Wreorder]
 SFApp::SFApp(std::shared_ptr<SFWindow> window) : fire(0), is_running(true), sf_window(window) {
 ^
..\SFApp.cpp: In member function 'void SFApp::OnEvent(SFEvent&)':
..\SFApp.cpp:43:10: warning: enumeration value 'SFEVENT_NULL' not handled in switch [-Wswitch]
   switch (the_event) {
          ^
..\SFApp.cpp:43:10: warning: enumeration value 'SFEVENT_COLLISION' not handled in switch [-Wswitch]
..\SFApp.cpp:43:10: warning: enumeration value 'SFEVENT_LAST' not handled in switch [-Wswitch]
In file included from ..\SFBoundingBox.h:11:0,
                 from ..\SFAsset.h:16,
                 from ..\SFApp.h:14,
                 from ..\SFApp.cpp:1:
..\SFMath.h: At global scope:
..\SFMath.h:86:22: warning: 'const Vector2 xAxis()' defined but not used [-Wunused-function]
 static const Vector2 xAxis() {
                      ^
..\SFMath.h:90:22: warning: 'const Vector2 yAxis()' defined but not used [-Wunused-function]
 static const Vector2 yAxis() {
                      ^
19:00:22 **** Incremental Build of configuration Release for project StarShipPacMan ****
Info: Internal Builder is used for build
g++ "-IF:\\Pacman_Files\\Eclipse_projects\\StarShipPacMan\\SDL2" -O3 -Wall -c -fmessage-length=0 -std=c++11 -o SFEvent.o "..\\SFEvent.cpp" 
g++ "-IF:\\Pacman_Files\\Eclipse_projects\\StarShipPacMan\\SDL2" -O3 -Wall -c -fmessage-length=0 -std=c++11 -o SFApp.o "..\\SFApp.cpp" 
In file included from ..\SFAsset.h:16:0,
                 from ..\SFApp.h:14,
                 from ..\SFApp.cpp:1:
..\SFBoundingBox.h:9:22: error: 'tr1' is not a namespace-name
 using namespace std::tr1;
                      ^
..\SFBoundingBox.h:9:25: error: expected namespace-name before ';' token
 using namespace std::tr1;
                         ^
In file included from ..\SFApp.h:14:0,
                 from ..\SFApp.cpp:1:
..\SFAsset.h:28:41: error: 'tr1' in namespace 'std' does not name a type
   SFAsset(const SFASSETTYPE, const std::tr1::shared_ptr<SFWindow>);
                                         ^
..\SFAsset.h:28:66: error: expected unqualified-id before ')' token
   SFAsset(const SFASSETTYPE, const std::tr1::shared_ptr<SFWindow>);
                                                                  ^
In file included from ..\SFApp.cpp:1:0:
..\SFApp.h: In constructor 'SFApp::SFApp(std::shared_ptr<SFWindow>)':
..\SFApp.h:44:7: warning: 'SFApp::fire' will be initialized after [-Wreorder]
   int fire;
       ^
..\SFApp.h:32:27: warning:   'bool SFApp::is_running' [-Wreorder]
   bool                    is_running;
                           ^
..\SFApp.cpp:3:1: warning:   when initialized here [-Wreorder]
 SFApp::SFApp(std::shared_ptr<SFWindow> window) : fire(0), is_running(true), sf_window(window) {
 ^
..\SFApp.cpp: In member function 'void SFApp::OnEvent(SFEvent&)':
..\SFApp.cpp:43:10: warning: enumeration value 'SFEVENT_NULL' not handled in switch [-Wswitch]
   switch (the_event) {
          ^
..\SFApp.cpp:43:10: warning: enumeration value 'SFEVENT_COLLISION' not handled in switch [-Wswitch]
..\SFApp.cpp:43:10: warning: enumeration value 'SFEVENT_LAST' not handled in switch [-Wswitch]
In file included from ..\SFBoundingBox.h:11:0,
                 from ..\SFAsset.h:16,
                 from ..\SFApp.h:14,
                 from ..\SFApp.cpp:1:
..\SFMath.h: At global scope:
..\SFMath.h:86:22: warning: 'const Vector2 xAxis()' defined but not used [-Wunused-function]
 static const Vector2 xAxis() {
                      ^
..\SFMath.h:90:22: warning: 'const Vector2 yAxis()' defined but not used [-Wunused-function]
 static const Vector2 yAxis() {
                      ^
19:01:48 **** Incremental Build of configuration Release for project StarShipPacMan ****
Info: Internal Builder is used for build
g++ "-IF:\\Pacman_Files\\Eclipse_projects\\StarShipPacMan\\SDL2" -O3 -Wall -c -fmessage-length=0 -std=c++11 -std=c++0x -o Main.o "..\\Main.cpp" 
In file included from ..\SFAsset.h:16:0,
                 from ..\SFApp.h:14,
                 from ..\Main.cpp:7:
..\SFBoundingBox.h:9:22: error: 'tr1' is not a namespace-name
 using namespace std::tr1;
                      ^
..\SFBoundingBox.h:9:25: error: expected namespace-name before ';' token
 using namespace std::tr1;
                         ^
In file included from ..\SFApp.h:14:0,
                 from ..\Main.cpp:7:
..\SFAsset.h:28:41: error: 'tr1' in namespace 'std' does not name a type
   SFAsset(const SFASSETTYPE, const std::tr1::shared_ptr<SFWindow>);
                                         ^
..\SFAsset.h:28:66: error: expected unqualified-id before ')' token
   SFAsset(const SFASSETTYPE, const std::tr1::shared_ptr<SFWindow>);
                                                                  ^
In file included from ..\SFBoundingBox.h:11:0,
                 from ..\SFAsset.h:16,
                 from ..\SFApp.h:14,
                 from ..\Main.cpp:7:
..\SFMath.h:86:22: warning: 'const Vector2 xAxis()' defined but not used [-Wunused-function]
 static const Vector2 xAxis() {
                      ^
..\SFMath.h:90:22: warning: 'const Vector2 yAxis()' defined but not used [-Wunused-function]
 static const Vector2 yAxis() {
                      ^
19:06:03 **** Incremental Build of configuration Release for project StarShipPacMan ****
Info: Internal Builder is used for build
g++ "-IF:\\Pacman_Files\\Eclipse_projects\\StarShipPacMan\\SDL2" -O3 -Wall -c -fmessage-length=0 -std=c++11 -o Main.o "..\\Main.cpp" 
In file included from ..\SFApp.h:14:0,
                 from ..\Main.cpp:7:
..\SFAsset.h:28:41: error: 'tr1' in namespace 'std' does not name a type
   SFAsset(const SFASSETTYPE, const std::tr1::shared_ptr<SFWindow>);
                                         ^
..\SFAsset.h:28:66: error: expected unqualified-id before ')' token
   SFAsset(const SFASSETTYPE, const std::tr1::shared_ptr<SFWindow>);
                                                                  ^
In file included from ..\SFBoundingBox.h:10:0,
                 from ..\SFAsset.h:16,
                 from ..\SFApp.h:14,
                 from ..\Main.cpp:7:
..\SFMath.h:86:22: warning: 'const Vector2 xAxis()' defined but not used [-Wunused-function]
 static const Vector2 xAxis() {
                      ^
..\SFMath.h:90:22: warning: 'const Vector2 yAxis()' defined but not used [-Wunused-function]
 static const Vector2 yAxis() {
                      ^
19:07:23 **** Incremental Build of configuration Release for project StarShipPacMan ****
Info: Internal Builder is used for build
g++ "-IF:\\Pacman_Files\\Eclipse_projects\\StarShipPacMan\\SDL2" -O3 -Wall -c -fmessage-length=0 -std=c++11 -o SFAsset.o "..\\SFAsset.cpp" 
In file included from ..\SFAsset.cpp:1:0:
..\SFAsset.h:28:41: error: 'tr1' in namespace 'std' does not name a type
   SFAsset(const SFASSETTYPE, const std::tr1::shared_ptr<SFWindow>);
                                         ^
..\SFAsset.h:28:66: error: expected unqualified-id before ')' token
   SFAsset(const SFASSETTYPE, const std::tr1::shared_ptr<SFWindow>);
                                                                  ^
..\SFAsset.cpp:5:1: error: prototype for 'SFAsset::SFAsset(SFASSETTYPE, std::shared_ptr<SFWindow>)' does not match any in class 'SFAsset'
 SFAsset::SFAsset(SFASSETTYPE type, std::shared_ptr<SFWindow> window): type(type), sf_window(window) {
 ^
In file included from ..\SFAsset.cpp:1:0:
..\SFAsset.h:29:3: error: candidates are: SFAsset::SFAsset(const SFAsset&)
   SFAsset(const SFAsset&);
   ^
..\SFAsset.h:28:3: error:                 SFAsset::SFAsset(...)
   SFAsset(const SFASSETTYPE, const std::tr1::shared_ptr<SFWindow>);
   ^
In file included from ..\SFBoundingBox.h:10:0,
                 from ..\SFAsset.h:16,
                 from ..\SFAsset.cpp:1:
..\SFMath.h:86:22: warning: 'const Vector2 xAxis()' defined but not used [-Wunused-function]
 static const Vector2 xAxis() {
                      ^
..\SFMath.h:90:22: warning: 'const Vector2 yAxis()' defined but not used [-Wunused-function]
 static const Vector2 yAxis() {
                      ^
19:07:34 **** Incremental Build of configuration Release for project StarShipPacMan ****
Info: Internal Builder is used for build
g++ "-IF:\\Pacman_Files\\Eclipse_projects\\StarShipPacMan\\SDL2" -O3 -Wall -c -fmessage-length=0 -std=c++11 -o SFEvent.o "..\\SFEvent.cpp" 
g++ "-IF:\\Pacman_Files\\Eclipse_projects\\StarShipPacMan\\SDL2" -O3 -Wall -c -fmessage-length=0 -std=c++11 -o SFBoundingBox.o "..\\SFBoundingBox.cpp" 
..\SFBoundingBox.cpp: In member function 'std::pair<float, float> SFBoundingBox::projectOntoAxis(const SFBoundingBox&, AXIS)':
..\SFBoundingBox.cpp:29:13: warning: 'hi' may be used uninitialized in this function [-Wmaybe-uninitialized]
   float lo, hi;
             ^
..\SFBoundingBox.cpp:29:9: warning: 'lo' may be used uninitialized in this function [-Wmaybe-uninitialized]
   float lo, hi;
         ^
g++ "-IF:\\Pacman_Files\\Eclipse_projects\\StarShipPacMan\\SDL2" -O3 -Wall -c -fmessage-length=0 -std=c++11 -o SFAsset.o "..\\SFAsset.cpp" 
In file included from ..\SFAsset.cpp:1:0:
..\SFAsset.h:28:41: error: 'tr1' in namespace 'std' does not name a type
   SFAsset(const SFASSETTYPE, const std::tr1::shared_ptr<SFWindow>);
                                         ^
..\SFAsset.h:28:66: error: expected unqualified-id before ')' token
   SFAsset(const SFASSETTYPE, const std::tr1::shared_ptr<SFWindow>);
                                                                  ^
..\SFAsset.cpp:5:1: error: prototype for 'SFAsset::SFAsset(SFASSETTYPE, std::shared_ptr<SFWindow>)' does not match any in class 'SFAsset'
 SFAsset::SFAsset(SFASSETTYPE type, std::shared_ptr<SFWindow> window): type(type), sf_window(window) {
 ^
In file included from ..\SFAsset.cpp:1:0:
..\SFAsset.h:29:3: error: candidates are: SFAsset::SFAsset(const SFAsset&)
   SFAsset(const SFAsset&);
   ^
..\SFAsset.h:28:3: error:                 SFAsset::SFAsset(...)
   SFAsset(const SFASSETTYPE, const std::tr1::shared_ptr<SFWindow>);
   ^
In file included from ..\SFBoundingBox.h:10:0,
                 from ..\SFAsset.h:16,
                 from ..\SFAsset.cpp:1:
..\SFMath.h:86:22: warning: 'const Vector2 xAxis()' defined but not used [-Wunused-function]
 static const Vector2 xAxis() {
                      ^
..\SFMath.h:90:22: warning: 'const Vector2 yAxis()' defined but not used [-Wunused-function]
 static const Vector2 yAxis() {
                      ^
19:08:19 **** Incremental Build of configuration Release for project StarShipPacMan ****
Info: Internal Builder is used for build
g++ "-IF:\\Pacman_Files\\Eclipse_projects\\StarShipPacMan\\SDL2" -O3 -Wall -c -fmessage-length=0 -std=c++11 -o SFApp.o "..\\SFApp.cpp" 
In file included from ..\SFApp.cpp:1:0:
..\SFApp.h: In constructor 'SFApp::SFApp(std::shared_ptr<SFWindow>)':
..\SFApp.h:44:7: warning: 'SFApp::fire' will be initialized after [-Wreorder]
   int fire;
       ^
..\SFApp.h:32:27: warning:   'bool SFApp::is_running' [-Wreorder]
   bool                    is_running;
                           ^
..\SFApp.cpp:3:1: warning:   when initialized here [-Wreorder]
 SFApp::SFApp(std::shared_ptr<SFWindow> window) : fire(0), is_running(true), sf_window(window) {
 ^
..\SFApp.cpp: In member function 'void SFApp::OnEvent(SFEvent&)':
..\SFApp.cpp:43:10: warning: enumeration value 'SFEVENT_NULL' not handled in switch [-Wswitch]
   switch (the_event) {
          ^
..\SFApp.cpp:43:10: warning: enumeration value 'SFEVENT_COLLISION' not handled in switch [-Wswitch]
..\SFApp.cpp:43:10: warning: enumeration value 'SFEVENT_LAST' not handled in switch [-Wswitch]
In file included from ..\SFBoundingBox.h:10:0,
                 from ..\SFAsset.h:16,
                 from ..\SFApp.h:14,
                 from ..\SFApp.cpp:1:
..\SFMath.h: At global scope:
..\SFMath.h:86:22: warning: 'const Vector2 xAxis()' defined but not used [-Wunused-function]
 static const Vector2 xAxis() {
                      ^
..\SFMath.h:90:22: warning: 'const Vector2 yAxis()' defined but not used [-Wunused-function]
 static const Vector2 yAxis() {
                      ^
g++ "-IF:\\Pacman_Files\\Eclipse_projects\\StarShipPacMan\\SDL2" -O3 -Wall -c -fmessage-length=0 -std=c++11 -o SFWindow.o "..\\SFWindow.cpp" 
g++ "-IF:\\Pacman_Files\\Eclipse_projects\\StarShipPacMan\\SDL2" -O3 -Wall -c -fmessage-length=0 -std=c++11 -o SFAsset.o "..\\SFAsset.cpp" 
..\SFAsset.cpp: In constructor 'SFAsset::SFAsset(SFASSETTYPE, std::shared_ptr<SFWindow>)':
..\SFAsset.cpp:8:10: warning: enumeration value 'SFASSET_DEAD' not handled in switch [-Wswitch]
   switch (type) {
          ^
In file included from ..\SFBoundingBox.h:10:0,
                 from ..\SFAsset.h:16,
                 from ..\SFAsset.cpp:1:
..\SFMath.h: At global scope:
..\SFMath.h:86:22: warning: 'const Vector2 xAxis()' defined but not used [-Wunused-function]
 static const Vector2 xAxis() {
                      ^
..\SFMath.h:90:22: warning: 'const Vector2 yAxis()' defined but not used [-Wunused-function]
 static const Vector2 yAxis() {
                      ^
g++ "-IF:\\Pacman_Files\\Eclipse_projects\\StarShipPacMan\\SDL2" -O3 -Wall -c -fmessage-length=0 -std=c++11 -o Main.o "..\\Main.cpp" 
In file included from ..\SFBoundingBox.h:10:0,
                 from ..\SFAsset.h:16,
                 from ..\SFApp.h:14,
                 from ..\Main.cpp:7:
..\SFMath.h:86:22: warning: 'const Vector2 xAxis()' defined but not used [-Wunused-function]
 static const Vector2 xAxis() {
                      ^
..\SFMath.h:90:22: warning: 'const Vector2 yAxis()' defined but not used [-Wunused-function]
 static const Vector2 yAxis() {
                      ^
g++ "-LF:\\Pacman_Files\\Eclipse_projects\\StarShipPacMan\\SDL2" -o StarShipPacMan.exe Main.o SFApp.o SFAsset.o SFBoundingBox.o SFEvent.o SFWindow.o -lSDL2 -lmingw32 -lSDLmain -lSDL2_image 
c:/mingw/bin/../lib/gcc/mingw32/5.3.0/../../../../mingw32/bin/ld.exe: cannot find -lSDLmain
collect2.exe: error: ld returned 1 exit status
19:09:14 **** Incremental Build of configuration Release for project StarShipPacMan ****
Info: Internal Builder is used for build
g++ "-LF:\\Pacman_Files\\Eclipse_projects\\StarShipPacMan\\SDL2" -o StarShipPacMan.exe Main.o SFApp.o SFAsset.o SFBoundingBox.o SFEvent.o SFWindow.o -lSDL2 -lmingw32 -lSDLmain -lSDL2_image 
c:/mingw/bin/../lib/gcc/mingw32/5.3.0/../../../../mingw32/bin/ld.exe: cannot find -lSDLmain
collect2.exe: error: ld returned 1 exit status
19:10:17 **** Clean-only build of configuration Release for project StarShipPacMan ****
rm -rf SFApp.o SFAsset.o SFBoundingBox.d SFWindow.o SFWindow.d SFAsset.d SFApp.d SFBoundingBox.o Main.o SFEvent.o StarShipPacMan.exe SFEvent.d Main.d 
Cannot run program "rm": Launching failed

Error: Program "rm" not found in PATH
PATH=[C:\MinGW\bin;\bin;\usr\bin;D:/Programming/Java Development Kit/Java_Setup/bin/server;D:/Programming/Java Development Kit/Java_Setup/bin;D:/Programming/Java Development Kit/Java_Setup/lib/amd64;C:\ProgramData\Oracle\Java\javapath;C:\WINDOWS\system32;C:\WINDOWS;C:\WINDOWS\System32\Wbem;C:\WINDOWS\System32\WindowsPowerShell\v1.0\;C:\Program Files (x86)\GtkSharp\2.12\bin;C:\Program Files\Microsoft SQL Server\130\Tools\Binn\;C:\Program Files (x86)\Skype\Phone\;C:\Users\Matt_\AppData\Local\Microsoft\WindowsApps;;C:\Users\Matt_\Desktop]

19:10:18 **** Clean-only build of configuration Release for project StarShipPacMan ****
19:10:59 **** Rebuild of configuration Release for project StarShipPacMan ****
Info: Internal Builder is used for build
g++ "-IF:\\Pacman_Files\\Eclipse_projects\\StarShipPacMan\\SDL2" -O3 -Wall -c -fmessage-length=0 -std=c++11 -o SFApp.o "..\\SFApp.cpp" 
In file included from ..\SFApp.cpp:1:0:
..\SFApp.h: In constructor 'SFApp::SFApp(std::shared_ptr<SFWindow>)':
..\SFApp.h:44:7: warning: 'SFApp::fire' will be initialized after [-Wreorder]
   int fire;
       ^
..\SFApp.h:32:27: warning:   'bool SFApp::is_running' [-Wreorder]
   bool                    is_running;
                           ^
..\SFApp.cpp:3:1: warning:   when initialized here [-Wreorder]
 SFApp::SFApp(std::shared_ptr<SFWindow> window) : fire(0), is_running(true), sf_window(window) {
 ^
..\SFApp.cpp: In member function 'void SFApp::OnEvent(SFEvent&)':
..\SFApp.cpp:43:10: warning: enumeration value 'SFEVENT_NULL' not handled in switch [-Wswitch]
   switch (the_event) {
          ^
..\SFApp.cpp:43:10: warning: enumeration value 'SFEVENT_COLLISION' not handled in switch [-Wswitch]
..\SFApp.cpp:43:10: warning: enumeration value 'SFEVENT_LAST' not handled in switch [-Wswitch]
In file included from ..\SFBoundingBox.h:10:0,
                 from ..\SFAsset.h:16,
                 from ..\SFApp.h:14,
                 from ..\SFApp.cpp:1:
..\SFMath.h: At global scope:
..\SFMath.h:86:22: warning: 'const Vector2 xAxis()' defined but not used [-Wunused-function]
 static const Vector2 xAxis() {
                      ^
..\SFMath.h:90:22: warning: 'const Vector2 yAxis()' defined but not used [-Wunused-function]
 static const Vector2 yAxis() {
                      ^
g++ "-IF:\\Pacman_Files\\Eclipse_projects\\StarShipPacMan\\SDL2" -O3 -Wall -c -fmessage-length=0 -std=c++11 -o SFAsset.o "..\\SFAsset.cpp" 
..\SFAsset.cpp: In constructor 'SFAsset::SFAsset(SFASSETTYPE, std::shared_ptr<SFWindow>)':
..\SFAsset.cpp:8:10: warning: enumeration value 'SFASSET_DEAD' not handled in switch [-Wswitch]
   switch (type) {
          ^
In file included from ..\SFBoundingBox.h:10:0,
                 from ..\SFAsset.h:16,
                 from ..\SFAsset.cpp:1:
..\SFMath.h: At global scope:
..\SFMath.h:86:22: warning: 'const Vector2 xAxis()' defined but not used [-Wunused-function]
 static const Vector2 xAxis() {
                      ^
..\SFMath.h:90:22: warning: 'const Vector2 yAxis()' defined but not used [-Wunused-function]
 static const Vector2 yAxis() {
                      ^
g++ "-IF:\\Pacman_Files\\Eclipse_projects\\StarShipPacMan\\SDL2" -O3 -Wall -c -fmessage-length=0 -std=c++11 -o Main.o "..\\Main.cpp" 
In file included from ..\SFBoundingBox.h:10:0,
                 from ..\SFAsset.h:16,
                 from ..\SFApp.h:14,
                 from ..\Main.cpp:7:
..\SFMath.h:86:22: warning: 'const Vector2 xAxis()' defined but not used [-Wunused-function]
 static const Vector2 xAxis() {
                      ^
..\SFMath.h:90:22: warning: 'const Vector2 yAxis()' defined but not used [-Wunused-function]
 static const Vector2 yAxis() {
                      ^
g++ "-IF:\\Pacman_Files\\Eclipse_projects\\StarShipPacMan\\SDL2" -O3 -Wall -c -fmessage-length=0 -std=c++11 -o SFWindow.o "..\\SFWindow.cpp" 
g++ "-IF:\\Pacman_Files\\Eclipse_projects\\StarShipPacMan\\SDL2" -O3 -Wall -c -fmessage-length=0 -std=c++11 -o SFBoundingBox.o "..\\SFBoundingBox.cpp" 
..\SFBoundingBox.cpp: In member function 'std::pair<float, float> SFBoundingBox::projectOntoAxis(const SFBoundingBox&, AXIS)':
..\SFBoundingBox.cpp:29:13: warning: 'hi' may be used uninitialized in this function [-Wmaybe-uninitialized]
   float lo, hi;
             ^
..\SFBoundingBox.cpp:29:9: warning: 'lo' may be used uninitialized in this function [-Wmaybe-uninitialized]
   float lo, hi;
         ^
g++ "-IF:\\Pacman_Files\\Eclipse_projects\\StarShipPacMan\\SDL2" -O3 -Wall -c -fmessage-length=0 -std=c++11 -o SFEvent.o "..\\SFEvent.cpp" 
g++ "-LF:\\Pacman_Files\\Eclipse_projects\\StarShipPacMan\\SDL2" -o StarShipPacMan.exe Main.o SFApp.o SFAsset.o SFBoundingBox.o SFEvent.o SFWindow.o -lSDL2 -lmingw32 -lSDLmain -lSDL2_image 
c:/mingw/bin/../lib/gcc/mingw32/5.3.0/../../../../mingw32/bin/ld.exe: cannot find -lSDLmain
collect2.exe: error: ld returned 1 exit status
19:13:11 **** Incremental Build of configuration Release for project StarShipPacMan ****
Info: Internal Builder is used for build
g++ -IF:/Pacman_Files/Eclipse_projects/StarShipPacMan/SDL2 -O3 -Wall -c -fmessage-length=0 -std=c++11 -o SFEvent.o "..\\SFEvent.cpp" 
g++ -IF:/Pacman_Files/Eclipse_projects/StarShipPacMan/SDL2 -O3 -Wall -c -fmessage-length=0 -std=c++11 -o SFAsset.o "..\\SFAsset.cpp" 
..\SFAsset.cpp: In constructor 'SFAsset::SFAsset(SFASSETTYPE, std::shared_ptr<SFWindow>)':
..\SFAsset.cpp:8:10: warning: enumeration value 'SFASSET_DEAD' not handled in switch [-Wswitch]
   switch (type) {
          ^
In file included from ..\SFBoundingBox.h:10:0,
                 from ..\SFAsset.h:16,
                 from ..\SFAsset.cpp:1:
..\SFMath.h: At global scope:
..\SFMath.h:86:22: warning: 'const Vector2 xAxis()' defined but not used [-Wunused-function]
 static const Vector2 xAxis() {
                      ^
..\SFMath.h:90:22: warning: 'const Vector2 yAxis()' defined but not used [-Wunused-function]
 static const Vector2 yAxis() {
                      ^
g++ -IF:/Pacman_Files/Eclipse_projects/StarShipPacMan/SDL2 -O3 -Wall -c -fmessage-length=0 -std=c++11 -o SFBoundingBox.o "..\\SFBoundingBox.cpp" 
..\SFBoundingBox.cpp: In member function 'std::pair<float, float> SFBoundingBox::projectOntoAxis(const SFBoundingBox&, AXIS)':
..\SFBoundingBox.cpp:29:13: warning: 'hi' may be used uninitialized in this function [-Wmaybe-uninitialized]
   float lo, hi;
             ^
..\SFBoundingBox.cpp:29:9: warning: 'lo' may be used uninitialized in this function [-Wmaybe-uninitialized]
   float lo, hi;
         ^
g++ -IF:/Pacman_Files/Eclipse_projects/StarShipPacMan/SDL2 -O3 -Wall -c -fmessage-length=0 -std=c++11 -o Main.o "..\\Main.cpp" 
In file included from ..\SFBoundingBox.h:10:0,
                 from ..\SFAsset.h:16,
                 from ..\SFApp.h:14,
                 from ..\Main.cpp:7:
..\SFMath.h:86:22: warning: 'const Vector2 xAxis()' defined but not used [-Wunused-function]
 static const Vector2 xAxis() {
                      ^
..\SFMath.h:90:22: warning: 'const Vector2 yAxis()' defined but not used [-Wunused-function]
 static const Vector2 yAxis() {
                      ^
g++ -IF:/Pacman_Files/Eclipse_projects/StarShipPacMan/SDL2 -O3 -Wall -c -fmessage-length=0 -std=c++11 -o SFApp.o "..\\SFApp.cpp" 
In file included from ..\SFApp.cpp:1:0:
..\SFApp.h: In constructor 'SFApp::SFApp(std::shared_ptr<SFWindow>)':
..\SFApp.h:44:7: warning: 'SFApp::fire' will be initialized after [-Wreorder]
   int fire;
       ^
..\SFApp.h:32:27: warning:   'bool SFApp::is_running' [-Wreorder]
   bool                    is_running;
                           ^
..\SFApp.cpp:3:1: warning:   when initialized here [-Wreorder]
 SFApp::SFApp(std::shared_ptr<SFWindow> window) : fire(0), is_running(true), sf_window(window) {
 ^
..\SFApp.cpp: In member function 'void SFApp::OnEvent(SFEvent&)':
..\SFApp.cpp:43:10: warning: enumeration value 'SFEVENT_NULL' not handled in switch [-Wswitch]
   switch (the_event) {
          ^
..\SFApp.cpp:43:10: warning: enumeration value 'SFEVENT_COLLISION' not handled in switch [-Wswitch]
..\SFApp.cpp:43:10: warning: enumeration value 'SFEVENT_LAST' not handled in switch [-Wswitch]
In file included from ..\SFBoundingBox.h:10:0,
                 from ..\SFAsset.h:16,
                 from ..\SFApp.h:14,
                 from ..\SFApp.cpp:1:
..\SFMath.h: At global scope:
..\SFMath.h:86:22: warning: 'const Vector2 xAxis()' defined but not used [-Wunused-function]
 static const Vector2 xAxis() {
                      ^
..\SFMath.h:90:22: warning: 'const Vector2 yAxis()' defined but not used [-Wunused-function]
 static const Vector2 yAxis() {
                      ^
g++ -IF:/Pacman_Files/Eclipse_projects/StarShipPacMan/SDL2 -O3 -Wall -c -fmessage-length=0 -std=c++11 -o SFWindow.o "..\\SFWindow.cpp" 
g++ "-LF:\\Pacman_Files\\Eclipse_projects\\StarShipPacMan\\SDL2" -o StarShipPacMan.exe Main.o SFApp.o SFAsset.o SFBoundingBox.o SFEvent.o SFWindow.o -lSDL2 -lmingw32 -lSDLmain -lSDL2_image 
c:/mingw/bin/../lib/gcc/mingw32/5.3.0/../../../../mingw32/bin/ld.exe: cannot find -lSDLmain
collect2.exe: error: ld returned 1 exit status
19:16:22 **** Incremental Build of configuration Release for project StarShipPacMan ****
Info: Internal Builder is used for build
g++ -O3 -Wall -c -fmessage-length=0 -std=c++11 -o SFAsset.o "..\\SFAsset.cpp" 
..\SFAsset.cpp: In constructor 'SFAsset::SFAsset(SFASSETTYPE, std::shared_ptr<SFWindow>)':
..\SFAsset.cpp:8:10: warning: enumeration value 'SFASSET_DEAD' not handled in switch [-Wswitch]
   switch (type) {
          ^
In file included from ..\SFBoundingBox.h:10:0,
                 from ..\SFAsset.h:16,
                 from ..\SFAsset.cpp:1:
..\SFMath.h: At global scope:
..\SFMath.h:86:22: warning: 'const Vector2 xAxis()' defined but not used [-Wunused-function]
 static const Vector2 xAxis() {
                      ^
..\SFMath.h:90:22: warning: 'const Vector2 yAxis()' defined but not used [-Wunused-function]
 static const Vector2 yAxis() {
                      ^
g++ -O3 -Wall -c -fmessage-length=0 -std=c++11 -o SFBoundingBox.o "..\\SFBoundingBox.cpp" 
..\SFBoundingBox.cpp: In member function 'std::pair<float, float> SFBoundingBox::projectOntoAxis(const SFBoundingBox&, AXIS)':
..\SFBoundingBox.cpp:29:13: warning: 'hi' may be used uninitialized in this function [-Wmaybe-uninitialized]
   float lo, hi;
             ^
..\SFBoundingBox.cpp:29:9: warning: 'lo' may be used uninitialized in this function [-Wmaybe-uninitialized]
   float lo, hi;
         ^
g++ -O3 -Wall -c -fmessage-length=0 -std=c++11 -o Main.o "..\\Main.cpp" 
In file included from ..\SFBoundingBox.h:10:0,
                 from ..\SFAsset.h:16,
                 from ..\SFApp.h:14,
                 from ..\Main.cpp:7:
..\SFMath.h:86:22: warning: 'const Vector2 xAxis()' defined but not used [-Wunused-function]
 static const Vector2 xAxis() {
                      ^
..\SFMath.h:90:22: warning: 'const Vector2 yAxis()' defined but not used [-Wunused-function]
 static const Vector2 yAxis() {
                      ^
g++ -O3 -Wall -c -fmessage-length=0 -std=c++11 -o SFApp.o "..\\SFApp.cpp" 
In file included from ..\SFApp.cpp:1:0:
..\SFApp.h: In constructor 'SFApp::SFApp(std::shared_ptr<SFWindow>)':
..\SFApp.h:44:7: warning: 'SFApp::fire' will be initialized after [-Wreorder]
   int fire;
       ^
..\SFApp.h:32:27: warning:   'bool SFApp::is_running' [-Wreorder]
   bool                    is_running;
                           ^
..\SFApp.cpp:3:1: warning:   when initialized here [-Wreorder]
 SFApp::SFApp(std::shared_ptr<SFWindow> window) : fire(0), is_running(true), sf_window(window) {
 ^
..\SFApp.cpp: In member function 'void SFApp::OnEvent(SFEvent&)':
..\SFApp.cpp:43:10: warning: enumeration value 'SFEVENT_NULL' not handled in switch [-Wswitch]
   switch (the_event) {
          ^
..\SFApp.cpp:43:10: warning: enumeration value 'SFEVENT_COLLISION' not handled in switch [-Wswitch]
..\SFApp.cpp:43:10: warning: enumeration value 'SFEVENT_LAST' not handled in switch [-Wswitch]
In file included from ..\SFBoundingBox.h:10:0,
                 from ..\SFAsset.h:16,
                 from ..\SFApp.h:14,
                 from ..\SFApp.cpp:1:
..\SFMath.h: At global scope:
..\SFMath.h:86:22: warning: 'const Vector2 xAxis()' defined but not used [-Wunused-function]
 static const Vector2 xAxis() {
                      ^
..\SFMath.h:90:22: warning: 'const Vector2 yAxis()' defined but not used [-Wunused-function]
 static const Vector2 yAxis() {
                      ^
g++ -O3 -Wall -c -fmessage-length=0 -std=c++11 -o SFEvent.o "..\\SFEvent.cpp" 
g++ -O3 -Wall -c -fmessage-length=0 -std=c++11 -o SFWindow.o "..\\SFWindow.cpp" 
g++ "-LF:\\Pacman_Files\\Eclipse_projects\\StarShipPacMan\\SDL2" -o StarShipPacMan.exe Main.o SFApp.o SFAsset.o SFBoundingBox.o SFEvent.o SFWindow.o -lSDL2 -lmingw32 -lSDLmain -lSDL2_image 
c:/mingw/bin/../lib/gcc/mingw32/5.3.0/../../../../mingw32/bin/ld.exe: cannot find -lSDLmain
collect2.exe: error: ld returned 1 exit status
19:26:18 **** Incremental Build of configuration Release for project StarShipPacMan ****
Info: Internal Builder is used for build
g++ "-LF:\\Pacman_Files\\Eclipse_projects\\StarShipPacMan\\SDL2" -o StarShipPacMan.exe Main.o SFApp.o SFAsset.o SFBoundingBox.o SFEvent.o SFWindow.o -lSDL2 -lmingw32 -lSDLmain -lSDL2_image 
c:/mingw/bin/../lib/gcc/mingw32/5.3.0/../../../../mingw32/bin/ld.exe: cannot find -lSDLmain
collect2.exe: error: ld returned 1 exit status
19:26:25 **** Incremental Build of configuration Release for project StarShipPacMan ****
Info: Internal Builder is used for build
g++ "-LF:\\Pacman_Files\\Eclipse_projects\\StarShipPacMan\\SDL2" -o StarShipPacMan.exe Main.o SFApp.o SFAsset.o SFBoundingBox.o SFEvent.o SFWindow.o -lSDL2 -lmingw32 -lSDLmain -lSDL2_image 
c:/mingw/bin/../lib/gcc/mingw32/5.3.0/../../../../mingw32/bin/ld.exe: cannot find -lSDLmain
collect2.exe: error: ld returned 1 exit status
19:33:04 **** Incremental Build of configuration Release for project StarShipPacMan ****
Info: Internal Builder is used for build
g++ "-LF:\\Pacman_Files\\Eclipse_projects\\StarShipPacMan\\SDL2" -o StarShipPacMan.exe Main.o SFApp.o SFAsset.o SFBoundingBox.o SFEvent.o SFWindow.o -lSDL2 -lmingw32 -lSDL2main -lSDL2_image 
Info: Nothing to build for StarShipPacMan
19:37:30 **** Incremental Build of configuration Release for project StarShipPacMan ****
Info: Internal Builder is used for build
g++ "-LF:\\Pacman_Files\\Eclipse_projects\\StarShipPacMan\\SDL2" -static-libgcc -static-libstdc++ -o StarShipPacMan.exe Main.o SFApp.o SFAsset.o SFBoundingBox.o SFEvent.o SFWindow.o -lSDL2 -lmingw32 -lSDL2main -lSDL2_image 
Info: Nothing to build for StarShipPacMan
23:18:37 **** Incremental Build of configuration Release for project StarShipPacMan ****
Info: Internal Builder is used for build
g++ -O3 -Wall -c -fmessage-length=0 -std=c++11 -o SFWindow.o "..\\SFWindow.cpp" 
g++ -O3 -Wall -c -fmessage-length=0 -std=c++11 -o SFAsset.o "..\\SFAsset.cpp" 
..\SFAsset.cpp: In constructor 'SFAsset::SFAsset(SFASSETTYPE, std::shared_ptr<SFWindow>)':
..\SFAsset.cpp:8:10: warning: enumeration value 'SFASSET_DEAD' not handled in switch [-Wswitch]
   switch (type) {
          ^
In file included from ..\SFBoundingBox.h:10:0,
                 from ..\SFAsset.h:16,
                 from ..\SFAsset.cpp:1:
..\SFMath.h: At global scope:
..\SFMath.h:86:22: warning: 'const Vector2 xAxis()' defined but not used [-Wunused-function]
 static const Vector2 xAxis() {
                      ^
..\SFMath.h:90:22: warning: 'const Vector2 yAxis()' defined but not used [-Wunused-function]
 static const Vector2 yAxis() {
                      ^
g++ -O3 -Wall -c -fmessage-length=0 -std=c++11 -o SFEvent.o "..\\SFEvent.cpp" 
g++ -O3 -Wall -c -fmessage-length=0 -std=c++11 -o SFBoundingBox.o "..\\SFBoundingBox.cpp" 
..\SFBoundingBox.cpp: In member function 'std::pair<float, float> SFBoundingBox::projectOntoAxis(const SFBoundingBox&, AXIS)':
..\SFBoundingBox.cpp:29:13: warning: 'hi' may be used uninitialized in this function [-Wmaybe-uninitialized]
   float lo, hi;
             ^
..\SFBoundingBox.cpp:29:9: warning: 'lo' may be used uninitialized in this function [-Wmaybe-uninitialized]
   float lo, hi;
         ^
g++ -O3 -Wall -c -fmessage-length=0 -std=c++11 -o SFApp.o "..\\SFApp.cpp" 
In file included from ..\SFApp.cpp:1:0:
..\SFApp.h: In constructor 'SFApp::SFApp(std::shared_ptr<SFWindow>)':
..\SFApp.h:44:7: warning: 'SFApp::fire' will be initialized after [-Wreorder]
   int fire;
       ^
..\SFApp.h:32:27: warning:   'bool SFApp::is_running' [-Wreorder]
   bool                    is_running;
                           ^
..\SFApp.cpp:3:1: warning:   when initialized here [-Wreorder]
 SFApp::SFApp(std::shared_ptr<SFWindow> window) : fire(0), is_running(true), sf_window(window) {
 ^
..\SFApp.cpp: In member function 'void SFApp::OnEvent(SFEvent&)':
..\SFApp.cpp:43:10: warning: enumeration value 'SFEVENT_NULL' not handled in switch [-Wswitch]
   switch (the_event) {
          ^
..\SFApp.cpp:43:10: warning: enumeration value 'SFEVENT_COLLISION' not handled in switch [-Wswitch]
..\SFApp.cpp:43:10: warning: enumeration value 'SFEVENT_LAST' not handled in switch [-Wswitch]
In file included from ..\SFBoundingBox.h:10:0,
                 from ..\SFAsset.h:16,
                 from ..\SFApp.h:14,
                 from ..\SFApp.cpp:1:
..\SFMath.h: At global scope:
..\SFMath.h:86:22: warning: 'const Vector2 xAxis()' defined but not used [-Wunused-function]
 static const Vector2 xAxis() {
                      ^
..\SFMath.h:90:22: warning: 'const Vector2 yAxis()' defined but not used [-Wunused-function]
 static const Vector2 yAxis() {
                      ^
g++ -O3 -Wall -c -fmessage-length=0 -std=c++11 -o Main.o "..\\Main.cpp" 
In file included from ..\SFBoundingBox.h:10:0,
                 from ..\SFAsset.h:16,
                 from ..\SFApp.h:14,
                 from ..\Main.cpp:7:
..\SFMath.h:86:22: warning: 'const Vector2 xAxis()' defined but not used [-Wunused-function]
 static const Vector2 xAxis() {
                      ^
..\SFMath.h:90:22: warning: 'const Vector2 yAxis()' defined but not used [-Wunused-function]
 static const Vector2 yAxis() {
                      ^
g++ "-LF:\\Pacman_Files\\Eclipse_projects\\StarShipPacMan\\SDL2" -static-libgcc -static-libstdc++ -o StarShipPacMan.exe Main.o SFApp.o SFAsset.o SFBoundingBox.o SFEvent.o SFWindow.o -lSDL2 -lmingw32 -lSDL2main -lSDL2_image 
Info: Nothing to build for StarShipPacMan
23:32:12 **** Incremental Build of configuration Release for project StarShipPacMan ****
Info: Internal Builder is used for build
g++ -O3 -Wall -c -fmessage-length=0 -std=c++11 -o SFEvent.o "..\\SFEvent.cpp" 
In file included from ..\SFEvent.cpp:3:0:
..\SFAsset.cpp: In constructor 'SFAsset::SFAsset(SFASSETTYPE, std::shared_ptr<SFWindow>)':
..\SFAsset.cpp:8:10: warning: enumeration value 'SFASSET_DEAD' not handled in switch [-Wswitch]
   switch (type) {
          ^
..\SFEvent.cpp: In constructor 'SFEvent::SFEvent(const SDL_Event&)':
..\SFEvent.cpp:21:7: error: 'sprite' was not declared in this scope
       sprite = IMG_LoadTexture(sf_window->getRenderer(), "assets/playerLeft.png");
       ^
..\SFEvent.cpp:21:32: error: 'sf_window' was not declared in this scope
       sprite = IMG_LoadTexture(sf_window->getRenderer(), "assets/playerLeft.png");
                                ^
In file included from ..\SFBoundingBox.h:10:0,
                 from ..\SFAsset.h:16,
                 from ..\SFEvent.cpp:2:
..\SFMath.h: At global scope:
..\SFMath.h:86:22: warning: 'const Vector2 xAxis()' defined but not used [-Wunused-function]
 static const Vector2 xAxis() {
                      ^
..\SFMath.h:90:22: warning: 'const Vector2 yAxis()' defined but not used [-Wunused-function]
 static const Vector2 yAxis() {
                      ^
23:46:41 **** Incremental Build of configuration Release for project StarShipPacMan ****
Info: Internal Builder is used for build
g++ -O3 -Wall -c -fmessage-length=0 -std=c++11 -o SFAsset.o "..\\SFAsset.cpp" 
..\SFAsset.cpp: In constructor 'SFAsset::SFAsset(SFASSETTYPE, std::shared_ptr<SFWindow>)':
..\SFAsset.cpp:8:10: warning: enumeration value 'SFASSET_DEAD' not handled in switch [-Wswitch]
   switch (type) {
          ^
In file included from ..\SFBoundingBox.h:10:0,
                 from ..\SFAsset.h:16,
                 from ..\SFAsset.cpp:1:
..\SFMath.h: At global scope:
..\SFMath.h:86:22: warning: 'const Vector2 xAxis()' defined but not used [-Wunused-function]
 static const Vector2 xAxis() {
                      ^
..\SFMath.h:90:22: warning: 'const Vector2 yAxis()' defined but not used [-Wunused-function]
 static const Vector2 yAxis() {
                      ^
g++ -O3 -Wall -c -fmessage-length=0 -std=c++11 -o SFEvent.o "..\\SFEvent.cpp" 
g++ "-LF:\\Pacman_Files\\Eclipse_projects\\StarShipPacMan\\SDL2" -static-libgcc -static-libstdc++ -o StarShipPacMan.exe Main.o SFApp.o SFAsset.o SFBoundingBox.o SFEvent.o SFWindow.o -lSDL2 -lmingw32 -lSDL2main -lSDL2_image 
Info: Nothing to build for StarShipPacMan
23:48:59 **** Incremental Build of configuration Release for project StarShipPacMan ****
Info: Internal Builder is used for build
g++ -O3 -Wall -c -fmessage-length=0 -std=c++11 -o SFAsset.o "..\\SFAsset.cpp" 
..\SFAsset.cpp: In constructor 'SFAsset::SFAsset(SFASSETTYPE, std::shared_ptr<SFWindow>)':
..\SFAsset.cpp:8:10: warning: enumeration value 'SFASSET_DEAD' not handled in switch [-Wswitch]
   switch (type) {
          ^
In file included from ..\SFBoundingBox.h:10:0,
                 from ..\SFAsset.h:16,
                 from ..\SFAsset.cpp:1:
..\SFMath.h: At global scope:
..\SFMath.h:86:22: warning: 'const Vector2 xAxis()' defined but not used [-Wunused-function]
 static const Vector2 xAxis() {
                      ^
..\SFMath.h:90:22: warning: 'const Vector2 yAxis()' defined but not used [-Wunused-function]
 static const Vector2 yAxis() {
                      ^
g++ "-LF:\\Pacman_Files\\Eclipse_projects\\StarShipPacMan\\SDL2" -static-libgcc -static-libstdc++ -o StarShipPacMan.exe Main.o SFApp.o SFAsset.o SFBoundingBox.o SFEvent.o SFWindow.o -lSDL2 -lmingw32 -lSDL2main -lSDL2_image 
Info: Nothing to build for StarShipPacMan
23:51:09 **** Incremental Build of configuration Release for project StarShipPacMan ****
Info: Internal Builder is used for build
g++ -O3 -Wall -c -fmessage-length=0 -std=c++11 -o SFAsset.o "..\\SFAsset.cpp" 
..\SFAsset.cpp: In constructor 'SFAsset::SFAsset(SFASSETTYPE, std::shared_ptr<SFWindow>)':
..\SFAsset.cpp:8:10: warning: enumeration value 'SFASSET_DEAD' not handled in switch [-Wswitch]
   switch (type) {
          ^
In file included from ..\SFBoundingBox.h:10:0,
                 from ..\SFAsset.h:16,
                 from ..\SFAsset.cpp:1:
..\SFMath.h: At global scope:
..\SFMath.h:86:22: warning: 'const Vector2 xAxis()' defined but not used [-Wunused-function]
 static const Vector2 xAxis() {
                      ^
..\SFMath.h:90:22: warning: 'const Vector2 yAxis()' defined but not used [-Wunused-function]
 static const Vector2 yAxis() {
                      ^
g++ "-LF:\\Pacman_Files\\Eclipse_projects\\StarShipPacMan\\SDL2" -static-libgcc -static-libstdc++ -o StarShipPacMan.exe Main.o SFApp.o SFAsset.o SFBoundingBox.o SFEvent.o SFWindow.o -lSDL2 -lmingw32 -lSDL2main -lSDL2_image 
00:19:04 **** Incremental Build of configuration Release for project StarShipPacMan ****
Info: Internal Builder is used for build
g++ -O3 -Wall -c -fmessage-length=0 -std=c++11 -o SFAsset.o "..\\SFAsset.cpp" 
..\SFAsset.cpp: In constructor 'SFAsset::SFAsset(SFASSETTYPE, std::shared_ptr<SFWindow>)':
..\SFAsset.cpp:8:10: warning: enumeration value 'SFASSET_DEAD' not handled in switch [-Wswitch]
   switch (type) {
          ^
In file included from ..\SFBoundingBox.h:10:0,
                 from ..\SFAsset.h:16,
                 from ..\SFAsset.cpp:1:
..\SFMath.h: At global scope:
..\SFMath.h:86:22: warning: 'const Vector2 xAxis()' defined but not used [-Wunused-function]
 static const Vector2 xAxis() {
                      ^
..\SFMath.h:90:22: warning: 'const Vector2 yAxis()' defined but not used [-Wunused-function]
 static const Vector2 yAxis() {
                      ^
g++ "-LF:\\Pacman_Files\\Eclipse_projects\\StarShipPacMan\\SDL2" -static-libgcc -static-libstdc++ -o StarShipPacMan.exe Main.o SFApp.o SFAsset.o SFBoundingBox.o SFEvent.o SFWindow.o -lSDL2 -lmingw32 -lSDL2main -lSDL2_image 
00:21:45 **** Incremental Build of configuration Release for project StarShipPacMan ****
Info: Internal Builder is used for build
g++ -O3 -Wall -c -fmessage-length=0 -std=c++11 -o SFAsset.o "..\\SFAsset.cpp" 
..\SFAsset.cpp: In constructor 'SFAsset::SFAsset(SFASSETTYPE, std::shared_ptr<SFWindow>)':
..\SFAsset.cpp:8:10: warning: enumeration value 'SFASSET_DEAD' not handled in switch [-Wswitch]
   switch (type) {
          ^
In file included from ..\SFBoundingBox.h:10:0,
                 from ..\SFAsset.h:16,
                 from ..\SFAsset.cpp:1:
..\SFMath.h: At global scope:
..\SFMath.h:86:22: warning: 'const Vector2 xAxis()' defined but not used [-Wunused-function]
 static const Vector2 xAxis() {
                      ^
..\SFMath.h:90:22: warning: 'const Vector2 yAxis()' defined but not used [-Wunused-function]
 static const Vector2 yAxis() {
                      ^
g++ "-LF:\\Pacman_Files\\Eclipse_projects\\StarShipPacMan\\SDL2" -static-libgcc -static-libstdc++ -o StarShipPacMan.exe Main.o SFApp.o SFAsset.o SFBoundingBox.o SFEvent.o SFWindow.o -lSDL2 -lmingw32 -lSDL2main -lSDL2_image 
12:13:41 **** Incremental Build of configuration Release for project StarShipPacMan ****
Info: Internal Builder is used for build
g++ -O3 -Wall -c -fmessage-length=0 -std=c++11 -o SFAsset.o "..\\SFAsset.cpp" 
..\SFAsset.cpp: In constructor 'SFAsset::SFAsset(SFASSETTYPE, std::shared_ptr<SFWindow>)':
..\SFAsset.cpp:8:10: warning: enumeration value 'SFASSET_DEAD' not handled in switch [-Wswitch]
   switch (type) {
          ^
In file included from ..\SFBoundingBox.h:10:0,
                 from ..\SFAsset.h:16,
                 from ..\SFAsset.cpp:1:
..\SFMath.h: At global scope:
..\SFMath.h:86:22: warning: 'const Vector2 xAxis()' defined but not used [-Wunused-function]
 static const Vector2 xAxis() {
                      ^
..\SFMath.h:90:22: warning: 'const Vector2 yAxis()' defined but not used [-Wunused-function]
 static const Vector2 yAxis() {
                      ^
g++ "-LF:\\Pacman_Files\\Eclipse_projects\\StarShipPacMan\\SDL2" -static-libgcc -static-libstdc++ -o StarShipPacMan.exe Main.o SFApp.o SFAsset.o SFBoundingBox.o SFEvent.o SFWindow.o -lSDL2 -lmingw32 -lSDL2main -lSDL2_image 
12:15:05 **** Incremental Build of configuration Release for project StarShipPacMan ****
Info: Internal Builder is used for build
g++ -O3 -Wall -c -fmessage-length=0 -std=c++11 -o Main.o "..\\Main.cpp" 
In file included from ..\SFBoundingBox.h:10:0,
                 from ..\SFAsset.h:16,
                 from ..\SFApp.h:14,
                 from ..\Main.cpp:7:
..\SFMath.h:86:22: warning: 'const Vector2 xAxis()' defined but not used [-Wunused-function]
 static const Vector2 xAxis() {
                      ^
..\SFMath.h:90:22: warning: 'const Vector2 yAxis()' defined but not used [-Wunused-function]
 static const Vector2 yAxis() {
                      ^
g++ "-LF:\\Pacman_Files\\Eclipse_projects\\StarShipPacMan\\SDL2" -static-libgcc -static-libstdc++ -o StarShipPacMan.exe Main.o SFApp.o SFAsset.o SFBoundingBox.o SFEvent.o SFWindow.o -lSDL2 -lmingw32 -lSDL2main -lSDL2_image 
12:16:37 **** Incremental Build of configuration Release for project StarShipPacMan ****
Info: Internal Builder is used for build
g++ -O3 -Wall -c -fmessage-length=0 -std=c++11 -o SFAsset.o "..\\SFAsset.cpp" 
..\SFAsset.cpp: In constructor 'SFAsset::SFAsset(SFASSETTYPE, std::shared_ptr<SFWindow>)':
..\SFAsset.cpp:8:10: warning: enumeration value 'SFASSET_DEAD' not handled in switch [-Wswitch]
   switch (type) {
          ^
In file included from ..\SFBoundingBox.h:10:0,
                 from ..\SFAsset.h:16,
                 from ..\SFAsset.cpp:1:
..\SFMath.h: At global scope:
..\SFMath.h:86:22: warning: 'const Vector2 xAxis()' defined but not used [-Wunused-function]
 static const Vector2 xAxis() {
                      ^
..\SFMath.h:90:22: warning: 'const Vector2 yAxis()' defined but not used [-Wunused-function]
 static const Vector2 yAxis() {
                      ^
g++ "-LF:\\Pacman_Files\\Eclipse_projects\\StarShipPacMan\\SDL2" -static-libgcc -static-libstdc++ -o StarShipPacMan.exe Main.o SFApp.o SFAsset.o SFBoundingBox.o SFEvent.o SFWindow.o -lSDL2 -lmingw32 -lSDL2main -lSDL2_image 
12:17:36 **** Incremental Build of configuration Release for project StarShipPacMan ****
Info: Internal Builder is used for build
g++ -O3 -Wall -c -fmessage-length=0 -std=c++11 -o SFAsset.o "..\\SFAsset.cpp" 
..\SFAsset.cpp: In constructor 'SFAsset::SFAsset(SFASSETTYPE, std::shared_ptr<SFWindow>)':
..\SFAsset.cpp:8:10: warning: enumeration value 'SFASSET_DEAD' not handled in switch [-Wswitch]
   switch (type) {
          ^
In file included from ..\SFBoundingBox.h:10:0,
                 from ..\SFAsset.h:16,
                 from ..\SFAsset.cpp:1:
..\SFMath.h: At global scope:
..\SFMath.h:86:22: warning: 'const Vector2 xAxis()' defined but not used [-Wunused-function]
 static const Vector2 xAxis() {
                      ^
..\SFMath.h:90:22: warning: 'const Vector2 yAxis()' defined but not used [-Wunused-function]
 static const Vector2 yAxis() {
                      ^
g++ "-LF:\\Pacman_Files\\Eclipse_projects\\StarShipPacMan\\SDL2" -static-libgcc -static-libstdc++ -o StarShipPacMan.exe Main.o SFApp.o SFAsset.o SFBoundingBox.o SFEvent.o SFWindow.o -lSDL2 -lmingw32 -lSDL2main -lSDL2_image 
12:21:21 **** Incremental Build of configuration Release for project StarShipPacMan ****
Info: Internal Builder is used for build
g++ -O3 -Wall -c -fmessage-length=0 -std=c++11 -o SFApp.o "..\\SFApp.cpp" 
In file included from ..\SFApp.cpp:1:0:
..\SFApp.h: In constructor 'SFApp::SFApp(std::shared_ptr<SFWindow>)':
..\SFApp.h:44:7: warning: 'SFApp::fire' will be initialized after [-Wreorder]
   int fire;
       ^
..\SFApp.h:32:27: warning:   'bool SFApp::is_running' [-Wreorder]
   bool                    is_running;
                           ^
..\SFApp.cpp:3:1: warning:   when initialized here [-Wreorder]
 SFApp::SFApp(std::shared_ptr<SFWindow> window) : fire(0), is_running(true), sf_window(window) {
 ^
..\SFApp.cpp:28:36: error: 'SFASSET_COIN' was not declared in this scope
   auto coin = make_shared<SFAsset>(SFASSET_COIN, sf_window);
                                    ^
..\SFApp.cpp: In member function 'void SFApp::OnEvent(SFEvent&)':
..\SFApp.cpp:43:10: warning: enumeration value 'SFEVENT_NULL' not handled in switch [-Wswitch]
   switch (the_event) {
          ^
..\SFApp.cpp:43:10: warning: enumeration value 'SFEVENT_COLLISION' not handled in switch [-Wswitch]
..\SFApp.cpp:43:10: warning: enumeration value 'SFEVENT_LAST' not handled in switch [-Wswitch]
In file included from ..\SFBoundingBox.h:10:0,
                 from ..\SFAsset.h:16,
                 from ..\SFApp.h:14,
                 from ..\SFApp.cpp:1:
..\SFMath.h: At global scope:
..\SFMath.h:86:22: warning: 'const Vector2 xAxis()' defined but not used [-Wunused-function]
 static const Vector2 xAxis() {
                      ^
..\SFMath.h:90:22: warning: 'const Vector2 yAxis()' defined but not used [-Wunused-function]
 static const Vector2 yAxis() {
                      ^
12:22:05 **** Incremental Build of configuration Release for project StarShipPacMan ****
Info: Internal Builder is used for build
g++ -O3 -Wall -c -fmessage-length=0 -std=c++11 -o Main.o "..\\Main.cpp" 
In file included from ..\SFBoundingBox.h:10:0,
                 from ..\SFAsset.h:16,
                 from ..\SFApp.h:14,
                 from ..\Main.cpp:7:
..\SFMath.h:86:22: warning: 'const Vector2 xAxis()' defined but not used [-Wunused-function]
 static const Vector2 xAxis() {
                      ^
..\SFMath.h:90:22: warning: 'const Vector2 yAxis()' defined but not used [-Wunused-function]
 static const Vector2 yAxis() {
                      ^
g++ -O3 -Wall -c -fmessage-length=0 -std=c++11 -o SFApp.o "..\\SFApp.cpp" 
In file included from ..\SFApp.cpp:1:0:
..\SFApp.h: In constructor 'SFApp::SFApp(std::shared_ptr<SFWindow>)':
..\SFApp.h:44:7: warning: 'SFApp::fire' will be initialized after [-Wreorder]
   int fire;
       ^
..\SFApp.h:32:27: warning:   'bool SFApp::is_running' [-Wreorder]
   bool                    is_running;
                           ^
..\SFApp.cpp:3:1: warning:   when initialized here [-Wreorder]
 SFApp::SFApp(std::shared_ptr<SFWindow> window) : fire(0), is_running(true), sf_window(window) {
 ^
..\SFApp.cpp:28:49: error: 'SFASSET_FriendlySpaceship' was not declared in this scope
   auto FriendlySpaceship = make_shared<SFAsset>(SFASSET_FriendlySpaceship, sf_window);
                                                 ^
..\SFApp.cpp:30:3: error: 'coin' was not declared in this scope
   coin->SetPosition(pos);
   ^
..\SFApp.cpp: In member function 'void SFApp::OnEvent(SFEvent&)':
..\SFApp.cpp:43:10: warning: enumeration value 'SFEVENT_NULL' not handled in switch [-Wswitch]
   switch (the_event) {
          ^
..\SFApp.cpp:43:10: warning: enumeration value 'SFEVENT_COLLISION' not handled in switch [-Wswitch]
..\SFApp.cpp:43:10: warning: enumeration value 'SFEVENT_LAST' not handled in switch [-Wswitch]
In file included from ..\SFBoundingBox.h:10:0,
                 from ..\SFAsset.h:16,
                 from ..\SFApp.h:14,
                 from ..\SFApp.cpp:1:
..\SFMath.h: At global scope:
..\SFMath.h:86:22: warning: 'const Vector2 xAxis()' defined but not used [-Wunused-function]
 static const Vector2 xAxis() {
                      ^
..\SFMath.h:90:22: warning: 'const Vector2 yAxis()' defined but not used [-Wunused-function]
 static const Vector2 yAxis() {
                      ^
12:23:46 **** Incremental Build of configuration Release for project StarShipPacMan ****
Info: Internal Builder is used for build
g++ -O3 -Wall -c -fmessage-length=0 -std=c++11 -o SFAsset.o "..\\SFAsset.cpp" 
..\SFAsset.cpp: In constructor 'SFAsset::SFAsset(SFASSETTYPE, std::shared_ptr<SFWindow>)':
..\SFAsset.cpp:8:10: warning: enumeration value 'SFASSET_DEAD' not handled in switch [-Wswitch]
   switch (type) {
          ^
In file included from ..\SFBoundingBox.h:10:0,
                 from ..\SFAsset.h:16,
                 from ..\SFAsset.cpp:1:
..\SFMath.h: At global scope:
..\SFMath.h:86:22: warning: 'const Vector2 xAxis()' defined but not used [-Wunused-function]
 static const Vector2 xAxis() {
                      ^
..\SFMath.h:90:22: warning: 'const Vector2 yAxis()' defined but not used [-Wunused-function]
 static const Vector2 yAxis() {
                      ^
g++ -O3 -Wall -c -fmessage-length=0 -std=c++11 -o SFApp.o "..\\SFApp.cpp" 
In file included from ..\SFApp.cpp:1:0:
..\SFApp.h: In constructor 'SFApp::SFApp(std::shared_ptr<SFWindow>)':
..\SFApp.h:44:7: warning: 'SFApp::fire' will be initialized after [-Wreorder]
   int fire;
       ^
..\SFApp.h:32:27: warning:   'bool SFApp::is_running' [-Wreorder]
   bool                    is_running;
                           ^
..\SFApp.cpp:3:1: warning:   when initialized here [-Wreorder]
 SFApp::SFApp(std::shared_ptr<SFWindow> window) : fire(0), is_running(true), sf_window(window) {
 ^
..\SFApp.cpp:28:49: error: 'SFASSET_FRIENDLYSPACESHIP' was not declared in this scope
   auto FriendlySpaceship = make_shared<SFAsset>(SFASSET_FRIENDLYSPACESHIP, sf_window);
                                                 ^
..\SFApp.cpp:31:3: error: 'FriendlySpaceships' was not declared in this scope
   FriendlySpaceships.push_back(FriendlySpaceship);
   ^
..\SFApp.cpp: In member function 'void SFApp::OnEvent(SFEvent&)':
..\SFApp.cpp:43:10: warning: enumeration value 'SFEVENT_NULL' not handled in switch [-Wswitch]
   switch (the_event) {
          ^
..\SFApp.cpp:43:10: warning: enumeration value 'SFEVENT_COLLISION' not handled in switch [-Wswitch]
..\SFApp.cpp:43:10: warning: enumeration value 'SFEVENT_LAST' not handled in switch [-Wswitch]
In file included from ..\SFBoundingBox.h:10:0,
                 from ..\SFAsset.h:16,
                 from ..\SFApp.h:14,
                 from ..\SFApp.cpp:1:
..\SFMath.h: At global scope:
..\SFMath.h:86:22: warning: 'const Vector2 xAxis()' defined but not used [-Wunused-function]
 static const Vector2 xAxis() {
                      ^
..\SFMath.h:90:22: warning: 'const Vector2 yAxis()' defined but not used [-Wunused-function]
 static const Vector2 yAxis() {
                      ^
12:24:37 **** Incremental Build of configuration Release for project StarShipPacMan ****
Info: Internal Builder is used for build
g++ -O3 -Wall -c -fmessage-length=0 -std=c++11 -o Main.o "..\\Main.cpp" 
In file included from ..\SFBoundingBox.h:10:0,
                 from ..\SFAsset.h:16,
                 from ..\SFApp.h:14,
                 from ..\Main.cpp:7:
..\SFMath.h:86:22: warning: 'const Vector2 xAxis()' defined but not used [-Wunused-function]
 static const Vector2 xAxis() {
                      ^
..\SFMath.h:90:22: warning: 'const Vector2 yAxis()' defined but not used [-Wunused-function]
 static const Vector2 yAxis() {
                      ^
g++ -O3 -Wall -c -fmessage-length=0 -std=c++11 -o SFApp.o "..\\SFApp.cpp" 
In file included from ..\SFApp.cpp:1:0:
..\SFApp.h: In constructor 'SFApp::SFApp(std::shared_ptr<SFWindow>)':
..\SFApp.h:44:7: warning: 'SFApp::fire' will be initialized after [-Wreorder]
   int fire;
       ^
..\SFApp.h:32:27: warning:   'bool SFApp::is_running' [-Wreorder]
   bool                    is_running;
                           ^
..\SFApp.cpp:3:1: warning:   when initialized here [-Wreorder]
 SFApp::SFApp(std::shared_ptr<SFWindow> window) : fire(0), is_running(true), sf_window(window) {
 ^
..\SFApp.cpp:28:49: error: 'SFASSET_FRIENDLYSPACESHIP' was not declared in this scope
   auto FriendlySpaceship = make_shared<SFAsset>(SFASSET_FRIENDLYSPACESHIP, sf_window);
                                                 ^
..\SFApp.cpp: In member function 'void SFApp::OnEvent(SFEvent&)':
..\SFApp.cpp:43:10: warning: enumeration value 'SFEVENT_NULL' not handled in switch [-Wswitch]
   switch (the_event) {
          ^
..\SFApp.cpp:43:10: warning: enumeration value 'SFEVENT_COLLISION' not handled in switch [-Wswitch]
..\SFApp.cpp:43:10: warning: enumeration value 'SFEVENT_LAST' not handled in switch [-Wswitch]
In file included from ..\SFBoundingBox.h:10:0,
                 from ..\SFAsset.h:16,
                 from ..\SFApp.h:14,
                 from ..\SFApp.cpp:1:
..\SFMath.h: At global scope:
..\SFMath.h:86:22: warning: 'const Vector2 xAxis()' defined but not used [-Wunused-function]
 static const Vector2 xAxis() {
                      ^
..\SFMath.h:90:22: warning: 'const Vector2 yAxis()' defined but not used [-Wunused-function]
 static const Vector2 yAxis() {
                      ^
12:25:19 **** Incremental Build of configuration Release for project StarShipPacMan ****
Info: Internal Builder is used for build
g++ -O3 -Wall -c -fmessage-length=0 -std=c++11 -o Main.o "..\\Main.cpp" 
In file included from ..\SFBoundingBox.h:10:0,
                 from ..\SFAsset.h:16,
                 from ..\SFApp.h:14,
                 from ..\Main.cpp:7:
..\SFMath.h:86:22: warning: 'const Vector2 xAxis()' defined but not used [-Wunused-function]
 static const Vector2 xAxis() {
                      ^
..\SFMath.h:90:22: warning: 'const Vector2 yAxis()' defined but not used [-Wunused-function]
 static const Vector2 yAxis() {
                      ^
g++ -O3 -Wall -c -fmessage-length=0 -std=c++11 -o SFApp.o "..\\SFApp.cpp" 
In file included from ..\SFApp.cpp:1:0:
..\SFApp.h: In constructor 'SFApp::SFApp(std::shared_ptr<SFWindow>)':
..\SFApp.h:44:7: warning: 'SFApp::fire' will be initialized after [-Wreorder]
   int fire;
       ^
..\SFApp.h:32:27: warning:   'bool SFApp::is_running' [-Wreorder]
   bool                    is_running;
                           ^
..\SFApp.cpp:3:1: warning:   when initialized here [-Wreorder]
 SFApp::SFApp(std::shared_ptr<SFWindow> window) : fire(0), is_running(true), sf_window(window) {
 ^
..\SFApp.cpp: In member function 'void SFApp::OnEvent(SFEvent&)':
..\SFApp.cpp:43:10: warning: enumeration value 'SFEVENT_NULL' not handled in switch [-Wswitch]
   switch (the_event) {
          ^
..\SFApp.cpp:43:10: warning: enumeration value 'SFEVENT_COLLISION' not handled in switch [-Wswitch]
..\SFApp.cpp:43:10: warning: enumeration value 'SFEVENT_LAST' not handled in switch [-Wswitch]
In file included from ..\SFBoundingBox.h:10:0,
                 from ..\SFAsset.h:16,
                 from ..\SFApp.h:14,
                 from ..\SFApp.cpp:1:
..\SFMath.h: At global scope:
..\SFMath.h:86:22: warning: 'const Vector2 xAxis()' defined but not used [-Wunused-function]
 static const Vector2 xAxis() {
                      ^
..\SFMath.h:90:22: warning: 'const Vector2 yAxis()' defined but not used [-Wunused-function]
 static const Vector2 yAxis() {
                      ^
g++ -O3 -Wall -c -fmessage-length=0 -std=c++11 -o SFAsset.o "..\\SFAsset.cpp" 
..\SFAsset.cpp: In constructor 'SFAsset::SFAsset(SFASSETTYPE, std::shared_ptr<SFWindow>)':
..\SFAsset.cpp:21:8: error: 'SFASSET_FRIENDLYSHIP' was not declared in this scope
   case SFASSET_FRIENDLYSHIP:
        ^
..\SFAsset.cpp:8:10: warning: enumeration value 'SFASSET_DEAD' not handled in switch [-Wswitch]
   switch (type) {
          ^
..\SFAsset.cpp:8:10: warning: enumeration value 'SFASSET_FRIENDLYSPACESHIP' not handled in switch [-Wswitch]
In file included from ..\SFBoundingBox.h:10:0,
                 from ..\SFAsset.h:16,
                 from ..\SFAsset.cpp:1:
..\SFMath.h: At global scope:
..\SFMath.h:86:22: warning: 'const Vector2 xAxis()' defined but not used [-Wunused-function]
 static const Vector2 xAxis() {
                      ^
..\SFMath.h:90:22: warning: 'const Vector2 yAxis()' defined but not used [-Wunused-function]
 static const Vector2 yAxis() {
                      ^
12:25:45 **** Incremental Build of configuration Release for project StarShipPacMan ****
Info: Internal Builder is used for build
g++ -O3 -Wall -c -fmessage-length=0 -std=c++11 -o SFAsset.o "..\\SFAsset.cpp" 
..\SFAsset.cpp: In constructor 'SFAsset::SFAsset(SFASSETTYPE, std::shared_ptr<SFWindow>)':
..\SFAsset.cpp:8:10: warning: enumeration value 'SFASSET_DEAD' not handled in switch [-Wswitch]
   switch (type) {
          ^
In file included from ..\SFBoundingBox.h:10:0,
                 from ..\SFAsset.h:16,
                 from ..\SFAsset.cpp:1:
..\SFMath.h: At global scope:
..\SFMath.h:86:22: warning: 'const Vector2 xAxis()' defined but not used [-Wunused-function]
 static const Vector2 xAxis() {
                      ^
..\SFMath.h:90:22: warning: 'const Vector2 yAxis()' defined but not used [-Wunused-function]
 static const Vector2 yAxis() {
                      ^
g++ "-LF:\\Pacman_Files\\Eclipse_projects\\StarShipPacMan\\SDL2" -static-libgcc -static-libstdc++ -o StarShipPacMan.exe Main.o SFApp.o SFAsset.o SFBoundingBox.o SFEvent.o SFWindow.o -lSDL2 -lmingw32 -lSDL2main -lSDL2_image 
Info: Nothing to build for StarShipPacMan
Info: Nothing to build for StarShipPacMan
Info: Nothing to build for StarShipPacMan
Info: Nothing to build for StarShipPacMan
Info: Nothing to build for StarShipPacMan
Info: Nothing to build for StarShipPacMan
Info: Nothing to build for StarShipPacMan
Info: Nothing to build for StarShipPacMan
13:07:14 **** Incremental Build of configuration Release for project StarShipPacMan ****
Info: Internal Builder is used for build
g++ -O3 -Wall -c -fmessage-length=0 -std=c++11 -o SFAsset.o "..\\SFAsset.cpp" 
..\SFAsset.cpp: In constructor 'SFAsset::SFAsset(SFASSETTYPE, std::shared_ptr<SFWindow>)':
..\SFAsset.cpp:8:10: warning: enumeration value 'SFASSET_DEAD' not handled in switch [-Wswitch]
   switch (type) {
          ^
In file included from ..\SFBoundingBox.h:10:0,
                 from ..\SFAsset.h:16,
                 from ..\SFAsset.cpp:1:
..\SFMath.h: At global scope:
..\SFMath.h:86:22: warning: 'const Vector2 xAxis()' defined but not used [-Wunused-function]
 static const Vector2 xAxis() {
                      ^
..\SFMath.h:90:22: warning: 'const Vector2 yAxis()' defined but not used [-Wunused-function]
 static const Vector2 yAxis() {
                      ^
g++ "-LF:\\Pacman_Files\\Eclipse_projects\\StarShipPacMan\\SDL2" -static-libgcc -static-libstdc++ -o StarShipPacMan.exe Main.o SFApp.o SFAsset.o SFBoundingBox.o SFEvent.o SFWindow.o -lSDL2 -lmingw32 -lSDL2main -lSDL2_image 
c:/mingw/bin/../lib/gcc/mingw32/5.3.0/../../../../mingw32/bin/ld.exe: cannot open output file StarShipPacMan.exe: Permission denied
collect2.exe: error: ld returned 1 exit status
13:07:26 **** Incremental Build of configuration Release for project StarShipPacMan ****
Info: Internal Builder is used for build
g++ "-LF:\\Pacman_Files\\Eclipse_projects\\StarShipPacMan\\SDL2" -static-libgcc -static-libstdc++ -o StarShipPacMan.exe Main.o SFApp.o SFAsset.o SFBoundingBox.o SFEvent.o SFWindow.o -lSDL2 -lmingw32 -lSDL2main -lSDL2_image 
c:/mingw/bin/../lib/gcc/mingw32/5.3.0/../../../../mingw32/bin/ld.exe: cannot open output file StarShipPacMan.exe: Permission denied
collect2.exe: error: ld returned 1 exit status
13:07:32 **** Incremental Build of configuration Release for project StarShipPacMan ****
Info: Internal Builder is used for build
g++ "-LF:\\Pacman_Files\\Eclipse_projects\\StarShipPacMan\\SDL2" -static-libgcc -static-libstdc++ -o StarShipPacMan.exe Main.o SFApp.o SFAsset.o SFBoundingBox.o SFEvent.o SFWindow.o -lSDL2 -lmingw32 -lSDL2main -lSDL2_image 
c:/mingw/bin/../lib/gcc/mingw32/5.3.0/../../../../mingw32/bin/ld.exe: cannot open output file StarShipPacMan.exe: Permission denied
collect2.exe: error: ld returned 1 exit status
13:08:41 **** Incremental Build of configuration Release for project StarShipPacMan ****
Info: Internal Builder is used for build
g++ -O3 -Wall -c -fmessage-length=0 -std=c++11 -o SFAsset.o "..\\SFAsset.cpp" 
..\SFAsset.cpp: In constructor 'SFAsset::SFAsset(SFASSETTYPE, std::shared_ptr<SFWindow>)':
..\SFAsset.cpp:8:10: warning: enumeration value 'SFASSET_DEAD' not handled in switch [-Wswitch]
   switch (type) {
          ^
In file included from ..\SFBoundingBox.h:10:0,
                 from ..\SFAsset.h:16,
                 from ..\SFAsset.cpp:1:
..\SFMath.h: At global scope:
..\SFMath.h:86:22: warning: 'const Vector2 xAxis()' defined but not used [-Wunused-function]
 static const Vector2 xAxis() {
                      ^
..\SFMath.h:90:22: warning: 'const Vector2 yAxis()' defined but not used [-Wunused-function]
 static const Vector2 yAxis() {
                      ^
g++ "-LF:\\Pacman_Files\\Eclipse_projects\\StarShipPacMan\\SDL2" -static-libgcc -static-libstdc++ -o StarShipPacMan.exe Main.o SFApp.o SFAsset.o SFBoundingBox.o SFEvent.o SFWindow.o -lSDL2 -lmingw32 -lSDL2main -lSDL2_image 
c:/mingw/bin/../lib/gcc/mingw32/5.3.0/../../../../mingw32/bin/ld.exe: cannot open output file StarShipPacMan.exe: Permission denied
collect2.exe: error: ld returned 1 exit status
13:11:03 **** Incremental Build of configuration Release for project StarShipPacMan ****
Info: Internal Builder is used for build
g++ "-LF:\\Pacman_Files\\Eclipse_projects\\StarShipPacMan\\SDL2" -static-libgcc -static-libstdc++ -o StarShipPacMan.exe Main.o SFApp.o SFAsset.o SFBoundingBox.o SFEvent.o SFWindow.o -lSDL2 -lmingw32 -lSDL2main -lSDL2_image 
c:/mingw/bin/../lib/gcc/mingw32/5.3.0/../../../../mingw32/bin/ld.exe: cannot open output file StarShipPacMan.exe: Permission denied
collect2.exe: error: ld returned 1 exit status
13:12:30 **** Incremental Build of configuration Release for project StarShipPacMan ****
Info: Internal Builder is used for build
g++ -O3 -Wall -c -fmessage-length=0 -std=c++11 -o SFApp.o "..\\SFApp.cpp" 
In file included from ..\SFApp.cpp:1:0:
..\SFApp.h: In constructor 'SFApp::SFApp(std::shared_ptr<SFWindow>)':
..\SFApp.h:44:7: warning: 'SFApp::fire' will be initialized after [-Wreorder]
   int fire;
       ^
..\SFApp.h:32:27: warning:   'bool SFApp::is_running' [-Wreorder]
   bool                    is_running;
                           ^
..\SFApp.cpp:3:1: warning:   when initialized here [-Wreorder]
 SFApp::SFApp(std::shared_ptr<SFWindow> window) : fire(0), is_running(true), sf_window(window) {
 ^
..\SFApp.cpp: In member function 'void SFApp::OnEvent(SFEvent&)':
..\SFApp.cpp:43:10: warning: enumeration value 'SFEVENT_NULL' not handled in switch [-Wswitch]
   switch (the_event) {
          ^
..\SFApp.cpp:43:10: warning: enumeration value 'SFEVENT_COLLISION' not handled in switch [-Wswitch]
..\SFApp.cpp:43:10: warning: enumeration value 'SFEVENT_LAST' not handled in switch [-Wswitch]
In file included from ..\SFBoundingBox.h:10:0,
                 from ..\SFAsset.h:16,
                 from ..\SFApp.h:14,
                 from ..\SFApp.cpp:1:
..\SFMath.h: At global scope:
..\SFMath.h:86:22: warning: 'const Vector2 xAxis()' defined but not used [-Wunused-function]
 static const Vector2 xAxis() {
                      ^
..\SFMath.h:90:22: warning: 'const Vector2 yAxis()' defined but not used [-Wunused-function]
 static const Vector2 yAxis() {
                      ^
g++ "-LF:\\Pacman_Files\\Eclipse_projects\\StarShipPacMan\\SDL2" -static-libgcc -static-libstdc++ -o StarShipPacMan.exe Main.o SFApp.o SFAsset.o SFBoundingBox.o SFEvent.o SFWindow.o -lSDL2 -lmingw32 -lSDL2main -lSDL2_image 
c:/mingw/bin/../lib/gcc/mingw32/5.3.0/../../../../mingw32/bin/ld.exe: cannot open output file StarShipPacMan.exe: Permission denied
collect2.exe: error: ld returned 1 exit status
13:13:23 **** Incremental Build of configuration Release for project StarShipPacMan ****
Info: Internal Builder is used for build
g++ -O3 -Wall -c -fmessage-length=0 -std=c++11 -o SFApp.o "..\\SFApp.cpp" 
In file included from ..\SFApp.cpp:1:0:
..\SFApp.h: In constructor 'SFApp::SFApp(std::shared_ptr<SFWindow>)':
..\SFApp.h:44:7: warning: 'SFApp::fire' will be initialized after [-Wreorder]
   int fire;
       ^
..\SFApp.h:32:27: warning:   'bool SFApp::is_running' [-Wreorder]
   bool                    is_running;
                           ^
..\SFApp.cpp:3:1: warning:   when initialized here [-Wreorder]
 SFApp::SFApp(std::shared_ptr<SFWindow> window) : fire(0), is_running(true), sf_window(window) {
 ^
..\SFApp.cpp: In member function 'void SFApp::OnEvent(SFEvent&)':
..\SFApp.cpp:43:10: warning: enumeration value 'SFEVENT_NULL' not handled in switch [-Wswitch]
   switch (the_event) {
          ^
..\SFApp.cpp:43:10: warning: enumeration value 'SFEVENT_COLLISION' not handled in switch [-Wswitch]
..\SFApp.cpp:43:10: warning: enumeration value 'SFEVENT_LAST' not handled in switch [-Wswitch]
..\SFApp.cpp: In member function 'void SFApp::FireProjectile()':
..\SFApp.cpp:143:8: warning: variable 'v' set but not used [-Wunused-but-set-variable]
   auto v  = player->GetPosition();
        ^
In file included from ..\SFBoundingBox.h:10:0,
                 from ..\SFAsset.h:16,
                 from ..\SFApp.h:14,
                 from ..\SFApp.cpp:1:
..\SFMath.h: At global scope:
..\SFMath.h:86:22: warning: 'const Vector2 xAxis()' defined but not used [-Wunused-function]
 static const Vector2 xAxis() {
                      ^
..\SFMath.h:90:22: warning: 'const Vector2 yAxis()' defined but not used [-Wunused-function]
 static const Vector2 yAxis() {
                      ^
g++ "-LF:\\Pacman_Files\\Eclipse_projects\\StarShipPacMan\\SDL2" -static-libgcc -static-libstdc++ -o StarShipPacMan.exe Main.o SFApp.o SFAsset.o SFBoundingBox.o SFEvent.o SFWindow.o -lSDL2 -lmingw32 -lSDL2main -lSDL2_image 
c:/mingw/bin/../lib/gcc/mingw32/5.3.0/../../../../mingw32/bin/ld.exe: cannot open output file StarShipPacMan.exe: Permission denied
collect2.exe: error: ld returned 1 exit status
13:14:32 **** Incremental Build of configuration Release for project StarShipPacMan ****
Info: Internal Builder is used for build
g++ -O3 -Wall -c -fmessage-length=0 -std=c++11 -o SFApp.o "..\\SFApp.cpp" 
In file included from ..\SFApp.cpp:1:0:
..\SFApp.h: In constructor 'SFApp::SFApp(std::shared_ptr<SFWindow>)':
..\SFApp.h:44:7: warning: 'SFApp::fire' will be initialized after [-Wreorder]
   int fire;
       ^
..\SFApp.h:32:27: warning:   'bool SFApp::is_running' [-Wreorder]
   bool                    is_running;
                           ^
..\SFApp.cpp:3:1: warning:   when initialized here [-Wreorder]
 SFApp::SFApp(std::shared_ptr<SFWindow> window) : fire(0), is_running(true), sf_window(window) {
 ^
..\SFApp.cpp: In member function 'void SFApp::OnEvent(SFEvent&)':
..\SFApp.cpp:43:10: warning: enumeration value 'SFEVENT_NULL' not handled in switch [-Wswitch]
   switch (the_event) {
          ^
..\SFApp.cpp:43:10: warning: enumeration value 'SFEVENT_COLLISION' not handled in switch [-Wswitch]
..\SFApp.cpp:43:10: warning: enumeration value 'SFEVENT_LAST' not handled in switch [-Wswitch]
In file included from ..\SFBoundingBox.h:10:0,
                 from ..\SFAsset.h:16,
                 from ..\SFApp.h:14,
                 from ..\SFApp.cpp:1:
..\SFMath.h: At global scope:
..\SFMath.h:86:22: warning: 'const Vector2 xAxis()' defined but not used [-Wunused-function]
 static const Vector2 xAxis() {
                      ^
..\SFMath.h:90:22: warning: 'const Vector2 yAxis()' defined but not used [-Wunused-function]
 static const Vector2 yAxis() {
                      ^
g++ "-LF:\\Pacman_Files\\Eclipse_projects\\StarShipPacMan\\SDL2" -static-libgcc -static-libstdc++ -o StarShipPacMan.exe Main.o SFApp.o SFAsset.o SFBoundingBox.o SFEvent.o SFWindow.o -lSDL2 -lmingw32 -lSDL2main -lSDL2_image 
c:/mingw/bin/../lib/gcc/mingw32/5.3.0/../../../../mingw32/bin/ld.exe: cannot open output file StarShipPacMan.exe: Permission denied
collect2.exe: error: ld returned 1 exit status
13:14:50 **** Incremental Build of configuration Release for project StarShipPacMan ****
Info: Internal Builder is used for build
g++ "-LF:\\Pacman_Files\\Eclipse_projects\\StarShipPacMan\\SDL2" -static-libgcc -static-libstdc++ -o StarShipPacMan.exe Main.o SFApp.o SFAsset.o SFBoundingBox.o SFEvent.o SFWindow.o -lSDL2 -lmingw32 -lSDL2main -lSDL2_image 
c:/mingw/bin/../lib/gcc/mingw32/5.3.0/../../../../mingw32/bin/ld.exe: cannot open output file StarShipPacMan.exe: Permission denied
collect2.exe: error: ld returned 1 exit status
14:36:55 **** Incremental Build of configuration Release for project StarShipPacMan ****
Info: Internal Builder is used for build
g++ -O3 -Wall -c -fmessage-length=0 -std=c++11 -o SFApp.o "..\\SFApp.cpp" 
In file included from ..\SFApp.h:13:0,
                 from ..\SFApp.cpp:1:
..\SFEvent.h:4:22: fatal error: SDL2/SDL.h: No such file or directory
compilation terminated.
14:39:35 **** Incremental Build of configuration Release for project StarShipPacMan ****
Info: Internal Builder is used for build
g++ -O3 -Wall -c -fmessage-length=0 -std=c++11 -o Main.o "..\\Main.cpp" 
..\Main.cpp:1:53: fatal error: SDL2/SDL.h: No such file or directory
compilation terminated.
14:44:01 **** Incremental Build of configuration Release for project StarShipPacMan ****
Info: Internal Builder is used for build
g++ -O3 -Wall -c -fmessage-length=0 -std=c++11 -o Main.o "..\\Main.cpp" 
..\Main.cpp:1:53: fatal error: SDL2/SDL.h: No such file or directory
compilation terminated.
14:54:48 **** Incremental Build of configuration Release for project StarShipPacMan ****
Info: Internal Builder is used for build
g++ -O3 -Wall -c -fmessage-length=0 -std=c++11 -o Main.o "..\\Main.cpp" 
In file included from ..\SFBoundingBox.h:10:0,
                 from ..\SFAsset.h:16,
                 from ..\SFApp.h:14,
                 from ..\Main.cpp:7:
..\SFMath.h:86:22: warning: 'const Vector2 xAxis()' defined but not used [-Wunused-function]
 static const Vector2 xAxis() {
                      ^
..\SFMath.h:90:22: warning: 'const Vector2 yAxis()' defined but not used [-Wunused-function]
 static const Vector2 yAxis() {
                      ^
g++ -O3 -Wall -c -fmessage-length=0 -std=c++11 -o SFApp.o "..\\SFApp.cpp" 
In file included from ..\SFApp.cpp:1:0:
..\SFApp.h: In constructor 'SFApp::SFApp(std::shared_ptr<SFWindow>)':
..\SFApp.h:44:7: warning: 'SFApp::fire' will be initialized after [-Wreorder]
   int fire;
       ^
..\SFApp.h:32:27: warning:   'bool SFApp::is_running' [-Wreorder]
   bool                    is_running;
                           ^
..\SFApp.cpp:3:1: warning:   when initialized here [-Wreorder]
 SFApp::SFApp(std::shared_ptr<SFWindow> window) : fire(0), is_running(true), sf_window(window) {
 ^
..\SFApp.cpp: In member function 'void SFApp::OnEvent(SFEvent&)':
..\SFApp.cpp:43:10: warning: enumeration value 'SFEVENT_NULL' not handled in switch [-Wswitch]
   switch (the_event) {
          ^
..\SFApp.cpp:43:10: warning: enumeration value 'SFEVENT_COLLISION' not handled in switch [-Wswitch]
..\SFApp.cpp:43:10: warning: enumeration value 'SFEVENT_LAST' not handled in switch [-Wswitch]
..\SFApp.cpp: In member function 'void SFApp::OnUpdateWorld()':
..\SFApp.cpp:106:25: error: expected unqualified-id before ')' token
       }else if(alien -> ){
                         ^
In file included from ..\SFBoundingBox.h:10:0,
                 from ..\SFAsset.h:16,
                 from ..\SFApp.h:14,
                 from ..\SFApp.cpp:1:
..\SFMath.h: At global scope:
..\SFMath.h:86:22: warning: 'const Vector2 xAxis()' defined but not used [-Wunused-function]
 static const Vector2 xAxis() {
                      ^
..\SFMath.h:90:22: warning: 'const Vector2 yAxis()' defined but not used [-Wunused-function]
 static const Vector2 yAxis() {
                      ^
17:54:49 **** Incremental Build of configuration Release for project StarShipPacMan ****
Info: Internal Builder is used for build
g++ -O3 -Wall -c -fmessage-length=0 -std=c++11 -o SFApp.o "..\\SFApp.cpp" 
In file included from ..\SFApp.cpp:1:0:
..\SFApp.h: In constructor 'SFApp::SFApp(std::shared_ptr<SFWindow>)':
..\SFApp.h:44:7: warning: 'SFApp::fire' will be initialized after [-Wreorder]
   int fire;
       ^
..\SFApp.h:32:27: warning:   'bool SFApp::is_running' [-Wreorder]
   bool                    is_running;
                           ^
..\SFApp.cpp:3:1: warning:   when initialized here [-Wreorder]
 SFApp::SFApp(std::shared_ptr<SFWindow> window) : fire(0), is_running(true), sf_window(window) {
 ^
..\SFApp.cpp: In member function 'void SFApp::OnEvent(SFEvent&)':
..\SFApp.cpp:43:10: warning: enumeration value 'SFEVENT_NULL' not handled in switch [-Wswitch]
   switch (the_event) {
          ^
..\SFApp.cpp:43:10: warning: enumeration value 'SFEVENT_COLLISION' not handled in switch [-Wswitch]
..\SFApp.cpp:43:10: warning: enumeration value 'SFEVENT_LAST' not handled in switch [-Wswitch]
..\SFApp.cpp: In member function 'void SFApp::OnUpdateWorld()':
..\SFApp.cpp:106:25: error: expected unqualified-id before ')' token
       }else if(alien -> ){
                         ^
In file included from ..\SFBoundingBox.h:10:0,
                 from ..\SFAsset.h:16,
                 from ..\SFApp.h:14,
                 from ..\SFApp.cpp:1:
..\SFMath.h: At global scope:
..\SFMath.h:86:22: warning: 'const Vector2 xAxis()' defined but not used [-Wunused-function]
 static const Vector2 xAxis() {
                      ^
..\SFMath.h:90:22: warning: 'const Vector2 yAxis()' defined but not used [-Wunused-function]
 static const Vector2 yAxis() {
                      ^
17:58:00 **** Incremental Build of configuration Release for project StarShipPacMan ****
Info: Internal Builder is used for build
g++ -O3 -Wall -c -fmessage-length=0 -std=c++11 -o SFApp.o "..\\SFApp.cpp" 
In file included from ..\SFApp.cpp:1:0:
..\SFApp.h: In constructor 'SFApp::SFApp(std::shared_ptr<SFWindow>)':
..\SFApp.h:44:7: warning: 'SFApp::fire' will be initialized after [-Wreorder]
   int fire;
       ^
..\SFApp.h:32:27: warning:   'bool SFApp::is_running' [-Wreorder]
   bool                    is_running;
                           ^
..\SFApp.cpp:3:1: warning:   when initialized here [-Wreorder]
 SFApp::SFApp(std::shared_ptr<SFWindow> window) : fire(0), is_running(true), sf_window(window) {
 ^
..\SFApp.cpp: In member function 'void SFApp::OnEvent(SFEvent&)':
..\SFApp.cpp:43:10: warning: enumeration value 'SFEVENT_NULL' not handled in switch [-Wswitch]
   switch (the_event) {
          ^
..\SFApp.cpp:43:10: warning: enumeration value 'SFEVENT_COLLISION' not handled in switch [-Wswitch]
..\SFApp.cpp:43:10: warning: enumeration value 'SFEVENT_LAST' not handled in switch [-Wswitch]
..\SFApp.cpp: In member function 'void SFApp::OnUpdateWorld()':
..\SFApp.cpp:106:25: error: expected unqualified-id before ')' token
       }else if(alien -> ){
                         ^
In file included from ..\SFBoundingBox.h:10:0,
                 from ..\SFAsset.h:16,
                 from ..\SFApp.h:14,
                 from ..\SFApp.cpp:1:
..\SFMath.h: At global scope:
..\SFMath.h:86:22: warning: 'const Vector2 xAxis()' defined but not used [-Wunused-function]
 static const Vector2 xAxis() {
                      ^
..\SFMath.h:90:22: warning: 'const Vector2 yAxis()' defined but not used [-Wunused-function]
 static const Vector2 yAxis() {
                      ^
17:58:42 **** Incremental Build of configuration Release for project StarShipPacMan ****
Info: Internal Builder is used for build
g++ -O3 -Wall -c -fmessage-length=0 -std=c++11 -o SFApp.o "..\\SFApp.cpp" 
In file included from ..\SFApp.cpp:1:0:
..\SFApp.h: In constructor 'SFApp::SFApp(std::shared_ptr<SFWindow>)':
..\SFApp.h:44:7: warning: 'SFApp::fire' will be initialized after [-Wreorder]
   int fire;
       ^
..\SFApp.h:32:27: warning:   'bool SFApp::is_running' [-Wreorder]
   bool                    is_running;
                           ^
..\SFApp.cpp:3:1: warning:   when initialized here [-Wreorder]
 SFApp::SFApp(std::shared_ptr<SFWindow> window) : fire(0), is_running(true), sf_window(window) {
 ^
..\SFApp.cpp: In member function 'void SFApp::OnEvent(SFEvent&)':
..\SFApp.cpp:43:10: warning: enumeration value 'SFEVENT_NULL' not handled in switch [-Wswitch]
   switch (the_event) {
          ^
..\SFApp.cpp:43:10: warning: enumeration value 'SFEVENT_COLLISION' not handled in switch [-Wswitch]
..\SFApp.cpp:43:10: warning: enumeration value 'SFEVENT_LAST' not handled in switch [-Wswitch]
..\SFApp.cpp: In member function 'void SFApp::OnUpdateWorld()':
..\SFApp.cpp:106:25: error: expected unqualified-id before ')' token
       }else if(alien -> ){
                         ^
In file included from ..\SFBoundingBox.h:10:0,
                 from ..\SFAsset.h:16,
                 from ..\SFApp.h:14,
                 from ..\SFApp.cpp:1:
..\SFMath.h: At global scope:
..\SFMath.h:86:22: warning: 'const Vector2 xAxis()' defined but not used [-Wunused-function]
 static const Vector2 xAxis() {
                      ^
..\SFMath.h:90:22: warning: 'const Vector2 yAxis()' defined but not used [-Wunused-function]
 static const Vector2 yAxis() {
                      ^
18:03:08 **** Incremental Build of configuration Release for project StarShipPacMan ****
Info: Internal Builder is used for build
g++ -O3 -Wall -c -fmessage-length=0 -std=c++11 -o SFApp.o "..\\SFApp.cpp" 
In file included from ..\SFApp.cpp:1:0:
..\SFApp.h: In constructor 'SFApp::SFApp(std::shared_ptr<SFWindow>)':
..\SFApp.h:44:7: warning: 'SFApp::fire' will be initialized after [-Wreorder]
   int fire;
       ^
..\SFApp.h:32:27: warning:   'bool SFApp::is_running' [-Wreorder]
   bool                    is_running;
                           ^
..\SFApp.cpp:3:1: warning:   when initialized here [-Wreorder]
 SFApp::SFApp(std::shared_ptr<SFWindow> window) : fire(0), is_running(true), sf_window(window) {
 ^
..\SFApp.cpp: In member function 'void SFApp::OnEvent(SFEvent&)':
..\SFApp.cpp:43:10: warning: enumeration value 'SFEVENT_NULL' not handled in switch [-Wswitch]
   switch (the_event) {
          ^
..\SFApp.cpp:43:10: warning: enumeration value 'SFEVENT_COLLISION' not handled in switch [-Wswitch]
..\SFApp.cpp:43:10: warning: enumeration value 'SFEVENT_LAST' not handled in switch [-Wswitch]
In file included from ..\SFBoundingBox.h:10:0,
                 from ..\SFAsset.h:16,
                 from ..\SFApp.h:14,
                 from ..\SFApp.cpp:1:
..\SFMath.h: At global scope:
..\SFMath.h:86:22: warning: 'const Vector2 xAxis()' defined but not used [-Wunused-function]
 static const Vector2 xAxis() {
                      ^
..\SFMath.h:90:22: warning: 'const Vector2 yAxis()' defined but not used [-Wunused-function]
 static const Vector2 yAxis() {
                      ^
g++ "-LF:\\Pacman_Files\\Eclipse_projects\\StarShipPacMan\\SDL2" -static-libgcc -static-libstdc++ -o StarShipPacMan.exe Main.o SFApp.o SFAsset.o SFBoundingBox.o SFEvent.o SFWindow.o -lSDL2 -lmingw32 -lSDL2main -lSDL2_image 
Info: Nothing to build for StarShipPacMan
18:04:29 **** Incremental Build of configuration Release for project StarShipPacMan ****
Info: Internal Builder is used for build
g++ -O3 -Wall -c -fmessage-length=0 -std=c++11 -o SFApp.o "..\\SFApp.cpp" 
In file included from ..\SFApp.cpp:1:0:
..\SFApp.h: In constructor 'SFApp::SFApp(std::shared_ptr<SFWindow>)':
..\SFApp.h:44:7: warning: 'SFApp::fire' will be initialized after [-Wreorder]
   int fire;
       ^
..\SFApp.h:32:27: warning:   'bool SFApp::is_running' [-Wreorder]
   bool                    is_running;
                           ^
..\SFApp.cpp:3:1: warning:   when initialized here [-Wreorder]
 SFApp::SFApp(std::shared_ptr<SFWindow> window) : fire(0), is_running(true), sf_window(window) {
 ^
..\SFApp.cpp: In member function 'void SFApp::OnEvent(SFEvent&)':
..\SFApp.cpp:43:10: warning: enumeration value 'SFEVENT_NULL' not handled in switch [-Wswitch]
   switch (the_event) {
          ^
..\SFApp.cpp:43:10: warning: enumeration value 'SFEVENT_COLLISION' not handled in switch [-Wswitch]
..\SFApp.cpp:43:10: warning: enumeration value 'SFEVENT_LAST' not handled in switch [-Wswitch]
In file included from ..\SFBoundingBox.h:10:0,
                 from ..\SFAsset.h:16,
                 from ..\SFApp.h:14,
                 from ..\SFApp.cpp:1:
..\SFMath.h: At global scope:
..\SFMath.h:86:22: warning: 'const Vector2 xAxis()' defined but not used [-Wunused-function]
 static const Vector2 xAxis() {
                      ^
..\SFMath.h:90:22: warning: 'const Vector2 yAxis()' defined but not used [-Wunused-function]
 static const Vector2 yAxis() {
                      ^
g++ "-LF:\\Pacman_Files\\Eclipse_projects\\StarShipPacMan\\SDL2" -static-libgcc -static-libstdc++ -o StarShipPacMan.exe Main.o SFApp.o SFAsset.o SFBoundingBox.o SFEvent.o SFWindow.o -lSDL2 -lmingw32 -lSDL2main -lSDL2_image 
18:05:55 **** Incremental Build of configuration Release for project StarShipPacMan ****
Info: Internal Builder is used for build
g++ -O3 -Wall -c -fmessage-length=0 -std=c++11 -o SFApp.o "..\\SFApp.cpp" 
In file included from ..\SFApp.cpp:1:0:
..\SFApp.h: In constructor 'SFApp::SFApp(std::shared_ptr<SFWindow>)':
..\SFApp.h:44:7: warning: 'SFApp::fire' will be initialized after [-Wreorder]
   int fire;
       ^
..\SFApp.h:32:27: warning:   'bool SFApp::is_running' [-Wreorder]
   bool                    is_running;
                           ^
..\SFApp.cpp:3:1: warning:   when initialized here [-Wreorder]
 SFApp::SFApp(std::shared_ptr<SFWindow> window) : fire(0), is_running(true), sf_window(window) {
 ^
..\SFApp.cpp: In member function 'void SFApp::OnEvent(SFEvent&)':
..\SFApp.cpp:43:10: warning: enumeration value 'SFEVENT_NULL' not handled in switch [-Wswitch]
   switch (the_event) {
          ^
..\SFApp.cpp:43:10: warning: enumeration value 'SFEVENT_COLLISION' not handled in switch [-Wswitch]
..\SFApp.cpp:43:10: warning: enumeration value 'SFEVENT_LAST' not handled in switch [-Wswitch]
In file included from ..\SFBoundingBox.h:10:0,
                 from ..\SFAsset.h:16,
                 from ..\SFApp.h:14,
                 from ..\SFApp.cpp:1:
..\SFMath.h: At global scope:
..\SFMath.h:86:22: warning: 'const Vector2 xAxis()' defined but not used [-Wunused-function]
 static const Vector2 xAxis() {
                      ^
..\SFMath.h:90:22: warning: 'const Vector2 yAxis()' defined but not used [-Wunused-function]
 static const Vector2 yAxis() {
                      ^
g++ "-LF:\\Pacman_Files\\Eclipse_projects\\StarShipPacMan\\SDL2" -static-libgcc -static-libstdc++ -o StarShipPacMan.exe Main.o SFApp.o SFAsset.o SFBoundingBox.o SFEvent.o SFWindow.o -lSDL2 -lmingw32 -lSDL2main -lSDL2_image 
Info: Nothing to build for StarShipPacMan
Info: Nothing to build for StarShipPacMan
